[2022-03-22 11:43:45,325] {processor.py:163} INFO - Started process (PID=75) to work on /home/airflow/.local/lib/python3.7/site-packages/airflow/example_dags/example_latest_only_with_trigger.py
[2022-03-22 11:43:45,326] {processor.py:642} INFO - Processing file /home/airflow/.local/lib/python3.7/site-packages/airflow/example_dags/example_latest_only_with_trigger.py for tasks to queue
[2022-03-22 11:43:45,327] {logging_mixin.py:109} INFO - [2022-03-22 11:43:45,327] {dagbag.py:500} INFO - Filling up the DagBag from /home/airflow/.local/lib/python3.7/site-packages/airflow/example_dags/example_latest_only_with_trigger.py
[2022-03-22 11:43:45,408] {processor.py:654} INFO - DAG(s) dict_keys(['latest_only_with_trigger']) retrieved from /home/airflow/.local/lib/python3.7/site-packages/airflow/example_dags/example_latest_only_with_trigger.py
[2022-03-22 11:43:45,441] {logging_mixin.py:109} INFO - [2022-03-22 11:43:45,440] {dag.py:2398} INFO - Sync 1 DAGs
[2022-03-22 11:43:45,496] {logging_mixin.py:109} INFO - [2022-03-22 11:43:45,495] {dag.py:2937} INFO - Setting next_dagrun for latest_only_with_trigger to 2022-03-22T07:43:45.495281+00:00
[2022-03-22 11:43:45,523] {processor.py:171} INFO - Processing /home/airflow/.local/lib/python3.7/site-packages/airflow/example_dags/example_latest_only_with_trigger.py took 0.202 seconds
[2022-03-22 11:44:15,758] {processor.py:163} INFO - Started process (PID=126) to work on /home/airflow/.local/lib/python3.7/site-packages/airflow/example_dags/example_latest_only_with_trigger.py
[2022-03-22 11:44:15,760] {processor.py:642} INFO - Processing file /home/airflow/.local/lib/python3.7/site-packages/airflow/example_dags/example_latest_only_with_trigger.py for tasks to queue
[2022-03-22 11:44:15,761] {logging_mixin.py:109} INFO - [2022-03-22 11:44:15,760] {dagbag.py:500} INFO - Filling up the DagBag from /home/airflow/.local/lib/python3.7/site-packages/airflow/example_dags/example_latest_only_with_trigger.py
[2022-03-22 11:44:15,821] {processor.py:654} INFO - DAG(s) dict_keys(['latest_only_with_trigger']) retrieved from /home/airflow/.local/lib/python3.7/site-packages/airflow/example_dags/example_latest_only_with_trigger.py
[2022-03-22 11:44:15,844] {logging_mixin.py:109} INFO - [2022-03-22 11:44:15,844] {dag.py:2398} INFO - Sync 1 DAGs
[2022-03-22 11:44:15,874] {logging_mixin.py:109} INFO - [2022-03-22 11:44:15,874] {dag.py:2937} INFO - Setting next_dagrun for latest_only_with_trigger to 2022-03-22T07:44:15.873960+00:00
[2022-03-22 11:44:15,893] {processor.py:171} INFO - Processing /home/airflow/.local/lib/python3.7/site-packages/airflow/example_dags/example_latest_only_with_trigger.py took 0.139 seconds
[2022-03-22 11:44:46,151] {processor.py:163} INFO - Started process (PID=176) to work on /home/airflow/.local/lib/python3.7/site-packages/airflow/example_dags/example_latest_only_with_trigger.py
[2022-03-22 11:44:46,152] {processor.py:642} INFO - Processing file /home/airflow/.local/lib/python3.7/site-packages/airflow/example_dags/example_latest_only_with_trigger.py for tasks to queue
[2022-03-22 11:44:46,153] {logging_mixin.py:109} INFO - [2022-03-22 11:44:46,153] {dagbag.py:500} INFO - Filling up the DagBag from /home/airflow/.local/lib/python3.7/site-packages/airflow/example_dags/example_latest_only_with_trigger.py
[2022-03-22 11:44:46,192] {processor.py:654} INFO - DAG(s) dict_keys(['latest_only_with_trigger']) retrieved from /home/airflow/.local/lib/python3.7/site-packages/airflow/example_dags/example_latest_only_with_trigger.py
[2022-03-22 11:44:46,209] {logging_mixin.py:109} INFO - [2022-03-22 11:44:46,209] {dag.py:2398} INFO - Sync 1 DAGs
[2022-03-22 11:44:46,244] {logging_mixin.py:109} INFO - [2022-03-22 11:44:46,243] {dag.py:2937} INFO - Setting next_dagrun for latest_only_with_trigger to 2022-03-22T07:44:46.243333+00:00
[2022-03-22 11:44:46,261] {processor.py:171} INFO - Processing /home/airflow/.local/lib/python3.7/site-packages/airflow/example_dags/example_latest_only_with_trigger.py took 0.114 seconds
[2022-03-22 11:45:17,016] {processor.py:163} INFO - Started process (PID=228) to work on /home/airflow/.local/lib/python3.7/site-packages/airflow/example_dags/example_latest_only_with_trigger.py
[2022-03-22 11:45:17,017] {processor.py:642} INFO - Processing file /home/airflow/.local/lib/python3.7/site-packages/airflow/example_dags/example_latest_only_with_trigger.py for tasks to queue
[2022-03-22 11:45:17,017] {logging_mixin.py:109} INFO - [2022-03-22 11:45:17,017] {dagbag.py:500} INFO - Filling up the DagBag from /home/airflow/.local/lib/python3.7/site-packages/airflow/example_dags/example_latest_only_with_trigger.py
[2022-03-22 11:45:17,059] {processor.py:654} INFO - DAG(s) dict_keys(['latest_only_with_trigger']) retrieved from /home/airflow/.local/lib/python3.7/site-packages/airflow/example_dags/example_latest_only_with_trigger.py
[2022-03-22 11:45:17,076] {logging_mixin.py:109} INFO - [2022-03-22 11:45:17,076] {dag.py:2398} INFO - Sync 1 DAGs
[2022-03-22 11:45:17,106] {logging_mixin.py:109} INFO - [2022-03-22 11:45:17,106] {dag.py:2937} INFO - Setting next_dagrun for latest_only_with_trigger to 2022-03-22T07:45:17.105919+00:00
[2022-03-22 11:45:17,130] {processor.py:171} INFO - Processing /home/airflow/.local/lib/python3.7/site-packages/airflow/example_dags/example_latest_only_with_trigger.py took 0.118 seconds
[2022-03-22 11:45:47,739] {processor.py:163} INFO - Started process (PID=279) to work on /home/airflow/.local/lib/python3.7/site-packages/airflow/example_dags/example_latest_only_with_trigger.py
[2022-03-22 11:45:47,741] {processor.py:642} INFO - Processing file /home/airflow/.local/lib/python3.7/site-packages/airflow/example_dags/example_latest_only_with_trigger.py for tasks to queue
[2022-03-22 11:45:47,743] {logging_mixin.py:109} INFO - [2022-03-22 11:45:47,743] {dagbag.py:500} INFO - Filling up the DagBag from /home/airflow/.local/lib/python3.7/site-packages/airflow/example_dags/example_latest_only_with_trigger.py
[2022-03-22 11:45:47,808] {processor.py:654} INFO - DAG(s) dict_keys(['latest_only_with_trigger']) retrieved from /home/airflow/.local/lib/python3.7/site-packages/airflow/example_dags/example_latest_only_with_trigger.py
[2022-03-22 11:45:47,824] {logging_mixin.py:109} INFO - [2022-03-22 11:45:47,824] {dag.py:2398} INFO - Sync 1 DAGs
[2022-03-22 11:45:47,860] {logging_mixin.py:109} INFO - [2022-03-22 11:45:47,860] {dag.py:2937} INFO - Setting next_dagrun for latest_only_with_trigger to 2022-03-22T07:45:47.859622+00:00
[2022-03-22 11:45:47,880] {processor.py:171} INFO - Processing /home/airflow/.local/lib/python3.7/site-packages/airflow/example_dags/example_latest_only_with_trigger.py took 0.146 seconds
[2022-03-22 11:46:18,398] {processor.py:163} INFO - Started process (PID=330) to work on /home/airflow/.local/lib/python3.7/site-packages/airflow/example_dags/example_latest_only_with_trigger.py
[2022-03-22 11:46:18,406] {processor.py:642} INFO - Processing file /home/airflow/.local/lib/python3.7/site-packages/airflow/example_dags/example_latest_only_with_trigger.py for tasks to queue
[2022-03-22 11:46:18,408] {logging_mixin.py:109} INFO - [2022-03-22 11:46:18,408] {dagbag.py:500} INFO - Filling up the DagBag from /home/airflow/.local/lib/python3.7/site-packages/airflow/example_dags/example_latest_only_with_trigger.py
[2022-03-22 11:46:18,459] {processor.py:654} INFO - DAG(s) dict_keys(['latest_only_with_trigger']) retrieved from /home/airflow/.local/lib/python3.7/site-packages/airflow/example_dags/example_latest_only_with_trigger.py
[2022-03-22 11:46:18,476] {logging_mixin.py:109} INFO - [2022-03-22 11:46:18,475] {dag.py:2398} INFO - Sync 1 DAGs
[2022-03-22 11:46:18,506] {logging_mixin.py:109} INFO - [2022-03-22 11:46:18,505] {dag.py:2937} INFO - Setting next_dagrun for latest_only_with_trigger to 2022-03-22T07:46:18.505544+00:00
[2022-03-22 11:46:18,530] {processor.py:171} INFO - Processing /home/airflow/.local/lib/python3.7/site-packages/airflow/example_dags/example_latest_only_with_trigger.py took 0.135 seconds
[2022-03-22 11:46:49,006] {processor.py:163} INFO - Started process (PID=382) to work on /home/airflow/.local/lib/python3.7/site-packages/airflow/example_dags/example_latest_only_with_trigger.py
[2022-03-22 11:46:49,008] {processor.py:642} INFO - Processing file /home/airflow/.local/lib/python3.7/site-packages/airflow/example_dags/example_latest_only_with_trigger.py for tasks to queue
[2022-03-22 11:46:49,008] {logging_mixin.py:109} INFO - [2022-03-22 11:46:49,008] {dagbag.py:500} INFO - Filling up the DagBag from /home/airflow/.local/lib/python3.7/site-packages/airflow/example_dags/example_latest_only_with_trigger.py
[2022-03-22 11:46:49,113] {processor.py:654} INFO - DAG(s) dict_keys(['latest_only_with_trigger']) retrieved from /home/airflow/.local/lib/python3.7/site-packages/airflow/example_dags/example_latest_only_with_trigger.py
[2022-03-22 11:46:49,132] {logging_mixin.py:109} INFO - [2022-03-22 11:46:49,132] {dag.py:2398} INFO - Sync 1 DAGs
[2022-03-22 11:46:49,168] {logging_mixin.py:109} INFO - [2022-03-22 11:46:49,168] {dag.py:2937} INFO - Setting next_dagrun for latest_only_with_trigger to 2022-03-22T07:46:49.167778+00:00
[2022-03-22 11:46:49,186] {processor.py:171} INFO - Processing /home/airflow/.local/lib/python3.7/site-packages/airflow/example_dags/example_latest_only_with_trigger.py took 0.185 seconds
[2022-03-22 11:47:19,728] {processor.py:163} INFO - Started process (PID=433) to work on /home/airflow/.local/lib/python3.7/site-packages/airflow/example_dags/example_latest_only_with_trigger.py
[2022-03-22 11:47:19,730] {processor.py:642} INFO - Processing file /home/airflow/.local/lib/python3.7/site-packages/airflow/example_dags/example_latest_only_with_trigger.py for tasks to queue
[2022-03-22 11:47:19,730] {logging_mixin.py:109} INFO - [2022-03-22 11:47:19,730] {dagbag.py:500} INFO - Filling up the DagBag from /home/airflow/.local/lib/python3.7/site-packages/airflow/example_dags/example_latest_only_with_trigger.py
[2022-03-22 11:47:19,774] {processor.py:654} INFO - DAG(s) dict_keys(['latest_only_with_trigger']) retrieved from /home/airflow/.local/lib/python3.7/site-packages/airflow/example_dags/example_latest_only_with_trigger.py
[2022-03-22 11:47:19,789] {logging_mixin.py:109} INFO - [2022-03-22 11:47:19,789] {dag.py:2398} INFO - Sync 1 DAGs
[2022-03-22 11:47:19,815] {logging_mixin.py:109} INFO - [2022-03-22 11:47:19,815] {dag.py:2937} INFO - Setting next_dagrun for latest_only_with_trigger to 2022-03-22T07:47:19.814924+00:00
[2022-03-22 11:47:19,840] {processor.py:171} INFO - Processing /home/airflow/.local/lib/python3.7/site-packages/airflow/example_dags/example_latest_only_with_trigger.py took 0.114 seconds
[2022-03-22 11:47:51,001] {processor.py:163} INFO - Started process (PID=484) to work on /home/airflow/.local/lib/python3.7/site-packages/airflow/example_dags/example_latest_only_with_trigger.py
[2022-03-22 11:47:51,003] {processor.py:642} INFO - Processing file /home/airflow/.local/lib/python3.7/site-packages/airflow/example_dags/example_latest_only_with_trigger.py for tasks to queue
[2022-03-22 11:47:51,004] {logging_mixin.py:109} INFO - [2022-03-22 11:47:51,004] {dagbag.py:500} INFO - Filling up the DagBag from /home/airflow/.local/lib/python3.7/site-packages/airflow/example_dags/example_latest_only_with_trigger.py
[2022-03-22 11:47:51,059] {processor.py:654} INFO - DAG(s) dict_keys(['latest_only_with_trigger']) retrieved from /home/airflow/.local/lib/python3.7/site-packages/airflow/example_dags/example_latest_only_with_trigger.py
[2022-03-22 11:47:51,075] {logging_mixin.py:109} INFO - [2022-03-22 11:47:51,075] {dag.py:2398} INFO - Sync 1 DAGs
[2022-03-22 11:47:51,101] {logging_mixin.py:109} INFO - [2022-03-22 11:47:51,101] {dag.py:2937} INFO - Setting next_dagrun for latest_only_with_trigger to 2022-03-22T07:47:51.101172+00:00
[2022-03-22 11:47:51,119] {processor.py:171} INFO - Processing /home/airflow/.local/lib/python3.7/site-packages/airflow/example_dags/example_latest_only_with_trigger.py took 0.121 seconds
[2022-03-22 11:48:21,946] {processor.py:163} INFO - Started process (PID=535) to work on /home/airflow/.local/lib/python3.7/site-packages/airflow/example_dags/example_latest_only_with_trigger.py
[2022-03-22 11:48:21,948] {processor.py:642} INFO - Processing file /home/airflow/.local/lib/python3.7/site-packages/airflow/example_dags/example_latest_only_with_trigger.py for tasks to queue
[2022-03-22 11:48:21,949] {logging_mixin.py:109} INFO - [2022-03-22 11:48:21,949] {dagbag.py:500} INFO - Filling up the DagBag from /home/airflow/.local/lib/python3.7/site-packages/airflow/example_dags/example_latest_only_with_trigger.py
[2022-03-22 11:48:22,001] {processor.py:654} INFO - DAG(s) dict_keys(['latest_only_with_trigger']) retrieved from /home/airflow/.local/lib/python3.7/site-packages/airflow/example_dags/example_latest_only_with_trigger.py
[2022-03-22 11:48:22,021] {logging_mixin.py:109} INFO - [2022-03-22 11:48:22,021] {dag.py:2398} INFO - Sync 1 DAGs
[2022-03-22 11:48:22,046] {logging_mixin.py:109} INFO - [2022-03-22 11:48:22,046] {dag.py:2937} INFO - Setting next_dagrun for latest_only_with_trigger to 2022-03-22T07:48:22.046434+00:00
[2022-03-22 11:48:22,062] {processor.py:171} INFO - Processing /home/airflow/.local/lib/python3.7/site-packages/airflow/example_dags/example_latest_only_with_trigger.py took 0.118 seconds
[2022-03-22 11:48:52,595] {processor.py:163} INFO - Started process (PID=587) to work on /home/airflow/.local/lib/python3.7/site-packages/airflow/example_dags/example_latest_only_with_trigger.py
[2022-03-22 11:48:52,596] {processor.py:642} INFO - Processing file /home/airflow/.local/lib/python3.7/site-packages/airflow/example_dags/example_latest_only_with_trigger.py for tasks to queue
[2022-03-22 11:48:52,598] {logging_mixin.py:109} INFO - [2022-03-22 11:48:52,597] {dagbag.py:500} INFO - Filling up the DagBag from /home/airflow/.local/lib/python3.7/site-packages/airflow/example_dags/example_latest_only_with_trigger.py
[2022-03-22 11:48:52,644] {processor.py:654} INFO - DAG(s) dict_keys(['latest_only_with_trigger']) retrieved from /home/airflow/.local/lib/python3.7/site-packages/airflow/example_dags/example_latest_only_with_trigger.py
[2022-03-22 11:48:52,659] {logging_mixin.py:109} INFO - [2022-03-22 11:48:52,659] {dag.py:2398} INFO - Sync 1 DAGs
[2022-03-22 11:48:52,685] {logging_mixin.py:109} INFO - [2022-03-22 11:48:52,685] {dag.py:2937} INFO - Setting next_dagrun for latest_only_with_trigger to 2022-03-22T07:48:52.684982+00:00
[2022-03-22 11:48:52,701] {processor.py:171} INFO - Processing /home/airflow/.local/lib/python3.7/site-packages/airflow/example_dags/example_latest_only_with_trigger.py took 0.110 seconds
