[2022-03-22 11:43:43,653] {processor.py:163} INFO - Started process (PID=67) to work on /home/airflow/.local/lib/python3.7/site-packages/airflow/example_dags/example_branch_operator.py
[2022-03-22 11:43:43,654] {processor.py:642} INFO - Processing file /home/airflow/.local/lib/python3.7/site-packages/airflow/example_dags/example_branch_operator.py for tasks to queue
[2022-03-22 11:43:43,655] {logging_mixin.py:109} INFO - [2022-03-22 11:43:43,655] {dagbag.py:500} INFO - Filling up the DagBag from /home/airflow/.local/lib/python3.7/site-packages/airflow/example_dags/example_branch_operator.py
[2022-03-22 11:43:43,704] {processor.py:654} INFO - DAG(s) dict_keys(['example_branch_operator']) retrieved from /home/airflow/.local/lib/python3.7/site-packages/airflow/example_dags/example_branch_operator.py
[2022-03-22 11:43:43,721] {logging_mixin.py:109} INFO - [2022-03-22 11:43:43,720] {dag.py:2398} INFO - Sync 1 DAGs
[2022-03-22 11:43:43,756] {logging_mixin.py:109} INFO - [2022-03-22 11:43:43,756] {dag.py:2937} INFO - Setting next_dagrun for example_branch_operator to 2022-03-21 00:00:00+00:00
[2022-03-22 11:43:43,773] {processor.py:171} INFO - Processing /home/airflow/.local/lib/python3.7/site-packages/airflow/example_dags/example_branch_operator.py took 0.123 seconds
[2022-03-22 11:44:14,510] {processor.py:163} INFO - Started process (PID=117) to work on /home/airflow/.local/lib/python3.7/site-packages/airflow/example_dags/example_branch_operator.py
[2022-03-22 11:44:14,511] {processor.py:642} INFO - Processing file /home/airflow/.local/lib/python3.7/site-packages/airflow/example_dags/example_branch_operator.py for tasks to queue
[2022-03-22 11:44:14,511] {logging_mixin.py:109} INFO - [2022-03-22 11:44:14,511] {dagbag.py:500} INFO - Filling up the DagBag from /home/airflow/.local/lib/python3.7/site-packages/airflow/example_dags/example_branch_operator.py
[2022-03-22 11:44:14,570] {processor.py:654} INFO - DAG(s) dict_keys(['example_branch_operator']) retrieved from /home/airflow/.local/lib/python3.7/site-packages/airflow/example_dags/example_branch_operator.py
[2022-03-22 11:44:14,592] {logging_mixin.py:109} INFO - [2022-03-22 11:44:14,592] {dag.py:2398} INFO - Sync 1 DAGs
[2022-03-22 11:44:14,618] {logging_mixin.py:109} INFO - [2022-03-22 11:44:14,618] {dag.py:2937} INFO - Setting next_dagrun for example_branch_operator to 2022-03-21 00:00:00+00:00
[2022-03-22 11:44:14,635] {processor.py:171} INFO - Processing /home/airflow/.local/lib/python3.7/site-packages/airflow/example_dags/example_branch_operator.py took 0.130 seconds
[2022-03-22 11:44:45,177] {processor.py:163} INFO - Started process (PID=167) to work on /home/airflow/.local/lib/python3.7/site-packages/airflow/example_dags/example_branch_operator.py
[2022-03-22 11:44:45,178] {processor.py:642} INFO - Processing file /home/airflow/.local/lib/python3.7/site-packages/airflow/example_dags/example_branch_operator.py for tasks to queue
[2022-03-22 11:44:45,180] {logging_mixin.py:109} INFO - [2022-03-22 11:44:45,179] {dagbag.py:500} INFO - Filling up the DagBag from /home/airflow/.local/lib/python3.7/site-packages/airflow/example_dags/example_branch_operator.py
[2022-03-22 11:44:45,236] {processor.py:654} INFO - DAG(s) dict_keys(['example_branch_operator']) retrieved from /home/airflow/.local/lib/python3.7/site-packages/airflow/example_dags/example_branch_operator.py
[2022-03-22 11:44:45,258] {logging_mixin.py:109} INFO - [2022-03-22 11:44:45,257] {dag.py:2398} INFO - Sync 1 DAGs
[2022-03-22 11:44:45,285] {logging_mixin.py:109} INFO - [2022-03-22 11:44:45,285] {dag.py:2937} INFO - Setting next_dagrun for example_branch_operator to 2022-03-21 00:00:00+00:00
[2022-03-22 11:44:45,305] {processor.py:171} INFO - Processing /home/airflow/.local/lib/python3.7/site-packages/airflow/example_dags/example_branch_operator.py took 0.131 seconds
[2022-03-22 11:45:15,873] {processor.py:163} INFO - Started process (PID=219) to work on /home/airflow/.local/lib/python3.7/site-packages/airflow/example_dags/example_branch_operator.py
[2022-03-22 11:45:15,874] {processor.py:642} INFO - Processing file /home/airflow/.local/lib/python3.7/site-packages/airflow/example_dags/example_branch_operator.py for tasks to queue
[2022-03-22 11:45:15,876] {logging_mixin.py:109} INFO - [2022-03-22 11:45:15,876] {dagbag.py:500} INFO - Filling up the DagBag from /home/airflow/.local/lib/python3.7/site-packages/airflow/example_dags/example_branch_operator.py
[2022-03-22 11:45:15,932] {processor.py:654} INFO - DAG(s) dict_keys(['example_branch_operator']) retrieved from /home/airflow/.local/lib/python3.7/site-packages/airflow/example_dags/example_branch_operator.py
[2022-03-22 11:45:15,952] {logging_mixin.py:109} INFO - [2022-03-22 11:45:15,951] {dag.py:2398} INFO - Sync 1 DAGs
[2022-03-22 11:45:15,987] {logging_mixin.py:109} INFO - [2022-03-22 11:45:15,987] {dag.py:2937} INFO - Setting next_dagrun for example_branch_operator to 2022-03-21 00:00:00+00:00
[2022-03-22 11:45:16,008] {processor.py:171} INFO - Processing /home/airflow/.local/lib/python3.7/site-packages/airflow/example_dags/example_branch_operator.py took 0.140 seconds
[2022-03-22 11:45:46,531] {processor.py:163} INFO - Started process (PID=270) to work on /home/airflow/.local/lib/python3.7/site-packages/airflow/example_dags/example_branch_operator.py
[2022-03-22 11:45:46,533] {processor.py:642} INFO - Processing file /home/airflow/.local/lib/python3.7/site-packages/airflow/example_dags/example_branch_operator.py for tasks to queue
[2022-03-22 11:45:46,534] {logging_mixin.py:109} INFO - [2022-03-22 11:45:46,534] {dagbag.py:500} INFO - Filling up the DagBag from /home/airflow/.local/lib/python3.7/site-packages/airflow/example_dags/example_branch_operator.py
[2022-03-22 11:45:46,581] {processor.py:654} INFO - DAG(s) dict_keys(['example_branch_operator']) retrieved from /home/airflow/.local/lib/python3.7/site-packages/airflow/example_dags/example_branch_operator.py
[2022-03-22 11:45:46,605] {logging_mixin.py:109} INFO - [2022-03-22 11:45:46,605] {dag.py:2398} INFO - Sync 1 DAGs
[2022-03-22 11:45:46,642] {logging_mixin.py:109} INFO - [2022-03-22 11:45:46,642] {dag.py:2937} INFO - Setting next_dagrun for example_branch_operator to 2022-03-21 00:00:00+00:00
[2022-03-22 11:45:46,661] {processor.py:171} INFO - Processing /home/airflow/.local/lib/python3.7/site-packages/airflow/example_dags/example_branch_operator.py took 0.133 seconds
[2022-03-22 11:46:17,111] {processor.py:163} INFO - Started process (PID=321) to work on /home/airflow/.local/lib/python3.7/site-packages/airflow/example_dags/example_branch_operator.py
[2022-03-22 11:46:17,112] {processor.py:642} INFO - Processing file /home/airflow/.local/lib/python3.7/site-packages/airflow/example_dags/example_branch_operator.py for tasks to queue
[2022-03-22 11:46:17,113] {logging_mixin.py:109} INFO - [2022-03-22 11:46:17,113] {dagbag.py:500} INFO - Filling up the DagBag from /home/airflow/.local/lib/python3.7/site-packages/airflow/example_dags/example_branch_operator.py
[2022-03-22 11:46:17,164] {processor.py:654} INFO - DAG(s) dict_keys(['example_branch_operator']) retrieved from /home/airflow/.local/lib/python3.7/site-packages/airflow/example_dags/example_branch_operator.py
[2022-03-22 11:46:17,186] {logging_mixin.py:109} INFO - [2022-03-22 11:46:17,186] {dag.py:2398} INFO - Sync 1 DAGs
[2022-03-22 11:46:17,221] {logging_mixin.py:109} INFO - [2022-03-22 11:46:17,220] {dag.py:2937} INFO - Setting next_dagrun for example_branch_operator to 2022-03-21 00:00:00+00:00
[2022-03-22 11:46:17,248] {processor.py:171} INFO - Processing /home/airflow/.local/lib/python3.7/site-packages/airflow/example_dags/example_branch_operator.py took 0.140 seconds
[2022-03-22 11:46:48,009] {processor.py:163} INFO - Started process (PID=373) to work on /home/airflow/.local/lib/python3.7/site-packages/airflow/example_dags/example_branch_operator.py
[2022-03-22 11:46:48,011] {processor.py:642} INFO - Processing file /home/airflow/.local/lib/python3.7/site-packages/airflow/example_dags/example_branch_operator.py for tasks to queue
[2022-03-22 11:46:48,011] {logging_mixin.py:109} INFO - [2022-03-22 11:46:48,011] {dagbag.py:500} INFO - Filling up the DagBag from /home/airflow/.local/lib/python3.7/site-packages/airflow/example_dags/example_branch_operator.py
[2022-03-22 11:46:48,071] {processor.py:654} INFO - DAG(s) dict_keys(['example_branch_operator']) retrieved from /home/airflow/.local/lib/python3.7/site-packages/airflow/example_dags/example_branch_operator.py
[2022-03-22 11:46:48,093] {logging_mixin.py:109} INFO - [2022-03-22 11:46:48,093] {dag.py:2398} INFO - Sync 1 DAGs
[2022-03-22 11:46:48,125] {logging_mixin.py:109} INFO - [2022-03-22 11:46:48,124] {dag.py:2937} INFO - Setting next_dagrun for example_branch_operator to 2022-03-21 00:00:00+00:00
[2022-03-22 11:46:48,157] {processor.py:171} INFO - Processing /home/airflow/.local/lib/python3.7/site-packages/airflow/example_dags/example_branch_operator.py took 0.153 seconds
[2022-03-22 11:47:18,293] {processor.py:163} INFO - Started process (PID=423) to work on /home/airflow/.local/lib/python3.7/site-packages/airflow/example_dags/example_branch_operator.py
[2022-03-22 11:47:18,294] {processor.py:642} INFO - Processing file /home/airflow/.local/lib/python3.7/site-packages/airflow/example_dags/example_branch_operator.py for tasks to queue
[2022-03-22 11:47:18,295] {logging_mixin.py:109} INFO - [2022-03-22 11:47:18,295] {dagbag.py:500} INFO - Filling up the DagBag from /home/airflow/.local/lib/python3.7/site-packages/airflow/example_dags/example_branch_operator.py
[2022-03-22 11:47:18,341] {processor.py:654} INFO - DAG(s) dict_keys(['example_branch_operator']) retrieved from /home/airflow/.local/lib/python3.7/site-packages/airflow/example_dags/example_branch_operator.py
[2022-03-22 11:47:18,358] {logging_mixin.py:109} INFO - [2022-03-22 11:47:18,358] {dag.py:2398} INFO - Sync 1 DAGs
[2022-03-22 11:47:18,394] {logging_mixin.py:109} INFO - [2022-03-22 11:47:18,394] {dag.py:2937} INFO - Setting next_dagrun for example_branch_operator to 2022-03-21 00:00:00+00:00
[2022-03-22 11:47:18,417] {processor.py:171} INFO - Processing /home/airflow/.local/lib/python3.7/site-packages/airflow/example_dags/example_branch_operator.py took 0.129 seconds
[2022-03-22 11:47:49,138] {processor.py:163} INFO - Started process (PID=474) to work on /home/airflow/.local/lib/python3.7/site-packages/airflow/example_dags/example_branch_operator.py
[2022-03-22 11:47:49,140] {processor.py:642} INFO - Processing file /home/airflow/.local/lib/python3.7/site-packages/airflow/example_dags/example_branch_operator.py for tasks to queue
[2022-03-22 11:47:49,141] {logging_mixin.py:109} INFO - [2022-03-22 11:47:49,141] {dagbag.py:500} INFO - Filling up the DagBag from /home/airflow/.local/lib/python3.7/site-packages/airflow/example_dags/example_branch_operator.py
[2022-03-22 11:47:49,191] {processor.py:654} INFO - DAG(s) dict_keys(['example_branch_operator']) retrieved from /home/airflow/.local/lib/python3.7/site-packages/airflow/example_dags/example_branch_operator.py
[2022-03-22 11:47:49,222] {logging_mixin.py:109} INFO - [2022-03-22 11:47:49,222] {dag.py:2398} INFO - Sync 1 DAGs
[2022-03-22 11:47:49,262] {logging_mixin.py:109} INFO - [2022-03-22 11:47:49,262] {dag.py:2937} INFO - Setting next_dagrun for example_branch_operator to 2022-03-21 00:00:00+00:00
[2022-03-22 11:47:49,280] {processor.py:171} INFO - Processing /home/airflow/.local/lib/python3.7/site-packages/airflow/example_dags/example_branch_operator.py took 0.145 seconds
[2022-03-22 11:48:19,406] {processor.py:163} INFO - Started process (PID=525) to work on /home/airflow/.local/lib/python3.7/site-packages/airflow/example_dags/example_branch_operator.py
[2022-03-22 11:48:19,407] {processor.py:642} INFO - Processing file /home/airflow/.local/lib/python3.7/site-packages/airflow/example_dags/example_branch_operator.py for tasks to queue
[2022-03-22 11:48:19,409] {logging_mixin.py:109} INFO - [2022-03-22 11:48:19,408] {dagbag.py:500} INFO - Filling up the DagBag from /home/airflow/.local/lib/python3.7/site-packages/airflow/example_dags/example_branch_operator.py
[2022-03-22 11:48:19,461] {processor.py:654} INFO - DAG(s) dict_keys(['example_branch_operator']) retrieved from /home/airflow/.local/lib/python3.7/site-packages/airflow/example_dags/example_branch_operator.py
[2022-03-22 11:48:19,482] {logging_mixin.py:109} INFO - [2022-03-22 11:48:19,481] {dag.py:2398} INFO - Sync 1 DAGs
[2022-03-22 11:48:19,516] {logging_mixin.py:109} INFO - [2022-03-22 11:48:19,516] {dag.py:2937} INFO - Setting next_dagrun for example_branch_operator to 2022-03-21 00:00:00+00:00
[2022-03-22 11:48:19,544] {processor.py:171} INFO - Processing /home/airflow/.local/lib/python3.7/site-packages/airflow/example_dags/example_branch_operator.py took 0.141 seconds
[2022-03-22 11:48:49,746] {processor.py:163} INFO - Started process (PID=576) to work on /home/airflow/.local/lib/python3.7/site-packages/airflow/example_dags/example_branch_operator.py
[2022-03-22 11:48:49,747] {processor.py:642} INFO - Processing file /home/airflow/.local/lib/python3.7/site-packages/airflow/example_dags/example_branch_operator.py for tasks to queue
[2022-03-22 11:48:49,748] {logging_mixin.py:109} INFO - [2022-03-22 11:48:49,748] {dagbag.py:500} INFO - Filling up the DagBag from /home/airflow/.local/lib/python3.7/site-packages/airflow/example_dags/example_branch_operator.py
[2022-03-22 11:48:49,801] {processor.py:654} INFO - DAG(s) dict_keys(['example_branch_operator']) retrieved from /home/airflow/.local/lib/python3.7/site-packages/airflow/example_dags/example_branch_operator.py
[2022-03-22 11:48:49,818] {logging_mixin.py:109} INFO - [2022-03-22 11:48:49,818] {dag.py:2398} INFO - Sync 1 DAGs
[2022-03-22 11:48:49,845] {logging_mixin.py:109} INFO - [2022-03-22 11:48:49,845] {dag.py:2937} INFO - Setting next_dagrun for example_branch_operator to 2022-03-21 00:00:00+00:00
[2022-03-22 11:48:49,864] {processor.py:171} INFO - Processing /home/airflow/.local/lib/python3.7/site-packages/airflow/example_dags/example_branch_operator.py took 0.122 seconds
