[2022-03-22 11:43:45,863] {processor.py:163} INFO - Started process (PID=79) to work on /home/airflow/.local/lib/python3.7/site-packages/airflow/example_dags/example_xcomargs.py
[2022-03-22 11:43:45,865] {processor.py:642} INFO - Processing file /home/airflow/.local/lib/python3.7/site-packages/airflow/example_dags/example_xcomargs.py for tasks to queue
[2022-03-22 11:43:45,866] {logging_mixin.py:109} INFO - [2022-03-22 11:43:45,866] {dagbag.py:500} INFO - Filling up the DagBag from /home/airflow/.local/lib/python3.7/site-packages/airflow/example_dags/example_xcomargs.py
[2022-03-22 11:43:45,954] {processor.py:654} INFO - DAG(s) dict_keys(['example_xcom_args', 'example_xcom_args_with_operators']) retrieved from /home/airflow/.local/lib/python3.7/site-packages/airflow/example_dags/example_xcomargs.py
[2022-03-22 11:43:46,496] {logging_mixin.py:109} INFO - [2022-03-22 11:43:46,495] {dag.py:2398} INFO - Sync 2 DAGs
[2022-03-22 11:43:46,535] {logging_mixin.py:109} INFO - [2022-03-22 11:43:46,535] {dag.py:2937} INFO - Setting next_dagrun for example_xcom_args to None
[2022-03-22 11:43:46,536] {logging_mixin.py:109} INFO - [2022-03-22 11:43:46,536] {dag.py:2937} INFO - Setting next_dagrun for example_xcom_args_with_operators to None
[2022-03-22 11:43:46,563] {processor.py:171} INFO - Processing /home/airflow/.local/lib/python3.7/site-packages/airflow/example_dags/example_xcomargs.py took 0.705 seconds
[2022-03-22 11:44:16,960] {processor.py:163} INFO - Started process (PID=130) to work on /home/airflow/.local/lib/python3.7/site-packages/airflow/example_dags/example_xcomargs.py
[2022-03-22 11:44:16,962] {processor.py:642} INFO - Processing file /home/airflow/.local/lib/python3.7/site-packages/airflow/example_dags/example_xcomargs.py for tasks to queue
[2022-03-22 11:44:16,963] {logging_mixin.py:109} INFO - [2022-03-22 11:44:16,963] {dagbag.py:500} INFO - Filling up the DagBag from /home/airflow/.local/lib/python3.7/site-packages/airflow/example_dags/example_xcomargs.py
[2022-03-22 11:44:17,031] {processor.py:654} INFO - DAG(s) dict_keys(['example_xcom_args', 'example_xcom_args_with_operators']) retrieved from /home/airflow/.local/lib/python3.7/site-packages/airflow/example_dags/example_xcomargs.py
[2022-03-22 11:44:17,384] {logging_mixin.py:109} INFO - [2022-03-22 11:44:17,384] {dag.py:2398} INFO - Sync 2 DAGs
[2022-03-22 11:44:17,408] {logging_mixin.py:109} INFO - [2022-03-22 11:44:17,408] {dag.py:2937} INFO - Setting next_dagrun for example_xcom_args to None
[2022-03-22 11:44:17,409] {logging_mixin.py:109} INFO - [2022-03-22 11:44:17,409] {dag.py:2937} INFO - Setting next_dagrun for example_xcom_args_with_operators to None
[2022-03-22 11:44:17,435] {processor.py:171} INFO - Processing /home/airflow/.local/lib/python3.7/site-packages/airflow/example_dags/example_xcomargs.py took 0.482 seconds
[2022-03-22 11:44:47,519] {processor.py:163} INFO - Started process (PID=180) to work on /home/airflow/.local/lib/python3.7/site-packages/airflow/example_dags/example_xcomargs.py
[2022-03-22 11:44:47,521] {processor.py:642} INFO - Processing file /home/airflow/.local/lib/python3.7/site-packages/airflow/example_dags/example_xcomargs.py for tasks to queue
[2022-03-22 11:44:47,523] {logging_mixin.py:109} INFO - [2022-03-22 11:44:47,522] {dagbag.py:500} INFO - Filling up the DagBag from /home/airflow/.local/lib/python3.7/site-packages/airflow/example_dags/example_xcomargs.py
[2022-03-22 11:44:47,585] {processor.py:654} INFO - DAG(s) dict_keys(['example_xcom_args', 'example_xcom_args_with_operators']) retrieved from /home/airflow/.local/lib/python3.7/site-packages/airflow/example_dags/example_xcomargs.py
[2022-03-22 11:44:47,927] {logging_mixin.py:109} INFO - [2022-03-22 11:44:47,927] {dag.py:2398} INFO - Sync 2 DAGs
[2022-03-22 11:44:47,951] {logging_mixin.py:109} INFO - [2022-03-22 11:44:47,951] {dag.py:2937} INFO - Setting next_dagrun for example_xcom_args to None
[2022-03-22 11:44:47,952] {logging_mixin.py:109} INFO - [2022-03-22 11:44:47,952] {dag.py:2937} INFO - Setting next_dagrun for example_xcom_args_with_operators to None
[2022-03-22 11:44:47,971] {processor.py:171} INFO - Processing /home/airflow/.local/lib/python3.7/site-packages/airflow/example_dags/example_xcomargs.py took 0.458 seconds
[2022-03-22 11:45:18,351] {processor.py:163} INFO - Started process (PID=232) to work on /home/airflow/.local/lib/python3.7/site-packages/airflow/example_dags/example_xcomargs.py
[2022-03-22 11:45:18,352] {processor.py:642} INFO - Processing file /home/airflow/.local/lib/python3.7/site-packages/airflow/example_dags/example_xcomargs.py for tasks to queue
[2022-03-22 11:45:18,353] {logging_mixin.py:109} INFO - [2022-03-22 11:45:18,353] {dagbag.py:500} INFO - Filling up the DagBag from /home/airflow/.local/lib/python3.7/site-packages/airflow/example_dags/example_xcomargs.py
[2022-03-22 11:45:18,414] {processor.py:654} INFO - DAG(s) dict_keys(['example_xcom_args', 'example_xcom_args_with_operators']) retrieved from /home/airflow/.local/lib/python3.7/site-packages/airflow/example_dags/example_xcomargs.py
[2022-03-22 11:45:18,783] {logging_mixin.py:109} INFO - [2022-03-22 11:45:18,783] {dag.py:2398} INFO - Sync 2 DAGs
[2022-03-22 11:45:18,806] {logging_mixin.py:109} INFO - [2022-03-22 11:45:18,806] {dag.py:2937} INFO - Setting next_dagrun for example_xcom_args to None
[2022-03-22 11:45:18,807] {logging_mixin.py:109} INFO - [2022-03-22 11:45:18,807] {dag.py:2937} INFO - Setting next_dagrun for example_xcom_args_with_operators to None
[2022-03-22 11:45:18,828] {processor.py:171} INFO - Processing /home/airflow/.local/lib/python3.7/site-packages/airflow/example_dags/example_xcomargs.py took 0.481 seconds
[2022-03-22 11:45:48,975] {processor.py:163} INFO - Started process (PID=283) to work on /home/airflow/.local/lib/python3.7/site-packages/airflow/example_dags/example_xcomargs.py
[2022-03-22 11:45:48,977] {processor.py:642} INFO - Processing file /home/airflow/.local/lib/python3.7/site-packages/airflow/example_dags/example_xcomargs.py for tasks to queue
[2022-03-22 11:45:48,977] {logging_mixin.py:109} INFO - [2022-03-22 11:45:48,977] {dagbag.py:500} INFO - Filling up the DagBag from /home/airflow/.local/lib/python3.7/site-packages/airflow/example_dags/example_xcomargs.py
[2022-03-22 11:45:49,025] {processor.py:654} INFO - DAG(s) dict_keys(['example_xcom_args', 'example_xcom_args_with_operators']) retrieved from /home/airflow/.local/lib/python3.7/site-packages/airflow/example_dags/example_xcomargs.py
[2022-03-22 11:45:49,355] {logging_mixin.py:109} INFO - [2022-03-22 11:45:49,355] {dag.py:2398} INFO - Sync 2 DAGs
[2022-03-22 11:45:49,378] {logging_mixin.py:109} INFO - [2022-03-22 11:45:49,378] {dag.py:2937} INFO - Setting next_dagrun for example_xcom_args to None
[2022-03-22 11:45:49,379] {logging_mixin.py:109} INFO - [2022-03-22 11:45:49,378] {dag.py:2937} INFO - Setting next_dagrun for example_xcom_args_with_operators to None
[2022-03-22 11:45:49,403] {processor.py:171} INFO - Processing /home/airflow/.local/lib/python3.7/site-packages/airflow/example_dags/example_xcomargs.py took 0.431 seconds
[2022-03-22 11:46:19,712] {processor.py:163} INFO - Started process (PID=334) to work on /home/airflow/.local/lib/python3.7/site-packages/airflow/example_dags/example_xcomargs.py
[2022-03-22 11:46:19,713] {processor.py:642} INFO - Processing file /home/airflow/.local/lib/python3.7/site-packages/airflow/example_dags/example_xcomargs.py for tasks to queue
[2022-03-22 11:46:19,714] {logging_mixin.py:109} INFO - [2022-03-22 11:46:19,714] {dagbag.py:500} INFO - Filling up the DagBag from /home/airflow/.local/lib/python3.7/site-packages/airflow/example_dags/example_xcomargs.py
[2022-03-22 11:46:19,763] {processor.py:654} INFO - DAG(s) dict_keys(['example_xcom_args', 'example_xcom_args_with_operators']) retrieved from /home/airflow/.local/lib/python3.7/site-packages/airflow/example_dags/example_xcomargs.py
[2022-03-22 11:46:20,138] {logging_mixin.py:109} INFO - [2022-03-22 11:46:20,138] {dag.py:2398} INFO - Sync 2 DAGs
[2022-03-22 11:46:20,167] {logging_mixin.py:109} INFO - [2022-03-22 11:46:20,167] {dag.py:2937} INFO - Setting next_dagrun for example_xcom_args to None
[2022-03-22 11:46:20,167] {logging_mixin.py:109} INFO - [2022-03-22 11:46:20,167] {dag.py:2937} INFO - Setting next_dagrun for example_xcom_args_with_operators to None
[2022-03-22 11:46:20,187] {processor.py:171} INFO - Processing /home/airflow/.local/lib/python3.7/site-packages/airflow/example_dags/example_xcomargs.py took 0.478 seconds
[2022-03-22 11:46:50,449] {processor.py:163} INFO - Started process (PID=386) to work on /home/airflow/.local/lib/python3.7/site-packages/airflow/example_dags/example_xcomargs.py
[2022-03-22 11:46:50,453] {processor.py:642} INFO - Processing file /home/airflow/.local/lib/python3.7/site-packages/airflow/example_dags/example_xcomargs.py for tasks to queue
[2022-03-22 11:46:50,454] {logging_mixin.py:109} INFO - [2022-03-22 11:46:50,454] {dagbag.py:500} INFO - Filling up the DagBag from /home/airflow/.local/lib/python3.7/site-packages/airflow/example_dags/example_xcomargs.py
[2022-03-22 11:46:50,571] {processor.py:654} INFO - DAG(s) dict_keys(['example_xcom_args', 'example_xcom_args_with_operators']) retrieved from /home/airflow/.local/lib/python3.7/site-packages/airflow/example_dags/example_xcomargs.py
[2022-03-22 11:46:50,897] {logging_mixin.py:109} INFO - [2022-03-22 11:46:50,896] {dag.py:2398} INFO - Sync 2 DAGs
[2022-03-22 11:46:50,919] {logging_mixin.py:109} INFO - [2022-03-22 11:46:50,918] {dag.py:2937} INFO - Setting next_dagrun for example_xcom_args to None
[2022-03-22 11:46:50,919] {logging_mixin.py:109} INFO - [2022-03-22 11:46:50,919] {dag.py:2937} INFO - Setting next_dagrun for example_xcom_args_with_operators to None
[2022-03-22 11:46:50,938] {processor.py:171} INFO - Processing /home/airflow/.local/lib/python3.7/site-packages/airflow/example_dags/example_xcomargs.py took 0.494 seconds
[2022-03-22 11:47:21,179] {processor.py:163} INFO - Started process (PID=437) to work on /home/airflow/.local/lib/python3.7/site-packages/airflow/example_dags/example_xcomargs.py
[2022-03-22 11:47:21,183] {processor.py:642} INFO - Processing file /home/airflow/.local/lib/python3.7/site-packages/airflow/example_dags/example_xcomargs.py for tasks to queue
[2022-03-22 11:47:21,184] {logging_mixin.py:109} INFO - [2022-03-22 11:47:21,184] {dagbag.py:500} INFO - Filling up the DagBag from /home/airflow/.local/lib/python3.7/site-packages/airflow/example_dags/example_xcomargs.py
[2022-03-22 11:47:21,250] {processor.py:654} INFO - DAG(s) dict_keys(['example_xcom_args', 'example_xcom_args_with_operators']) retrieved from /home/airflow/.local/lib/python3.7/site-packages/airflow/example_dags/example_xcomargs.py
[2022-03-22 11:47:21,659] {logging_mixin.py:109} INFO - [2022-03-22 11:47:21,659] {dag.py:2398} INFO - Sync 2 DAGs
[2022-03-22 11:47:21,684] {logging_mixin.py:109} INFO - [2022-03-22 11:47:21,684] {dag.py:2937} INFO - Setting next_dagrun for example_xcom_args to None
[2022-03-22 11:47:21,684] {logging_mixin.py:109} INFO - [2022-03-22 11:47:21,684] {dag.py:2937} INFO - Setting next_dagrun for example_xcom_args_with_operators to None
[2022-03-22 11:47:21,709] {processor.py:171} INFO - Processing /home/airflow/.local/lib/python3.7/site-packages/airflow/example_dags/example_xcomargs.py took 0.533 seconds
[2022-03-22 11:47:52,162] {processor.py:163} INFO - Started process (PID=488) to work on /home/airflow/.local/lib/python3.7/site-packages/airflow/example_dags/example_xcomargs.py
[2022-03-22 11:47:52,168] {processor.py:642} INFO - Processing file /home/airflow/.local/lib/python3.7/site-packages/airflow/example_dags/example_xcomargs.py for tasks to queue
[2022-03-22 11:47:52,169] {logging_mixin.py:109} INFO - [2022-03-22 11:47:52,169] {dagbag.py:500} INFO - Filling up the DagBag from /home/airflow/.local/lib/python3.7/site-packages/airflow/example_dags/example_xcomargs.py
[2022-03-22 11:47:52,233] {processor.py:654} INFO - DAG(s) dict_keys(['example_xcom_args', 'example_xcom_args_with_operators']) retrieved from /home/airflow/.local/lib/python3.7/site-packages/airflow/example_dags/example_xcomargs.py
[2022-03-22 11:47:52,618] {logging_mixin.py:109} INFO - [2022-03-22 11:47:52,618] {dag.py:2398} INFO - Sync 2 DAGs
[2022-03-22 11:47:52,654] {logging_mixin.py:109} INFO - [2022-03-22 11:47:52,653] {dag.py:2937} INFO - Setting next_dagrun for example_xcom_args to None
[2022-03-22 11:47:52,655] {logging_mixin.py:109} INFO - [2022-03-22 11:47:52,654] {dag.py:2937} INFO - Setting next_dagrun for example_xcom_args_with_operators to None
[2022-03-22 11:47:52,683] {processor.py:171} INFO - Processing /home/airflow/.local/lib/python3.7/site-packages/airflow/example_dags/example_xcomargs.py took 0.524 seconds
[2022-03-22 11:48:23,112] {processor.py:163} INFO - Started process (PID=539) to work on /home/airflow/.local/lib/python3.7/site-packages/airflow/example_dags/example_xcomargs.py
[2022-03-22 11:48:23,114] {processor.py:642} INFO - Processing file /home/airflow/.local/lib/python3.7/site-packages/airflow/example_dags/example_xcomargs.py for tasks to queue
[2022-03-22 11:48:23,115] {logging_mixin.py:109} INFO - [2022-03-22 11:48:23,115] {dagbag.py:500} INFO - Filling up the DagBag from /home/airflow/.local/lib/python3.7/site-packages/airflow/example_dags/example_xcomargs.py
[2022-03-22 11:48:23,181] {processor.py:654} INFO - DAG(s) dict_keys(['example_xcom_args', 'example_xcom_args_with_operators']) retrieved from /home/airflow/.local/lib/python3.7/site-packages/airflow/example_dags/example_xcomargs.py
[2022-03-22 11:48:23,582] {logging_mixin.py:109} INFO - [2022-03-22 11:48:23,582] {dag.py:2398} INFO - Sync 2 DAGs
[2022-03-22 11:48:23,615] {logging_mixin.py:109} INFO - [2022-03-22 11:48:23,614] {dag.py:2937} INFO - Setting next_dagrun for example_xcom_args to None
[2022-03-22 11:48:23,615] {logging_mixin.py:109} INFO - [2022-03-22 11:48:23,615] {dag.py:2937} INFO - Setting next_dagrun for example_xcom_args_with_operators to None
[2022-03-22 11:48:23,635] {processor.py:171} INFO - Processing /home/airflow/.local/lib/python3.7/site-packages/airflow/example_dags/example_xcomargs.py took 0.527 seconds
[2022-03-22 11:48:53,861] {processor.py:163} INFO - Started process (PID=591) to work on /home/airflow/.local/lib/python3.7/site-packages/airflow/example_dags/example_xcomargs.py
[2022-03-22 11:48:53,863] {processor.py:642} INFO - Processing file /home/airflow/.local/lib/python3.7/site-packages/airflow/example_dags/example_xcomargs.py for tasks to queue
[2022-03-22 11:48:53,864] {logging_mixin.py:109} INFO - [2022-03-22 11:48:53,864] {dagbag.py:500} INFO - Filling up the DagBag from /home/airflow/.local/lib/python3.7/site-packages/airflow/example_dags/example_xcomargs.py
[2022-03-22 11:48:53,941] {processor.py:654} INFO - DAG(s) dict_keys(['example_xcom_args', 'example_xcom_args_with_operators']) retrieved from /home/airflow/.local/lib/python3.7/site-packages/airflow/example_dags/example_xcomargs.py
[2022-03-22 11:48:54,290] {logging_mixin.py:109} INFO - [2022-03-22 11:48:54,290] {dag.py:2398} INFO - Sync 2 DAGs
[2022-03-22 11:48:54,320] {logging_mixin.py:109} INFO - [2022-03-22 11:48:54,320] {dag.py:2937} INFO - Setting next_dagrun for example_xcom_args to None
[2022-03-22 11:48:54,321] {logging_mixin.py:109} INFO - [2022-03-22 11:48:54,321] {dag.py:2937} INFO - Setting next_dagrun for example_xcom_args_with_operators to None
[2022-03-22 11:48:54,347] {processor.py:171} INFO - Processing /home/airflow/.local/lib/python3.7/site-packages/airflow/example_dags/example_xcomargs.py took 0.491 seconds
