[2022-03-22 11:43:41,535] {processor.py:163} INFO - Started process (PID=54) to work on /home/airflow/.local/lib/python3.7/site-packages/airflow/example_dags/example_branch_labels.py
[2022-03-22 11:43:41,537] {processor.py:642} INFO - Processing file /home/airflow/.local/lib/python3.7/site-packages/airflow/example_dags/example_branch_labels.py for tasks to queue
[2022-03-22 11:43:41,538] {logging_mixin.py:109} INFO - [2022-03-22 11:43:41,538] {dagbag.py:500} INFO - Filling up the DagBag from /home/airflow/.local/lib/python3.7/site-packages/airflow/example_dags/example_branch_labels.py
[2022-03-22 11:43:41,592] {processor.py:654} INFO - DAG(s) dict_keys(['example_branch_labels']) retrieved from /home/airflow/.local/lib/python3.7/site-packages/airflow/example_dags/example_branch_labels.py
[2022-03-22 11:43:41,611] {logging_mixin.py:109} INFO - [2022-03-22 11:43:41,610] {dag.py:2398} INFO - Sync 1 DAGs
[2022-03-22 11:43:41,646] {logging_mixin.py:109} INFO - [2022-03-22 11:43:41,646] {dag.py:2937} INFO - Setting next_dagrun for example_branch_labels to 2022-03-21 00:00:00+00:00
[2022-03-22 11:43:41,670] {processor.py:171} INFO - Processing /home/airflow/.local/lib/python3.7/site-packages/airflow/example_dags/example_branch_labels.py took 0.139 seconds
[2022-03-22 11:44:11,974] {processor.py:163} INFO - Started process (PID=94) to work on /home/airflow/.local/lib/python3.7/site-packages/airflow/example_dags/example_branch_labels.py
[2022-03-22 11:44:11,975] {processor.py:642} INFO - Processing file /home/airflow/.local/lib/python3.7/site-packages/airflow/example_dags/example_branch_labels.py for tasks to queue
[2022-03-22 11:44:11,975] {logging_mixin.py:109} INFO - [2022-03-22 11:44:11,975] {dagbag.py:500} INFO - Filling up the DagBag from /home/airflow/.local/lib/python3.7/site-packages/airflow/example_dags/example_branch_labels.py
[2022-03-22 11:44:12,023] {processor.py:654} INFO - DAG(s) dict_keys(['example_branch_labels']) retrieved from /home/airflow/.local/lib/python3.7/site-packages/airflow/example_dags/example_branch_labels.py
[2022-03-22 11:44:12,040] {logging_mixin.py:109} INFO - [2022-03-22 11:44:12,039] {dag.py:2398} INFO - Sync 1 DAGs
[2022-03-22 11:44:12,069] {logging_mixin.py:109} INFO - [2022-03-22 11:44:12,069] {dag.py:2937} INFO - Setting next_dagrun for example_branch_labels to 2022-03-21 00:00:00+00:00
[2022-03-22 11:44:12,087] {processor.py:171} INFO - Processing /home/airflow/.local/lib/python3.7/site-packages/airflow/example_dags/example_branch_labels.py took 0.117 seconds
[2022-03-22 11:44:42,588] {processor.py:163} INFO - Started process (PID=145) to work on /home/airflow/.local/lib/python3.7/site-packages/airflow/example_dags/example_branch_labels.py
[2022-03-22 11:44:42,590] {processor.py:642} INFO - Processing file /home/airflow/.local/lib/python3.7/site-packages/airflow/example_dags/example_branch_labels.py for tasks to queue
[2022-03-22 11:44:42,591] {logging_mixin.py:109} INFO - [2022-03-22 11:44:42,591] {dagbag.py:500} INFO - Filling up the DagBag from /home/airflow/.local/lib/python3.7/site-packages/airflow/example_dags/example_branch_labels.py
[2022-03-22 11:44:42,638] {processor.py:654} INFO - DAG(s) dict_keys(['example_branch_labels']) retrieved from /home/airflow/.local/lib/python3.7/site-packages/airflow/example_dags/example_branch_labels.py
[2022-03-22 11:44:42,670] {logging_mixin.py:109} INFO - [2022-03-22 11:44:42,669] {dag.py:2398} INFO - Sync 1 DAGs
[2022-03-22 11:44:42,700] {logging_mixin.py:109} INFO - [2022-03-22 11:44:42,700] {dag.py:2937} INFO - Setting next_dagrun for example_branch_labels to 2022-03-21 00:00:00+00:00
[2022-03-22 11:44:42,716] {processor.py:171} INFO - Processing /home/airflow/.local/lib/python3.7/site-packages/airflow/example_dags/example_branch_labels.py took 0.132 seconds
[2022-03-22 11:45:13,203] {processor.py:163} INFO - Started process (PID=204) to work on /home/airflow/.local/lib/python3.7/site-packages/airflow/example_dags/example_branch_labels.py
[2022-03-22 11:45:13,204] {processor.py:642} INFO - Processing file /home/airflow/.local/lib/python3.7/site-packages/airflow/example_dags/example_branch_labels.py for tasks to queue
[2022-03-22 11:45:13,205] {logging_mixin.py:109} INFO - [2022-03-22 11:45:13,205] {dagbag.py:500} INFO - Filling up the DagBag from /home/airflow/.local/lib/python3.7/site-packages/airflow/example_dags/example_branch_labels.py
[2022-03-22 11:45:13,258] {processor.py:654} INFO - DAG(s) dict_keys(['example_branch_labels']) retrieved from /home/airflow/.local/lib/python3.7/site-packages/airflow/example_dags/example_branch_labels.py
[2022-03-22 11:45:13,280] {logging_mixin.py:109} INFO - [2022-03-22 11:45:13,280] {dag.py:2398} INFO - Sync 1 DAGs
[2022-03-22 11:45:13,317] {logging_mixin.py:109} INFO - [2022-03-22 11:45:13,316] {dag.py:2937} INFO - Setting next_dagrun for example_branch_labels to 2022-03-21 00:00:00+00:00
[2022-03-22 11:45:13,337] {processor.py:171} INFO - Processing /home/airflow/.local/lib/python3.7/site-packages/airflow/example_dags/example_branch_labels.py took 0.138 seconds
[2022-03-22 11:45:43,947] {processor.py:163} INFO - Started process (PID=257) to work on /home/airflow/.local/lib/python3.7/site-packages/airflow/example_dags/example_branch_labels.py
[2022-03-22 11:45:43,949] {processor.py:642} INFO - Processing file /home/airflow/.local/lib/python3.7/site-packages/airflow/example_dags/example_branch_labels.py for tasks to queue
[2022-03-22 11:45:43,950] {logging_mixin.py:109} INFO - [2022-03-22 11:45:43,950] {dagbag.py:500} INFO - Filling up the DagBag from /home/airflow/.local/lib/python3.7/site-packages/airflow/example_dags/example_branch_labels.py
[2022-03-22 11:45:43,997] {processor.py:654} INFO - DAG(s) dict_keys(['example_branch_labels']) retrieved from /home/airflow/.local/lib/python3.7/site-packages/airflow/example_dags/example_branch_labels.py
[2022-03-22 11:45:44,016] {logging_mixin.py:109} INFO - [2022-03-22 11:45:44,016] {dag.py:2398} INFO - Sync 1 DAGs
[2022-03-22 11:45:44,051] {logging_mixin.py:109} INFO - [2022-03-22 11:45:44,051] {dag.py:2937} INFO - Setting next_dagrun for example_branch_labels to 2022-03-21 00:00:00+00:00
[2022-03-22 11:45:44,073] {processor.py:171} INFO - Processing /home/airflow/.local/lib/python3.7/site-packages/airflow/example_dags/example_branch_labels.py took 0.130 seconds
[2022-03-22 11:46:14,595] {processor.py:163} INFO - Started process (PID=306) to work on /home/airflow/.local/lib/python3.7/site-packages/airflow/example_dags/example_branch_labels.py
[2022-03-22 11:46:14,596] {processor.py:642} INFO - Processing file /home/airflow/.local/lib/python3.7/site-packages/airflow/example_dags/example_branch_labels.py for tasks to queue
[2022-03-22 11:46:14,597] {logging_mixin.py:109} INFO - [2022-03-22 11:46:14,597] {dagbag.py:500} INFO - Filling up the DagBag from /home/airflow/.local/lib/python3.7/site-packages/airflow/example_dags/example_branch_labels.py
[2022-03-22 11:46:14,664] {processor.py:654} INFO - DAG(s) dict_keys(['example_branch_labels']) retrieved from /home/airflow/.local/lib/python3.7/site-packages/airflow/example_dags/example_branch_labels.py
[2022-03-22 11:46:14,682] {logging_mixin.py:109} INFO - [2022-03-22 11:46:14,682] {dag.py:2398} INFO - Sync 1 DAGs
[2022-03-22 11:46:14,714] {logging_mixin.py:109} INFO - [2022-03-22 11:46:14,713] {dag.py:2937} INFO - Setting next_dagrun for example_branch_labels to 2022-03-21 00:00:00+00:00
[2022-03-22 11:46:14,732] {processor.py:171} INFO - Processing /home/airflow/.local/lib/python3.7/site-packages/airflow/example_dags/example_branch_labels.py took 0.141 seconds
[2022-03-22 11:46:45,571] {processor.py:163} INFO - Started process (PID=360) to work on /home/airflow/.local/lib/python3.7/site-packages/airflow/example_dags/example_branch_labels.py
[2022-03-22 11:46:45,573] {processor.py:642} INFO - Processing file /home/airflow/.local/lib/python3.7/site-packages/airflow/example_dags/example_branch_labels.py for tasks to queue
[2022-03-22 11:46:45,574] {logging_mixin.py:109} INFO - [2022-03-22 11:46:45,574] {dagbag.py:500} INFO - Filling up the DagBag from /home/airflow/.local/lib/python3.7/site-packages/airflow/example_dags/example_branch_labels.py
[2022-03-22 11:46:45,618] {processor.py:654} INFO - DAG(s) dict_keys(['example_branch_labels']) retrieved from /home/airflow/.local/lib/python3.7/site-packages/airflow/example_dags/example_branch_labels.py
[2022-03-22 11:46:45,635] {logging_mixin.py:109} INFO - [2022-03-22 11:46:45,635] {dag.py:2398} INFO - Sync 1 DAGs
[2022-03-22 11:46:45,665] {logging_mixin.py:109} INFO - [2022-03-22 11:46:45,664] {dag.py:2937} INFO - Setting next_dagrun for example_branch_labels to 2022-03-21 00:00:00+00:00
[2022-03-22 11:46:45,682] {processor.py:171} INFO - Processing /home/airflow/.local/lib/python3.7/site-packages/airflow/example_dags/example_branch_labels.py took 0.114 seconds
[2022-03-22 11:47:16,076] {processor.py:163} INFO - Started process (PID=411) to work on /home/airflow/.local/lib/python3.7/site-packages/airflow/example_dags/example_branch_labels.py
[2022-03-22 11:47:16,077] {processor.py:642} INFO - Processing file /home/airflow/.local/lib/python3.7/site-packages/airflow/example_dags/example_branch_labels.py for tasks to queue
[2022-03-22 11:47:16,078] {logging_mixin.py:109} INFO - [2022-03-22 11:47:16,078] {dagbag.py:500} INFO - Filling up the DagBag from /home/airflow/.local/lib/python3.7/site-packages/airflow/example_dags/example_branch_labels.py
[2022-03-22 11:47:16,127] {processor.py:654} INFO - DAG(s) dict_keys(['example_branch_labels']) retrieved from /home/airflow/.local/lib/python3.7/site-packages/airflow/example_dags/example_branch_labels.py
[2022-03-22 11:47:16,144] {logging_mixin.py:109} INFO - [2022-03-22 11:47:16,144] {dag.py:2398} INFO - Sync 1 DAGs
[2022-03-22 11:47:16,178] {logging_mixin.py:109} INFO - [2022-03-22 11:47:16,178] {dag.py:2937} INFO - Setting next_dagrun for example_branch_labels to 2022-03-21 00:00:00+00:00
[2022-03-22 11:47:16,200] {processor.py:171} INFO - Processing /home/airflow/.local/lib/python3.7/site-packages/airflow/example_dags/example_branch_labels.py took 0.130 seconds
[2022-03-22 11:47:46,865] {processor.py:163} INFO - Started process (PID=462) to work on /home/airflow/.local/lib/python3.7/site-packages/airflow/example_dags/example_branch_labels.py
[2022-03-22 11:47:46,868] {processor.py:642} INFO - Processing file /home/airflow/.local/lib/python3.7/site-packages/airflow/example_dags/example_branch_labels.py for tasks to queue
[2022-03-22 11:47:46,869] {logging_mixin.py:109} INFO - [2022-03-22 11:47:46,869] {dagbag.py:500} INFO - Filling up the DagBag from /home/airflow/.local/lib/python3.7/site-packages/airflow/example_dags/example_branch_labels.py
[2022-03-22 11:47:46,937] {processor.py:654} INFO - DAG(s) dict_keys(['example_branch_labels']) retrieved from /home/airflow/.local/lib/python3.7/site-packages/airflow/example_dags/example_branch_labels.py
[2022-03-22 11:47:46,955] {logging_mixin.py:109} INFO - [2022-03-22 11:47:46,955] {dag.py:2398} INFO - Sync 1 DAGs
[2022-03-22 11:47:46,984] {logging_mixin.py:109} INFO - [2022-03-22 11:47:46,984] {dag.py:2937} INFO - Setting next_dagrun for example_branch_labels to 2022-03-21 00:00:00+00:00
[2022-03-22 11:47:47,000] {processor.py:171} INFO - Processing /home/airflow/.local/lib/python3.7/site-packages/airflow/example_dags/example_branch_labels.py took 0.140 seconds
[2022-03-22 11:48:17,227] {processor.py:163} INFO - Started process (PID=511) to work on /home/airflow/.local/lib/python3.7/site-packages/airflow/example_dags/example_branch_labels.py
[2022-03-22 11:48:17,228] {processor.py:642} INFO - Processing file /home/airflow/.local/lib/python3.7/site-packages/airflow/example_dags/example_branch_labels.py for tasks to queue
[2022-03-22 11:48:17,230] {logging_mixin.py:109} INFO - [2022-03-22 11:48:17,230] {dagbag.py:500} INFO - Filling up the DagBag from /home/airflow/.local/lib/python3.7/site-packages/airflow/example_dags/example_branch_labels.py
[2022-03-22 11:48:17,287] {processor.py:654} INFO - DAG(s) dict_keys(['example_branch_labels']) retrieved from /home/airflow/.local/lib/python3.7/site-packages/airflow/example_dags/example_branch_labels.py
[2022-03-22 11:48:17,308] {logging_mixin.py:109} INFO - [2022-03-22 11:48:17,308] {dag.py:2398} INFO - Sync 1 DAGs
[2022-03-22 11:48:17,341] {logging_mixin.py:109} INFO - [2022-03-22 11:48:17,341] {dag.py:2937} INFO - Setting next_dagrun for example_branch_labels to 2022-03-21 00:00:00+00:00
[2022-03-22 11:48:17,359] {processor.py:171} INFO - Processing /home/airflow/.local/lib/python3.7/site-packages/airflow/example_dags/example_branch_labels.py took 0.137 seconds
[2022-03-22 11:48:47,781] {processor.py:163} INFO - Started process (PID=565) to work on /home/airflow/.local/lib/python3.7/site-packages/airflow/example_dags/example_branch_labels.py
[2022-03-22 11:48:47,783] {processor.py:642} INFO - Processing file /home/airflow/.local/lib/python3.7/site-packages/airflow/example_dags/example_branch_labels.py for tasks to queue
[2022-03-22 11:48:47,784] {logging_mixin.py:109} INFO - [2022-03-22 11:48:47,783] {dagbag.py:500} INFO - Filling up the DagBag from /home/airflow/.local/lib/python3.7/site-packages/airflow/example_dags/example_branch_labels.py
[2022-03-22 11:48:47,837] {processor.py:654} INFO - DAG(s) dict_keys(['example_branch_labels']) retrieved from /home/airflow/.local/lib/python3.7/site-packages/airflow/example_dags/example_branch_labels.py
[2022-03-22 11:48:47,861] {logging_mixin.py:109} INFO - [2022-03-22 11:48:47,861] {dag.py:2398} INFO - Sync 1 DAGs
[2022-03-22 11:48:47,902] {logging_mixin.py:109} INFO - [2022-03-22 11:48:47,902] {dag.py:2937} INFO - Setting next_dagrun for example_branch_labels to 2022-03-21 00:00:00+00:00
[2022-03-22 11:48:47,927] {processor.py:171} INFO - Processing /home/airflow/.local/lib/python3.7/site-packages/airflow/example_dags/example_branch_labels.py took 0.151 seconds
