[2022-03-22 11:43:44,169] {processor.py:163} INFO - Started process (PID=71) to work on /home/airflow/.local/lib/python3.7/site-packages/airflow/example_dags/example_branch_datetime_operator.py
[2022-03-22 11:43:44,171] {processor.py:642} INFO - Processing file /home/airflow/.local/lib/python3.7/site-packages/airflow/example_dags/example_branch_datetime_operator.py for tasks to queue
[2022-03-22 11:43:44,172] {logging_mixin.py:109} INFO - [2022-03-22 11:43:44,172] {dagbag.py:500} INFO - Filling up the DagBag from /home/airflow/.local/lib/python3.7/site-packages/airflow/example_dags/example_branch_datetime_operator.py
[2022-03-22 11:43:44,240] {processor.py:654} INFO - DAG(s) dict_keys(['example_branch_datetime_operator_2']) retrieved from /home/airflow/.local/lib/python3.7/site-packages/airflow/example_dags/example_branch_datetime_operator.py
[2022-03-22 11:43:44,260] {logging_mixin.py:109} INFO - [2022-03-22 11:43:44,259] {dag.py:2398} INFO - Sync 1 DAGs
[2022-03-22 11:43:44,301] {logging_mixin.py:109} INFO - [2022-03-22 11:43:44,301] {dag.py:2937} INFO - Setting next_dagrun for example_branch_datetime_operator_2 to 2022-03-21 00:00:00+00:00
[2022-03-22 11:43:44,337] {processor.py:171} INFO - Processing /home/airflow/.local/lib/python3.7/site-packages/airflow/example_dags/example_branch_datetime_operator.py took 0.175 seconds
[2022-03-22 11:44:15,033] {processor.py:163} INFO - Started process (PID=122) to work on /home/airflow/.local/lib/python3.7/site-packages/airflow/example_dags/example_branch_datetime_operator.py
[2022-03-22 11:44:15,036] {processor.py:642} INFO - Processing file /home/airflow/.local/lib/python3.7/site-packages/airflow/example_dags/example_branch_datetime_operator.py for tasks to queue
[2022-03-22 11:44:15,037] {logging_mixin.py:109} INFO - [2022-03-22 11:44:15,037] {dagbag.py:500} INFO - Filling up the DagBag from /home/airflow/.local/lib/python3.7/site-packages/airflow/example_dags/example_branch_datetime_operator.py
[2022-03-22 11:44:15,088] {processor.py:654} INFO - DAG(s) dict_keys(['example_branch_datetime_operator_2']) retrieved from /home/airflow/.local/lib/python3.7/site-packages/airflow/example_dags/example_branch_datetime_operator.py
[2022-03-22 11:44:15,101] {logging_mixin.py:109} INFO - [2022-03-22 11:44:15,101] {dag.py:2398} INFO - Sync 1 DAGs
[2022-03-22 11:44:15,133] {logging_mixin.py:109} INFO - [2022-03-22 11:44:15,133] {dag.py:2937} INFO - Setting next_dagrun for example_branch_datetime_operator_2 to 2022-03-21 00:00:00+00:00
[2022-03-22 11:44:15,151] {processor.py:171} INFO - Processing /home/airflow/.local/lib/python3.7/site-packages/airflow/example_dags/example_branch_datetime_operator.py took 0.121 seconds
[2022-03-22 11:44:45,725] {processor.py:163} INFO - Started process (PID=172) to work on /home/airflow/.local/lib/python3.7/site-packages/airflow/example_dags/example_branch_datetime_operator.py
[2022-03-22 11:44:45,726] {processor.py:642} INFO - Processing file /home/airflow/.local/lib/python3.7/site-packages/airflow/example_dags/example_branch_datetime_operator.py for tasks to queue
[2022-03-22 11:44:45,726] {logging_mixin.py:109} INFO - [2022-03-22 11:44:45,726] {dagbag.py:500} INFO - Filling up the DagBag from /home/airflow/.local/lib/python3.7/site-packages/airflow/example_dags/example_branch_datetime_operator.py
[2022-03-22 11:44:45,767] {processor.py:654} INFO - DAG(s) dict_keys(['example_branch_datetime_operator_2']) retrieved from /home/airflow/.local/lib/python3.7/site-packages/airflow/example_dags/example_branch_datetime_operator.py
[2022-03-22 11:44:45,785] {logging_mixin.py:109} INFO - [2022-03-22 11:44:45,784] {dag.py:2398} INFO - Sync 1 DAGs
[2022-03-22 11:44:45,816] {logging_mixin.py:109} INFO - [2022-03-22 11:44:45,816] {dag.py:2937} INFO - Setting next_dagrun for example_branch_datetime_operator_2 to 2022-03-21 00:00:00+00:00
[2022-03-22 11:44:45,836] {processor.py:171} INFO - Processing /home/airflow/.local/lib/python3.7/site-packages/airflow/example_dags/example_branch_datetime_operator.py took 0.115 seconds
[2022-03-22 11:45:16,465] {processor.py:163} INFO - Started process (PID=224) to work on /home/airflow/.local/lib/python3.7/site-packages/airflow/example_dags/example_branch_datetime_operator.py
[2022-03-22 11:45:16,467] {processor.py:642} INFO - Processing file /home/airflow/.local/lib/python3.7/site-packages/airflow/example_dags/example_branch_datetime_operator.py for tasks to queue
[2022-03-22 11:45:16,468] {logging_mixin.py:109} INFO - [2022-03-22 11:45:16,468] {dagbag.py:500} INFO - Filling up the DagBag from /home/airflow/.local/lib/python3.7/site-packages/airflow/example_dags/example_branch_datetime_operator.py
[2022-03-22 11:45:16,526] {processor.py:654} INFO - DAG(s) dict_keys(['example_branch_datetime_operator_2']) retrieved from /home/airflow/.local/lib/python3.7/site-packages/airflow/example_dags/example_branch_datetime_operator.py
[2022-03-22 11:45:16,545] {logging_mixin.py:109} INFO - [2022-03-22 11:45:16,545] {dag.py:2398} INFO - Sync 1 DAGs
[2022-03-22 11:45:16,582] {logging_mixin.py:109} INFO - [2022-03-22 11:45:16,582] {dag.py:2937} INFO - Setting next_dagrun for example_branch_datetime_operator_2 to 2022-03-21 00:00:00+00:00
[2022-03-22 11:45:16,613] {processor.py:171} INFO - Processing /home/airflow/.local/lib/python3.7/site-packages/airflow/example_dags/example_branch_datetime_operator.py took 0.152 seconds
[2022-03-22 11:45:46,987] {processor.py:163} INFO - Started process (PID=275) to work on /home/airflow/.local/lib/python3.7/site-packages/airflow/example_dags/example_branch_datetime_operator.py
[2022-03-22 11:45:46,988] {processor.py:642} INFO - Processing file /home/airflow/.local/lib/python3.7/site-packages/airflow/example_dags/example_branch_datetime_operator.py for tasks to queue
[2022-03-22 11:45:46,989] {logging_mixin.py:109} INFO - [2022-03-22 11:45:46,989] {dagbag.py:500} INFO - Filling up the DagBag from /home/airflow/.local/lib/python3.7/site-packages/airflow/example_dags/example_branch_datetime_operator.py
[2022-03-22 11:45:47,037] {processor.py:654} INFO - DAG(s) dict_keys(['example_branch_datetime_operator_2']) retrieved from /home/airflow/.local/lib/python3.7/site-packages/airflow/example_dags/example_branch_datetime_operator.py
[2022-03-22 11:45:47,059] {logging_mixin.py:109} INFO - [2022-03-22 11:45:47,059] {dag.py:2398} INFO - Sync 1 DAGs
[2022-03-22 11:45:47,119] {logging_mixin.py:109} INFO - [2022-03-22 11:45:47,118] {dag.py:2937} INFO - Setting next_dagrun for example_branch_datetime_operator_2 to 2022-03-21 00:00:00+00:00
[2022-03-22 11:45:47,146] {processor.py:171} INFO - Processing /home/airflow/.local/lib/python3.7/site-packages/airflow/example_dags/example_branch_datetime_operator.py took 0.163 seconds
[2022-03-22 11:46:17,400] {processor.py:163} INFO - Started process (PID=325) to work on /home/airflow/.local/lib/python3.7/site-packages/airflow/example_dags/example_branch_datetime_operator.py
[2022-03-22 11:46:17,401] {processor.py:642} INFO - Processing file /home/airflow/.local/lib/python3.7/site-packages/airflow/example_dags/example_branch_datetime_operator.py for tasks to queue
[2022-03-22 11:46:17,402] {logging_mixin.py:109} INFO - [2022-03-22 11:46:17,402] {dagbag.py:500} INFO - Filling up the DagBag from /home/airflow/.local/lib/python3.7/site-packages/airflow/example_dags/example_branch_datetime_operator.py
[2022-03-22 11:46:17,446] {processor.py:654} INFO - DAG(s) dict_keys(['example_branch_datetime_operator_2']) retrieved from /home/airflow/.local/lib/python3.7/site-packages/airflow/example_dags/example_branch_datetime_operator.py
[2022-03-22 11:46:17,466] {logging_mixin.py:109} INFO - [2022-03-22 11:46:17,465] {dag.py:2398} INFO - Sync 1 DAGs
[2022-03-22 11:46:17,498] {logging_mixin.py:109} INFO - [2022-03-22 11:46:17,498] {dag.py:2937} INFO - Setting next_dagrun for example_branch_datetime_operator_2 to 2022-03-21 00:00:00+00:00
[2022-03-22 11:46:17,516] {processor.py:171} INFO - Processing /home/airflow/.local/lib/python3.7/site-packages/airflow/example_dags/example_branch_datetime_operator.py took 0.119 seconds
[2022-03-22 11:46:48,451] {processor.py:163} INFO - Started process (PID=377) to work on /home/airflow/.local/lib/python3.7/site-packages/airflow/example_dags/example_branch_datetime_operator.py
[2022-03-22 11:46:48,452] {processor.py:642} INFO - Processing file /home/airflow/.local/lib/python3.7/site-packages/airflow/example_dags/example_branch_datetime_operator.py for tasks to queue
[2022-03-22 11:46:48,453] {logging_mixin.py:109} INFO - [2022-03-22 11:46:48,453] {dagbag.py:500} INFO - Filling up the DagBag from /home/airflow/.local/lib/python3.7/site-packages/airflow/example_dags/example_branch_datetime_operator.py
[2022-03-22 11:46:48,497] {processor.py:654} INFO - DAG(s) dict_keys(['example_branch_datetime_operator_2']) retrieved from /home/airflow/.local/lib/python3.7/site-packages/airflow/example_dags/example_branch_datetime_operator.py
[2022-03-22 11:46:48,512] {logging_mixin.py:109} INFO - [2022-03-22 11:46:48,512] {dag.py:2398} INFO - Sync 1 DAGs
[2022-03-22 11:46:48,541] {logging_mixin.py:109} INFO - [2022-03-22 11:46:48,541] {dag.py:2937} INFO - Setting next_dagrun for example_branch_datetime_operator_2 to 2022-03-21 00:00:00+00:00
[2022-03-22 11:46:48,558] {processor.py:171} INFO - Processing /home/airflow/.local/lib/python3.7/site-packages/airflow/example_dags/example_branch_datetime_operator.py took 0.110 seconds
[2022-03-22 11:47:18,878] {processor.py:163} INFO - Started process (PID=428) to work on /home/airflow/.local/lib/python3.7/site-packages/airflow/example_dags/example_branch_datetime_operator.py
[2022-03-22 11:47:18,881] {processor.py:642} INFO - Processing file /home/airflow/.local/lib/python3.7/site-packages/airflow/example_dags/example_branch_datetime_operator.py for tasks to queue
[2022-03-22 11:47:18,882] {logging_mixin.py:109} INFO - [2022-03-22 11:47:18,882] {dagbag.py:500} INFO - Filling up the DagBag from /home/airflow/.local/lib/python3.7/site-packages/airflow/example_dags/example_branch_datetime_operator.py
[2022-03-22 11:47:18,927] {processor.py:654} INFO - DAG(s) dict_keys(['example_branch_datetime_operator_2']) retrieved from /home/airflow/.local/lib/python3.7/site-packages/airflow/example_dags/example_branch_datetime_operator.py
[2022-03-22 11:47:18,943] {logging_mixin.py:109} INFO - [2022-03-22 11:47:18,943] {dag.py:2398} INFO - Sync 1 DAGs
[2022-03-22 11:47:18,972] {logging_mixin.py:109} INFO - [2022-03-22 11:47:18,971] {dag.py:2937} INFO - Setting next_dagrun for example_branch_datetime_operator_2 to 2022-03-21 00:00:00+00:00
[2022-03-22 11:47:18,988] {processor.py:171} INFO - Processing /home/airflow/.local/lib/python3.7/site-packages/airflow/example_dags/example_branch_datetime_operator.py took 0.113 seconds
[2022-03-22 11:47:49,952] {processor.py:163} INFO - Started process (PID=479) to work on /home/airflow/.local/lib/python3.7/site-packages/airflow/example_dags/example_branch_datetime_operator.py
[2022-03-22 11:47:49,954] {processor.py:642} INFO - Processing file /home/airflow/.local/lib/python3.7/site-packages/airflow/example_dags/example_branch_datetime_operator.py for tasks to queue
[2022-03-22 11:47:49,955] {logging_mixin.py:109} INFO - [2022-03-22 11:47:49,955] {dagbag.py:500} INFO - Filling up the DagBag from /home/airflow/.local/lib/python3.7/site-packages/airflow/example_dags/example_branch_datetime_operator.py
[2022-03-22 11:47:50,010] {processor.py:654} INFO - DAG(s) dict_keys(['example_branch_datetime_operator_2']) retrieved from /home/airflow/.local/lib/python3.7/site-packages/airflow/example_dags/example_branch_datetime_operator.py
[2022-03-22 11:47:50,035] {logging_mixin.py:109} INFO - [2022-03-22 11:47:50,034] {dag.py:2398} INFO - Sync 1 DAGs
[2022-03-22 11:47:50,089] {logging_mixin.py:109} INFO - [2022-03-22 11:47:50,089] {dag.py:2937} INFO - Setting next_dagrun for example_branch_datetime_operator_2 to 2022-03-21 00:00:00+00:00
[2022-03-22 11:47:50,112] {processor.py:171} INFO - Processing /home/airflow/.local/lib/python3.7/site-packages/airflow/example_dags/example_branch_datetime_operator.py took 0.165 seconds
[2022-03-22 11:48:21,022] {processor.py:163} INFO - Started process (PID=530) to work on /home/airflow/.local/lib/python3.7/site-packages/airflow/example_dags/example_branch_datetime_operator.py
[2022-03-22 11:48:21,024] {processor.py:642} INFO - Processing file /home/airflow/.local/lib/python3.7/site-packages/airflow/example_dags/example_branch_datetime_operator.py for tasks to queue
[2022-03-22 11:48:21,025] {logging_mixin.py:109} INFO - [2022-03-22 11:48:21,025] {dagbag.py:500} INFO - Filling up the DagBag from /home/airflow/.local/lib/python3.7/site-packages/airflow/example_dags/example_branch_datetime_operator.py
[2022-03-22 11:48:21,067] {processor.py:654} INFO - DAG(s) dict_keys(['example_branch_datetime_operator_2']) retrieved from /home/airflow/.local/lib/python3.7/site-packages/airflow/example_dags/example_branch_datetime_operator.py
[2022-03-22 11:48:21,081] {logging_mixin.py:109} INFO - [2022-03-22 11:48:21,081] {dag.py:2398} INFO - Sync 1 DAGs
[2022-03-22 11:48:21,108] {logging_mixin.py:109} INFO - [2022-03-22 11:48:21,108] {dag.py:2937} INFO - Setting next_dagrun for example_branch_datetime_operator_2 to 2022-03-21 00:00:00+00:00
[2022-03-22 11:48:21,123] {processor.py:171} INFO - Processing /home/airflow/.local/lib/python3.7/site-packages/airflow/example_dags/example_branch_datetime_operator.py took 0.104 seconds
[2022-03-22 11:48:51,172] {processor.py:163} INFO - Started process (PID=581) to work on /home/airflow/.local/lib/python3.7/site-packages/airflow/example_dags/example_branch_datetime_operator.py
[2022-03-22 11:48:51,175] {processor.py:642} INFO - Processing file /home/airflow/.local/lib/python3.7/site-packages/airflow/example_dags/example_branch_datetime_operator.py for tasks to queue
[2022-03-22 11:48:51,176] {logging_mixin.py:109} INFO - [2022-03-22 11:48:51,176] {dagbag.py:500} INFO - Filling up the DagBag from /home/airflow/.local/lib/python3.7/site-packages/airflow/example_dags/example_branch_datetime_operator.py
[2022-03-22 11:48:51,245] {processor.py:654} INFO - DAG(s) dict_keys(['example_branch_datetime_operator_2']) retrieved from /home/airflow/.local/lib/python3.7/site-packages/airflow/example_dags/example_branch_datetime_operator.py
[2022-03-22 11:48:51,259] {logging_mixin.py:109} INFO - [2022-03-22 11:48:51,259] {dag.py:2398} INFO - Sync 1 DAGs
[2022-03-22 11:48:51,298] {logging_mixin.py:109} INFO - [2022-03-22 11:48:51,298] {dag.py:2937} INFO - Setting next_dagrun for example_branch_datetime_operator_2 to 2022-03-21 00:00:00+00:00
[2022-03-22 11:48:51,317] {processor.py:171} INFO - Processing /home/airflow/.local/lib/python3.7/site-packages/airflow/example_dags/example_branch_datetime_operator.py took 0.150 seconds
