[2022-03-22 11:43:43,354] {processor.py:163} INFO - Started process (PID=63) to work on /home/airflow/.local/lib/python3.7/site-packages/airflow/example_dags/example_latest_only.py
[2022-03-22 11:43:43,355] {processor.py:642} INFO - Processing file /home/airflow/.local/lib/python3.7/site-packages/airflow/example_dags/example_latest_only.py for tasks to queue
[2022-03-22 11:43:43,356] {logging_mixin.py:109} INFO - [2022-03-22 11:43:43,356] {dagbag.py:500} INFO - Filling up the DagBag from /home/airflow/.local/lib/python3.7/site-packages/airflow/example_dags/example_latest_only.py
[2022-03-22 11:43:43,403] {processor.py:654} INFO - DAG(s) dict_keys(['latest_only']) retrieved from /home/airflow/.local/lib/python3.7/site-packages/airflow/example_dags/example_latest_only.py
[2022-03-22 11:43:43,419] {logging_mixin.py:109} INFO - [2022-03-22 11:43:43,419] {dag.py:2398} INFO - Sync 1 DAGs
[2022-03-22 11:43:43,454] {logging_mixin.py:109} INFO - [2022-03-22 11:43:43,454] {dag.py:2937} INFO - Setting next_dagrun for latest_only to 2022-03-22T07:43:43.453815+00:00
[2022-03-22 11:43:43,473] {processor.py:171} INFO - Processing /home/airflow/.local/lib/python3.7/site-packages/airflow/example_dags/example_latest_only.py took 0.121 seconds
[2022-03-22 11:44:14,232] {processor.py:163} INFO - Started process (PID=114) to work on /home/airflow/.local/lib/python3.7/site-packages/airflow/example_dags/example_latest_only.py
[2022-03-22 11:44:14,233] {processor.py:642} INFO - Processing file /home/airflow/.local/lib/python3.7/site-packages/airflow/example_dags/example_latest_only.py for tasks to queue
[2022-03-22 11:44:14,234] {logging_mixin.py:109} INFO - [2022-03-22 11:44:14,234] {dagbag.py:500} INFO - Filling up the DagBag from /home/airflow/.local/lib/python3.7/site-packages/airflow/example_dags/example_latest_only.py
[2022-03-22 11:44:14,283] {processor.py:654} INFO - DAG(s) dict_keys(['latest_only']) retrieved from /home/airflow/.local/lib/python3.7/site-packages/airflow/example_dags/example_latest_only.py
[2022-03-22 11:44:14,302] {logging_mixin.py:109} INFO - [2022-03-22 11:44:14,301] {dag.py:2398} INFO - Sync 1 DAGs
[2022-03-22 11:44:14,333] {logging_mixin.py:109} INFO - [2022-03-22 11:44:14,333] {dag.py:2937} INFO - Setting next_dagrun for latest_only to 2022-03-22T07:44:14.332813+00:00
[2022-03-22 11:44:14,354] {processor.py:171} INFO - Processing /home/airflow/.local/lib/python3.7/site-packages/airflow/example_dags/example_latest_only.py took 0.126 seconds
[2022-03-22 11:44:44,911] {processor.py:163} INFO - Started process (PID=164) to work on /home/airflow/.local/lib/python3.7/site-packages/airflow/example_dags/example_latest_only.py
[2022-03-22 11:44:44,913] {processor.py:642} INFO - Processing file /home/airflow/.local/lib/python3.7/site-packages/airflow/example_dags/example_latest_only.py for tasks to queue
[2022-03-22 11:44:44,914] {logging_mixin.py:109} INFO - [2022-03-22 11:44:44,914] {dagbag.py:500} INFO - Filling up the DagBag from /home/airflow/.local/lib/python3.7/site-packages/airflow/example_dags/example_latest_only.py
[2022-03-22 11:44:44,955] {processor.py:654} INFO - DAG(s) dict_keys(['latest_only']) retrieved from /home/airflow/.local/lib/python3.7/site-packages/airflow/example_dags/example_latest_only.py
[2022-03-22 11:44:44,973] {logging_mixin.py:109} INFO - [2022-03-22 11:44:44,973] {dag.py:2398} INFO - Sync 1 DAGs
[2022-03-22 11:44:45,002] {logging_mixin.py:109} INFO - [2022-03-22 11:44:45,002] {dag.py:2937} INFO - Setting next_dagrun for latest_only to 2022-03-22T07:44:45.001875+00:00
[2022-03-22 11:44:45,020] {processor.py:171} INFO - Processing /home/airflow/.local/lib/python3.7/site-packages/airflow/example_dags/example_latest_only.py took 0.113 seconds
[2022-03-22 11:45:15,549] {processor.py:163} INFO - Started process (PID=216) to work on /home/airflow/.local/lib/python3.7/site-packages/airflow/example_dags/example_latest_only.py
[2022-03-22 11:45:15,551] {processor.py:642} INFO - Processing file /home/airflow/.local/lib/python3.7/site-packages/airflow/example_dags/example_latest_only.py for tasks to queue
[2022-03-22 11:45:15,552] {logging_mixin.py:109} INFO - [2022-03-22 11:45:15,552] {dagbag.py:500} INFO - Filling up the DagBag from /home/airflow/.local/lib/python3.7/site-packages/airflow/example_dags/example_latest_only.py
[2022-03-22 11:45:15,598] {processor.py:654} INFO - DAG(s) dict_keys(['latest_only']) retrieved from /home/airflow/.local/lib/python3.7/site-packages/airflow/example_dags/example_latest_only.py
[2022-03-22 11:45:15,612] {logging_mixin.py:109} INFO - [2022-03-22 11:45:15,612] {dag.py:2398} INFO - Sync 1 DAGs
[2022-03-22 11:45:15,639] {logging_mixin.py:109} INFO - [2022-03-22 11:45:15,639] {dag.py:2937} INFO - Setting next_dagrun for latest_only to 2022-03-22T07:45:15.638673+00:00
[2022-03-22 11:45:15,657] {processor.py:171} INFO - Processing /home/airflow/.local/lib/python3.7/site-packages/airflow/example_dags/example_latest_only.py took 0.111 seconds
[2022-03-22 11:45:46,075] {processor.py:163} INFO - Started process (PID=267) to work on /home/airflow/.local/lib/python3.7/site-packages/airflow/example_dags/example_latest_only.py
[2022-03-22 11:45:46,076] {processor.py:642} INFO - Processing file /home/airflow/.local/lib/python3.7/site-packages/airflow/example_dags/example_latest_only.py for tasks to queue
[2022-03-22 11:45:46,077] {logging_mixin.py:109} INFO - [2022-03-22 11:45:46,077] {dagbag.py:500} INFO - Filling up the DagBag from /home/airflow/.local/lib/python3.7/site-packages/airflow/example_dags/example_latest_only.py
[2022-03-22 11:45:46,124] {processor.py:654} INFO - DAG(s) dict_keys(['latest_only']) retrieved from /home/airflow/.local/lib/python3.7/site-packages/airflow/example_dags/example_latest_only.py
[2022-03-22 11:45:46,144] {logging_mixin.py:109} INFO - [2022-03-22 11:45:46,144] {dag.py:2398} INFO - Sync 1 DAGs
[2022-03-22 11:45:46,179] {logging_mixin.py:109} INFO - [2022-03-22 11:45:46,179] {dag.py:2937} INFO - Setting next_dagrun for latest_only to 2022-03-22T07:45:46.179260+00:00
[2022-03-22 11:45:46,204] {processor.py:171} INFO - Processing /home/airflow/.local/lib/python3.7/site-packages/airflow/example_dags/example_latest_only.py took 0.133 seconds
[2022-03-22 11:46:16,670] {processor.py:163} INFO - Started process (PID=317) to work on /home/airflow/.local/lib/python3.7/site-packages/airflow/example_dags/example_latest_only.py
[2022-03-22 11:46:16,673] {processor.py:642} INFO - Processing file /home/airflow/.local/lib/python3.7/site-packages/airflow/example_dags/example_latest_only.py for tasks to queue
[2022-03-22 11:46:16,674] {logging_mixin.py:109} INFO - [2022-03-22 11:46:16,673] {dagbag.py:500} INFO - Filling up the DagBag from /home/airflow/.local/lib/python3.7/site-packages/airflow/example_dags/example_latest_only.py
[2022-03-22 11:46:16,711] {processor.py:654} INFO - DAG(s) dict_keys(['latest_only']) retrieved from /home/airflow/.local/lib/python3.7/site-packages/airflow/example_dags/example_latest_only.py
[2022-03-22 11:46:16,725] {logging_mixin.py:109} INFO - [2022-03-22 11:46:16,725] {dag.py:2398} INFO - Sync 1 DAGs
[2022-03-22 11:46:16,749] {logging_mixin.py:109} INFO - [2022-03-22 11:46:16,748] {dag.py:2937} INFO - Setting next_dagrun for latest_only to 2022-03-22T07:46:16.748543+00:00
[2022-03-22 11:46:16,764] {processor.py:171} INFO - Processing /home/airflow/.local/lib/python3.7/site-packages/airflow/example_dags/example_latest_only.py took 0.097 seconds
[2022-03-22 11:46:47,435] {processor.py:163} INFO - Started process (PID=369) to work on /home/airflow/.local/lib/python3.7/site-packages/airflow/example_dags/example_latest_only.py
[2022-03-22 11:46:47,436] {processor.py:642} INFO - Processing file /home/airflow/.local/lib/python3.7/site-packages/airflow/example_dags/example_latest_only.py for tasks to queue
[2022-03-22 11:46:47,437] {logging_mixin.py:109} INFO - [2022-03-22 11:46:47,437] {dagbag.py:500} INFO - Filling up the DagBag from /home/airflow/.local/lib/python3.7/site-packages/airflow/example_dags/example_latest_only.py
[2022-03-22 11:46:47,486] {processor.py:654} INFO - DAG(s) dict_keys(['latest_only']) retrieved from /home/airflow/.local/lib/python3.7/site-packages/airflow/example_dags/example_latest_only.py
[2022-03-22 11:46:47,503] {logging_mixin.py:109} INFO - [2022-03-22 11:46:47,503] {dag.py:2398} INFO - Sync 1 DAGs
[2022-03-22 11:46:47,533] {logging_mixin.py:109} INFO - [2022-03-22 11:46:47,533] {dag.py:2937} INFO - Setting next_dagrun for latest_only to 2022-03-22T07:46:47.533008+00:00
[2022-03-22 11:46:47,554] {processor.py:171} INFO - Processing /home/airflow/.local/lib/python3.7/site-packages/airflow/example_dags/example_latest_only.py took 0.122 seconds
[2022-03-22 11:47:17,834] {processor.py:163} INFO - Started process (PID=420) to work on /home/airflow/.local/lib/python3.7/site-packages/airflow/example_dags/example_latest_only.py
[2022-03-22 11:47:17,836] {processor.py:642} INFO - Processing file /home/airflow/.local/lib/python3.7/site-packages/airflow/example_dags/example_latest_only.py for tasks to queue
[2022-03-22 11:47:17,837] {logging_mixin.py:109} INFO - [2022-03-22 11:47:17,836] {dagbag.py:500} INFO - Filling up the DagBag from /home/airflow/.local/lib/python3.7/site-packages/airflow/example_dags/example_latest_only.py
[2022-03-22 11:47:17,887] {processor.py:654} INFO - DAG(s) dict_keys(['latest_only']) retrieved from /home/airflow/.local/lib/python3.7/site-packages/airflow/example_dags/example_latest_only.py
[2022-03-22 11:47:17,906] {logging_mixin.py:109} INFO - [2022-03-22 11:47:17,906] {dag.py:2398} INFO - Sync 1 DAGs
[2022-03-22 11:47:17,935] {logging_mixin.py:109} INFO - [2022-03-22 11:47:17,935] {dag.py:2937} INFO - Setting next_dagrun for latest_only to 2022-03-22T07:47:17.935376+00:00
[2022-03-22 11:47:17,951] {processor.py:171} INFO - Processing /home/airflow/.local/lib/python3.7/site-packages/airflow/example_dags/example_latest_only.py took 0.120 seconds
[2022-03-22 11:47:48,701] {processor.py:163} INFO - Started process (PID=470) to work on /home/airflow/.local/lib/python3.7/site-packages/airflow/example_dags/example_latest_only.py
[2022-03-22 11:47:48,703] {processor.py:642} INFO - Processing file /home/airflow/.local/lib/python3.7/site-packages/airflow/example_dags/example_latest_only.py for tasks to queue
[2022-03-22 11:47:48,704] {logging_mixin.py:109} INFO - [2022-03-22 11:47:48,704] {dagbag.py:500} INFO - Filling up the DagBag from /home/airflow/.local/lib/python3.7/site-packages/airflow/example_dags/example_latest_only.py
[2022-03-22 11:47:48,751] {processor.py:654} INFO - DAG(s) dict_keys(['latest_only']) retrieved from /home/airflow/.local/lib/python3.7/site-packages/airflow/example_dags/example_latest_only.py
[2022-03-22 11:47:48,768] {logging_mixin.py:109} INFO - [2022-03-22 11:47:48,768] {dag.py:2398} INFO - Sync 1 DAGs
[2022-03-22 11:47:48,798] {logging_mixin.py:109} INFO - [2022-03-22 11:47:48,798] {dag.py:2937} INFO - Setting next_dagrun for latest_only to 2022-03-22T07:47:48.798128+00:00
[2022-03-22 11:47:48,818] {processor.py:171} INFO - Processing /home/airflow/.local/lib/python3.7/site-packages/airflow/example_dags/example_latest_only.py took 0.121 seconds
[2022-03-22 11:48:19,115] {processor.py:163} INFO - Started process (PID=521) to work on /home/airflow/.local/lib/python3.7/site-packages/airflow/example_dags/example_latest_only.py
[2022-03-22 11:48:19,116] {processor.py:642} INFO - Processing file /home/airflow/.local/lib/python3.7/site-packages/airflow/example_dags/example_latest_only.py for tasks to queue
[2022-03-22 11:48:19,117] {logging_mixin.py:109} INFO - [2022-03-22 11:48:19,117] {dagbag.py:500} INFO - Filling up the DagBag from /home/airflow/.local/lib/python3.7/site-packages/airflow/example_dags/example_latest_only.py
[2022-03-22 11:48:19,169] {processor.py:654} INFO - DAG(s) dict_keys(['latest_only']) retrieved from /home/airflow/.local/lib/python3.7/site-packages/airflow/example_dags/example_latest_only.py
[2022-03-22 11:48:19,186] {logging_mixin.py:109} INFO - [2022-03-22 11:48:19,185] {dag.py:2398} INFO - Sync 1 DAGs
[2022-03-22 11:48:19,212] {logging_mixin.py:109} INFO - [2022-03-22 11:48:19,212] {dag.py:2937} INFO - Setting next_dagrun for latest_only to 2022-03-22T07:48:19.211759+00:00
[2022-03-22 11:48:19,231] {processor.py:171} INFO - Processing /home/airflow/.local/lib/python3.7/site-packages/airflow/example_dags/example_latest_only.py took 0.119 seconds
[2022-03-22 11:48:49,352] {processor.py:163} INFO - Started process (PID=573) to work on /home/airflow/.local/lib/python3.7/site-packages/airflow/example_dags/example_latest_only.py
[2022-03-22 11:48:49,353] {processor.py:642} INFO - Processing file /home/airflow/.local/lib/python3.7/site-packages/airflow/example_dags/example_latest_only.py for tasks to queue
[2022-03-22 11:48:49,354] {logging_mixin.py:109} INFO - [2022-03-22 11:48:49,354] {dagbag.py:500} INFO - Filling up the DagBag from /home/airflow/.local/lib/python3.7/site-packages/airflow/example_dags/example_latest_only.py
[2022-03-22 11:48:49,404] {processor.py:654} INFO - DAG(s) dict_keys(['latest_only']) retrieved from /home/airflow/.local/lib/python3.7/site-packages/airflow/example_dags/example_latest_only.py
[2022-03-22 11:48:49,424] {logging_mixin.py:109} INFO - [2022-03-22 11:48:49,423] {dag.py:2398} INFO - Sync 1 DAGs
[2022-03-22 11:48:49,459] {logging_mixin.py:109} INFO - [2022-03-22 11:48:49,459] {dag.py:2937} INFO - Setting next_dagrun for latest_only to 2022-03-22T07:48:49.459016+00:00
[2022-03-22 11:48:49,482] {processor.py:171} INFO - Processing /home/airflow/.local/lib/python3.7/site-packages/airflow/example_dags/example_latest_only.py took 0.133 seconds
