[2022-03-22 11:43:45,638] {processor.py:163} INFO - Started process (PID=78) to work on /home/airflow/.local/lib/python3.7/site-packages/airflow/example_dags/example_external_task_marker_dag.py
[2022-03-22 11:43:45,641] {processor.py:642} INFO - Processing file /home/airflow/.local/lib/python3.7/site-packages/airflow/example_dags/example_external_task_marker_dag.py for tasks to queue
[2022-03-22 11:43:45,643] {logging_mixin.py:109} INFO - [2022-03-22 11:43:45,642] {dagbag.py:500} INFO - Filling up the DagBag from /home/airflow/.local/lib/python3.7/site-packages/airflow/example_dags/example_external_task_marker_dag.py
[2022-03-22 11:43:45,735] {processor.py:654} INFO - DAG(s) dict_keys(['example_external_task_marker_parent', 'example_external_task_marker_child']) retrieved from /home/airflow/.local/lib/python3.7/site-packages/airflow/example_dags/example_external_task_marker_dag.py
[2022-03-22 11:43:45,771] {logging_mixin.py:109} INFO - [2022-03-22 11:43:45,770] {dag.py:2398} INFO - Sync 2 DAGs
[2022-03-22 11:43:45,814] {logging_mixin.py:109} INFO - [2022-03-22 11:43:45,814] {dag.py:2937} INFO - Setting next_dagrun for example_external_task_marker_child to None
[2022-03-22 11:43:45,815] {logging_mixin.py:109} INFO - [2022-03-22 11:43:45,815] {dag.py:2937} INFO - Setting next_dagrun for example_external_task_marker_parent to None
[2022-03-22 11:43:45,840] {processor.py:171} INFO - Processing /home/airflow/.local/lib/python3.7/site-packages/airflow/example_dags/example_external_task_marker_dag.py took 0.208 seconds
[2022-03-22 11:44:15,934] {processor.py:163} INFO - Started process (PID=128) to work on /home/airflow/.local/lib/python3.7/site-packages/airflow/example_dags/example_external_task_marker_dag.py
[2022-03-22 11:44:15,936] {processor.py:642} INFO - Processing file /home/airflow/.local/lib/python3.7/site-packages/airflow/example_dags/example_external_task_marker_dag.py for tasks to queue
[2022-03-22 11:44:15,937] {logging_mixin.py:109} INFO - [2022-03-22 11:44:15,937] {dagbag.py:500} INFO - Filling up the DagBag from /home/airflow/.local/lib/python3.7/site-packages/airflow/example_dags/example_external_task_marker_dag.py
[2022-03-22 11:44:16,014] {processor.py:654} INFO - DAG(s) dict_keys(['example_external_task_marker_parent', 'example_external_task_marker_child']) retrieved from /home/airflow/.local/lib/python3.7/site-packages/airflow/example_dags/example_external_task_marker_dag.py
[2022-03-22 11:44:16,035] {logging_mixin.py:109} INFO - [2022-03-22 11:44:16,035] {dag.py:2398} INFO - Sync 2 DAGs
[2022-03-22 11:44:16,069] {logging_mixin.py:109} INFO - [2022-03-22 11:44:16,068] {dag.py:2937} INFO - Setting next_dagrun for example_external_task_marker_child to None
[2022-03-22 11:44:16,069] {logging_mixin.py:109} INFO - [2022-03-22 11:44:16,069] {dag.py:2937} INFO - Setting next_dagrun for example_external_task_marker_parent to None
[2022-03-22 11:44:16,084] {processor.py:171} INFO - Processing /home/airflow/.local/lib/python3.7/site-packages/airflow/example_dags/example_external_task_marker_dag.py took 0.154 seconds
[2022-03-22 11:44:46,377] {processor.py:163} INFO - Started process (PID=178) to work on /home/airflow/.local/lib/python3.7/site-packages/airflow/example_dags/example_external_task_marker_dag.py
[2022-03-22 11:44:46,380] {processor.py:642} INFO - Processing file /home/airflow/.local/lib/python3.7/site-packages/airflow/example_dags/example_external_task_marker_dag.py for tasks to queue
[2022-03-22 11:44:46,380] {logging_mixin.py:109} INFO - [2022-03-22 11:44:46,380] {dagbag.py:500} INFO - Filling up the DagBag from /home/airflow/.local/lib/python3.7/site-packages/airflow/example_dags/example_external_task_marker_dag.py
[2022-03-22 11:44:46,500] {processor.py:654} INFO - DAG(s) dict_keys(['example_external_task_marker_parent', 'example_external_task_marker_child']) retrieved from /home/airflow/.local/lib/python3.7/site-packages/airflow/example_dags/example_external_task_marker_dag.py
[2022-03-22 11:44:46,539] {logging_mixin.py:109} INFO - [2022-03-22 11:44:46,539] {dag.py:2398} INFO - Sync 2 DAGs
[2022-03-22 11:44:46,587] {logging_mixin.py:109} INFO - [2022-03-22 11:44:46,586] {dag.py:2937} INFO - Setting next_dagrun for example_external_task_marker_child to None
[2022-03-22 11:44:46,587] {logging_mixin.py:109} INFO - [2022-03-22 11:44:46,587] {dag.py:2937} INFO - Setting next_dagrun for example_external_task_marker_parent to None
[2022-03-22 11:44:46,609] {processor.py:171} INFO - Processing /home/airflow/.local/lib/python3.7/site-packages/airflow/example_dags/example_external_task_marker_dag.py took 0.238 seconds
[2022-03-22 11:45:17,163] {processor.py:163} INFO - Started process (PID=230) to work on /home/airflow/.local/lib/python3.7/site-packages/airflow/example_dags/example_external_task_marker_dag.py
[2022-03-22 11:45:17,164] {processor.py:642} INFO - Processing file /home/airflow/.local/lib/python3.7/site-packages/airflow/example_dags/example_external_task_marker_dag.py for tasks to queue
[2022-03-22 11:45:17,166] {logging_mixin.py:109} INFO - [2022-03-22 11:45:17,166] {dagbag.py:500} INFO - Filling up the DagBag from /home/airflow/.local/lib/python3.7/site-packages/airflow/example_dags/example_external_task_marker_dag.py
[2022-03-22 11:45:17,343] {processor.py:654} INFO - DAG(s) dict_keys(['example_external_task_marker_parent', 'example_external_task_marker_child']) retrieved from /home/airflow/.local/lib/python3.7/site-packages/airflow/example_dags/example_external_task_marker_dag.py
[2022-03-22 11:45:17,366] {logging_mixin.py:109} INFO - [2022-03-22 11:45:17,365] {dag.py:2398} INFO - Sync 2 DAGs
[2022-03-22 11:45:17,413] {logging_mixin.py:109} INFO - [2022-03-22 11:45:17,413] {dag.py:2937} INFO - Setting next_dagrun for example_external_task_marker_child to None
[2022-03-22 11:45:17,414] {logging_mixin.py:109} INFO - [2022-03-22 11:45:17,414] {dag.py:2937} INFO - Setting next_dagrun for example_external_task_marker_parent to None
[2022-03-22 11:45:17,432] {processor.py:171} INFO - Processing /home/airflow/.local/lib/python3.7/site-packages/airflow/example_dags/example_external_task_marker_dag.py took 0.275 seconds
[2022-03-22 11:45:47,958] {processor.py:163} INFO - Started process (PID=281) to work on /home/airflow/.local/lib/python3.7/site-packages/airflow/example_dags/example_external_task_marker_dag.py
[2022-03-22 11:45:47,960] {processor.py:642} INFO - Processing file /home/airflow/.local/lib/python3.7/site-packages/airflow/example_dags/example_external_task_marker_dag.py for tasks to queue
[2022-03-22 11:45:47,961] {logging_mixin.py:109} INFO - [2022-03-22 11:45:47,960] {dagbag.py:500} INFO - Filling up the DagBag from /home/airflow/.local/lib/python3.7/site-packages/airflow/example_dags/example_external_task_marker_dag.py
[2022-03-22 11:45:48,016] {processor.py:654} INFO - DAG(s) dict_keys(['example_external_task_marker_parent', 'example_external_task_marker_child']) retrieved from /home/airflow/.local/lib/python3.7/site-packages/airflow/example_dags/example_external_task_marker_dag.py
[2022-03-22 11:45:48,042] {logging_mixin.py:109} INFO - [2022-03-22 11:45:48,042] {dag.py:2398} INFO - Sync 2 DAGs
[2022-03-22 11:45:48,071] {logging_mixin.py:109} INFO - [2022-03-22 11:45:48,071] {dag.py:2937} INFO - Setting next_dagrun for example_external_task_marker_child to None
[2022-03-22 11:45:48,072] {logging_mixin.py:109} INFO - [2022-03-22 11:45:48,072] {dag.py:2937} INFO - Setting next_dagrun for example_external_task_marker_parent to None
[2022-03-22 11:45:48,092] {processor.py:171} INFO - Processing /home/airflow/.local/lib/python3.7/site-packages/airflow/example_dags/example_external_task_marker_dag.py took 0.138 seconds
[2022-03-22 11:46:18,651] {processor.py:163} INFO - Started process (PID=332) to work on /home/airflow/.local/lib/python3.7/site-packages/airflow/example_dags/example_external_task_marker_dag.py
[2022-03-22 11:46:18,653] {processor.py:642} INFO - Processing file /home/airflow/.local/lib/python3.7/site-packages/airflow/example_dags/example_external_task_marker_dag.py for tasks to queue
[2022-03-22 11:46:18,653] {logging_mixin.py:109} INFO - [2022-03-22 11:46:18,653] {dagbag.py:500} INFO - Filling up the DagBag from /home/airflow/.local/lib/python3.7/site-packages/airflow/example_dags/example_external_task_marker_dag.py
[2022-03-22 11:46:18,695] {processor.py:654} INFO - DAG(s) dict_keys(['example_external_task_marker_parent', 'example_external_task_marker_child']) retrieved from /home/airflow/.local/lib/python3.7/site-packages/airflow/example_dags/example_external_task_marker_dag.py
[2022-03-22 11:46:18,716] {logging_mixin.py:109} INFO - [2022-03-22 11:46:18,716] {dag.py:2398} INFO - Sync 2 DAGs
[2022-03-22 11:46:18,740] {logging_mixin.py:109} INFO - [2022-03-22 11:46:18,740] {dag.py:2937} INFO - Setting next_dagrun for example_external_task_marker_child to None
[2022-03-22 11:46:18,741] {logging_mixin.py:109} INFO - [2022-03-22 11:46:18,741] {dag.py:2937} INFO - Setting next_dagrun for example_external_task_marker_parent to None
[2022-03-22 11:46:18,757] {processor.py:171} INFO - Processing /home/airflow/.local/lib/python3.7/site-packages/airflow/example_dags/example_external_task_marker_dag.py took 0.109 seconds
[2022-03-22 11:46:49,355] {processor.py:163} INFO - Started process (PID=384) to work on /home/airflow/.local/lib/python3.7/site-packages/airflow/example_dags/example_external_task_marker_dag.py
[2022-03-22 11:46:49,357] {processor.py:642} INFO - Processing file /home/airflow/.local/lib/python3.7/site-packages/airflow/example_dags/example_external_task_marker_dag.py for tasks to queue
[2022-03-22 11:46:49,358] {logging_mixin.py:109} INFO - [2022-03-22 11:46:49,358] {dagbag.py:500} INFO - Filling up the DagBag from /home/airflow/.local/lib/python3.7/site-packages/airflow/example_dags/example_external_task_marker_dag.py
[2022-03-22 11:46:49,410] {processor.py:654} INFO - DAG(s) dict_keys(['example_external_task_marker_parent', 'example_external_task_marker_child']) retrieved from /home/airflow/.local/lib/python3.7/site-packages/airflow/example_dags/example_external_task_marker_dag.py
[2022-03-22 11:46:49,432] {logging_mixin.py:109} INFO - [2022-03-22 11:46:49,432] {dag.py:2398} INFO - Sync 2 DAGs
[2022-03-22 11:46:49,457] {logging_mixin.py:109} INFO - [2022-03-22 11:46:49,456] {dag.py:2937} INFO - Setting next_dagrun for example_external_task_marker_child to None
[2022-03-22 11:46:49,457] {logging_mixin.py:109} INFO - [2022-03-22 11:46:49,457] {dag.py:2937} INFO - Setting next_dagrun for example_external_task_marker_parent to None
[2022-03-22 11:46:49,474] {processor.py:171} INFO - Processing /home/airflow/.local/lib/python3.7/site-packages/airflow/example_dags/example_external_task_marker_dag.py took 0.123 seconds
[2022-03-22 11:47:20,046] {processor.py:163} INFO - Started process (PID=435) to work on /home/airflow/.local/lib/python3.7/site-packages/airflow/example_dags/example_external_task_marker_dag.py
[2022-03-22 11:47:20,047] {processor.py:642} INFO - Processing file /home/airflow/.local/lib/python3.7/site-packages/airflow/example_dags/example_external_task_marker_dag.py for tasks to queue
[2022-03-22 11:47:20,048] {logging_mixin.py:109} INFO - [2022-03-22 11:47:20,047] {dagbag.py:500} INFO - Filling up the DagBag from /home/airflow/.local/lib/python3.7/site-packages/airflow/example_dags/example_external_task_marker_dag.py
[2022-03-22 11:47:20,089] {processor.py:654} INFO - DAG(s) dict_keys(['example_external_task_marker_parent', 'example_external_task_marker_child']) retrieved from /home/airflow/.local/lib/python3.7/site-packages/airflow/example_dags/example_external_task_marker_dag.py
[2022-03-22 11:47:20,110] {logging_mixin.py:109} INFO - [2022-03-22 11:47:20,109] {dag.py:2398} INFO - Sync 2 DAGs
[2022-03-22 11:47:20,134] {logging_mixin.py:109} INFO - [2022-03-22 11:47:20,134] {dag.py:2937} INFO - Setting next_dagrun for example_external_task_marker_child to None
[2022-03-22 11:47:20,134] {logging_mixin.py:109} INFO - [2022-03-22 11:47:20,134] {dag.py:2937} INFO - Setting next_dagrun for example_external_task_marker_parent to None
[2022-03-22 11:47:20,151] {processor.py:171} INFO - Processing /home/airflow/.local/lib/python3.7/site-packages/airflow/example_dags/example_external_task_marker_dag.py took 0.109 seconds
[2022-03-22 11:47:51,138] {processor.py:163} INFO - Started process (PID=486) to work on /home/airflow/.local/lib/python3.7/site-packages/airflow/example_dags/example_external_task_marker_dag.py
[2022-03-22 11:47:51,140] {processor.py:642} INFO - Processing file /home/airflow/.local/lib/python3.7/site-packages/airflow/example_dags/example_external_task_marker_dag.py for tasks to queue
[2022-03-22 11:47:51,142] {logging_mixin.py:109} INFO - [2022-03-22 11:47:51,141] {dagbag.py:500} INFO - Filling up the DagBag from /home/airflow/.local/lib/python3.7/site-packages/airflow/example_dags/example_external_task_marker_dag.py
[2022-03-22 11:47:51,183] {processor.py:654} INFO - DAG(s) dict_keys(['example_external_task_marker_parent', 'example_external_task_marker_child']) retrieved from /home/airflow/.local/lib/python3.7/site-packages/airflow/example_dags/example_external_task_marker_dag.py
[2022-03-22 11:47:51,204] {logging_mixin.py:109} INFO - [2022-03-22 11:47:51,203] {dag.py:2398} INFO - Sync 2 DAGs
[2022-03-22 11:47:51,229] {logging_mixin.py:109} INFO - [2022-03-22 11:47:51,228] {dag.py:2937} INFO - Setting next_dagrun for example_external_task_marker_child to None
[2022-03-22 11:47:51,229] {logging_mixin.py:109} INFO - [2022-03-22 11:47:51,229] {dag.py:2937} INFO - Setting next_dagrun for example_external_task_marker_parent to None
[2022-03-22 11:47:51,251] {processor.py:171} INFO - Processing /home/airflow/.local/lib/python3.7/site-packages/airflow/example_dags/example_external_task_marker_dag.py took 0.116 seconds
[2022-03-22 11:48:22,079] {processor.py:163} INFO - Started process (PID=537) to work on /home/airflow/.local/lib/python3.7/site-packages/airflow/example_dags/example_external_task_marker_dag.py
[2022-03-22 11:48:22,080] {processor.py:642} INFO - Processing file /home/airflow/.local/lib/python3.7/site-packages/airflow/example_dags/example_external_task_marker_dag.py for tasks to queue
[2022-03-22 11:48:22,081] {logging_mixin.py:109} INFO - [2022-03-22 11:48:22,081] {dagbag.py:500} INFO - Filling up the DagBag from /home/airflow/.local/lib/python3.7/site-packages/airflow/example_dags/example_external_task_marker_dag.py
[2022-03-22 11:48:22,123] {processor.py:654} INFO - DAG(s) dict_keys(['example_external_task_marker_parent', 'example_external_task_marker_child']) retrieved from /home/airflow/.local/lib/python3.7/site-packages/airflow/example_dags/example_external_task_marker_dag.py
[2022-03-22 11:48:22,143] {logging_mixin.py:109} INFO - [2022-03-22 11:48:22,143] {dag.py:2398} INFO - Sync 2 DAGs
[2022-03-22 11:48:22,169] {logging_mixin.py:109} INFO - [2022-03-22 11:48:22,169] {dag.py:2937} INFO - Setting next_dagrun for example_external_task_marker_child to None
[2022-03-22 11:48:22,169] {logging_mixin.py:109} INFO - [2022-03-22 11:48:22,169] {dag.py:2937} INFO - Setting next_dagrun for example_external_task_marker_parent to None
[2022-03-22 11:48:22,186] {processor.py:171} INFO - Processing /home/airflow/.local/lib/python3.7/site-packages/airflow/example_dags/example_external_task_marker_dag.py took 0.110 seconds
[2022-03-22 11:48:52,723] {processor.py:163} INFO - Started process (PID=589) to work on /home/airflow/.local/lib/python3.7/site-packages/airflow/example_dags/example_external_task_marker_dag.py
[2022-03-22 11:48:52,724] {processor.py:642} INFO - Processing file /home/airflow/.local/lib/python3.7/site-packages/airflow/example_dags/example_external_task_marker_dag.py for tasks to queue
[2022-03-22 11:48:52,724] {logging_mixin.py:109} INFO - [2022-03-22 11:48:52,724] {dagbag.py:500} INFO - Filling up the DagBag from /home/airflow/.local/lib/python3.7/site-packages/airflow/example_dags/example_external_task_marker_dag.py
[2022-03-22 11:48:52,776] {processor.py:654} INFO - DAG(s) dict_keys(['example_external_task_marker_parent', 'example_external_task_marker_child']) retrieved from /home/airflow/.local/lib/python3.7/site-packages/airflow/example_dags/example_external_task_marker_dag.py
[2022-03-22 11:48:52,797] {logging_mixin.py:109} INFO - [2022-03-22 11:48:52,796] {dag.py:2398} INFO - Sync 2 DAGs
[2022-03-22 11:48:52,827] {logging_mixin.py:109} INFO - [2022-03-22 11:48:52,826] {dag.py:2937} INFO - Setting next_dagrun for example_external_task_marker_child to None
[2022-03-22 11:48:52,827] {logging_mixin.py:109} INFO - [2022-03-22 11:48:52,827] {dag.py:2937} INFO - Setting next_dagrun for example_external_task_marker_parent to None
[2022-03-22 11:48:52,845] {processor.py:171} INFO - Processing /home/airflow/.local/lib/python3.7/site-packages/airflow/example_dags/example_external_task_marker_dag.py took 0.125 seconds
