[2022-03-22 11:43:43,491] {processor.py:163} INFO - Started process (PID=65) to work on /home/airflow/.local/lib/python3.7/site-packages/airflow/example_dags/example_sla_dag.py
[2022-03-22 11:43:43,492] {processor.py:642} INFO - Processing file /home/airflow/.local/lib/python3.7/site-packages/airflow/example_dags/example_sla_dag.py for tasks to queue
[2022-03-22 11:43:43,493] {logging_mixin.py:109} INFO - [2022-03-22 11:43:43,493] {dagbag.py:500} INFO - Filling up the DagBag from /home/airflow/.local/lib/python3.7/site-packages/airflow/example_dags/example_sla_dag.py
[2022-03-22 11:43:43,552] {processor.py:654} INFO - DAG(s) dict_keys(['example_sla_dag']) retrieved from /home/airflow/.local/lib/python3.7/site-packages/airflow/example_dags/example_sla_dag.py
[2022-03-22 11:43:43,571] {logging_mixin.py:109} INFO - [2022-03-22 11:43:43,571] {dag.py:2398} INFO - Sync 1 DAGs
[2022-03-22 11:43:43,613] {logging_mixin.py:109} INFO - [2022-03-22 11:43:43,613] {dag.py:2937} INFO - Setting next_dagrun for example_sla_dag to 2022-03-22T11:40:00+00:00
[2022-03-22 11:43:43,633] {processor.py:171} INFO - Processing /home/airflow/.local/lib/python3.7/site-packages/airflow/example_dags/example_sla_dag.py took 0.145 seconds
[2022-03-22 11:44:14,374] {processor.py:163} INFO - Started process (PID=116) to work on /home/airflow/.local/lib/python3.7/site-packages/airflow/example_dags/example_sla_dag.py
[2022-03-22 11:44:14,375] {processor.py:642} INFO - Processing file /home/airflow/.local/lib/python3.7/site-packages/airflow/example_dags/example_sla_dag.py for tasks to queue
[2022-03-22 11:44:14,376] {logging_mixin.py:109} INFO - [2022-03-22 11:44:14,376] {dagbag.py:500} INFO - Filling up the DagBag from /home/airflow/.local/lib/python3.7/site-packages/airflow/example_dags/example_sla_dag.py
[2022-03-22 11:44:14,431] {processor.py:654} INFO - DAG(s) dict_keys(['example_sla_dag']) retrieved from /home/airflow/.local/lib/python3.7/site-packages/airflow/example_dags/example_sla_dag.py
[2022-03-22 11:44:14,450] {logging_mixin.py:109} INFO - [2022-03-22 11:44:14,450] {dag.py:2398} INFO - Sync 1 DAGs
[2022-03-22 11:44:14,487] {logging_mixin.py:109} INFO - [2022-03-22 11:44:14,487] {dag.py:2937} INFO - Setting next_dagrun for example_sla_dag to 2022-03-22T11:42:00+00:00
[2022-03-22 11:44:14,505] {processor.py:171} INFO - Processing /home/airflow/.local/lib/python3.7/site-packages/airflow/example_dags/example_sla_dag.py took 0.134 seconds
[2022-03-22 11:44:45,145] {processor.py:163} INFO - Started process (PID=166) to work on /home/airflow/.local/lib/python3.7/site-packages/airflow/example_dags/example_sla_dag.py
[2022-03-22 11:44:45,147] {processor.py:642} INFO - Processing file /home/airflow/.local/lib/python3.7/site-packages/airflow/example_dags/example_sla_dag.py for tasks to queue
[2022-03-22 11:44:45,148] {logging_mixin.py:109} INFO - [2022-03-22 11:44:45,148] {dagbag.py:500} INFO - Filling up the DagBag from /home/airflow/.local/lib/python3.7/site-packages/airflow/example_dags/example_sla_dag.py
[2022-03-22 11:44:45,210] {processor.py:654} INFO - DAG(s) dict_keys(['example_sla_dag']) retrieved from /home/airflow/.local/lib/python3.7/site-packages/airflow/example_dags/example_sla_dag.py
[2022-03-22 11:44:45,227] {logging_mixin.py:109} INFO - [2022-03-22 11:44:45,226] {dag.py:2398} INFO - Sync 1 DAGs
[2022-03-22 11:44:45,266] {logging_mixin.py:109} INFO - [2022-03-22 11:44:45,266] {dag.py:2937} INFO - Setting next_dagrun for example_sla_dag to 2022-03-22T11:42:00+00:00
[2022-03-22 11:44:45,284] {processor.py:171} INFO - Processing /home/airflow/.local/lib/python3.7/site-packages/airflow/example_dags/example_sla_dag.py took 0.141 seconds
[2022-03-22 11:45:15,839] {processor.py:163} INFO - Started process (PID=218) to work on /home/airflow/.local/lib/python3.7/site-packages/airflow/example_dags/example_sla_dag.py
[2022-03-22 11:45:15,841] {processor.py:642} INFO - Processing file /home/airflow/.local/lib/python3.7/site-packages/airflow/example_dags/example_sla_dag.py for tasks to queue
[2022-03-22 11:45:15,842] {logging_mixin.py:109} INFO - [2022-03-22 11:45:15,842] {dagbag.py:500} INFO - Filling up the DagBag from /home/airflow/.local/lib/python3.7/site-packages/airflow/example_dags/example_sla_dag.py
[2022-03-22 11:45:15,899] {processor.py:654} INFO - DAG(s) dict_keys(['example_sla_dag']) retrieved from /home/airflow/.local/lib/python3.7/site-packages/airflow/example_dags/example_sla_dag.py
[2022-03-22 11:45:15,916] {logging_mixin.py:109} INFO - [2022-03-22 11:45:15,916] {dag.py:2398} INFO - Sync 1 DAGs
[2022-03-22 11:45:15,954] {logging_mixin.py:109} INFO - [2022-03-22 11:45:15,954] {dag.py:2937} INFO - Setting next_dagrun for example_sla_dag to 2022-03-22T11:42:00+00:00
[2022-03-22 11:45:15,971] {processor.py:171} INFO - Processing /home/airflow/.local/lib/python3.7/site-packages/airflow/example_dags/example_sla_dag.py took 0.136 seconds
[2022-03-22 11:45:46,377] {processor.py:163} INFO - Started process (PID=269) to work on /home/airflow/.local/lib/python3.7/site-packages/airflow/example_dags/example_sla_dag.py
[2022-03-22 11:45:46,379] {processor.py:642} INFO - Processing file /home/airflow/.local/lib/python3.7/site-packages/airflow/example_dags/example_sla_dag.py for tasks to queue
[2022-03-22 11:45:46,380] {logging_mixin.py:109} INFO - [2022-03-22 11:45:46,380] {dagbag.py:500} INFO - Filling up the DagBag from /home/airflow/.local/lib/python3.7/site-packages/airflow/example_dags/example_sla_dag.py
[2022-03-22 11:45:46,430] {processor.py:654} INFO - DAG(s) dict_keys(['example_sla_dag']) retrieved from /home/airflow/.local/lib/python3.7/site-packages/airflow/example_dags/example_sla_dag.py
[2022-03-22 11:45:46,445] {logging_mixin.py:109} INFO - [2022-03-22 11:45:46,445] {dag.py:2398} INFO - Sync 1 DAGs
[2022-03-22 11:45:46,488] {logging_mixin.py:109} INFO - [2022-03-22 11:45:46,488] {dag.py:2937} INFO - Setting next_dagrun for example_sla_dag to 2022-03-22T11:42:00+00:00
[2022-03-22 11:45:46,511] {processor.py:171} INFO - Processing /home/airflow/.local/lib/python3.7/site-packages/airflow/example_dags/example_sla_dag.py took 0.138 seconds
[2022-03-22 11:46:16,971] {processor.py:163} INFO - Started process (PID=320) to work on /home/airflow/.local/lib/python3.7/site-packages/airflow/example_dags/example_sla_dag.py
[2022-03-22 11:46:16,972] {processor.py:642} INFO - Processing file /home/airflow/.local/lib/python3.7/site-packages/airflow/example_dags/example_sla_dag.py for tasks to queue
[2022-03-22 11:46:16,972] {logging_mixin.py:109} INFO - [2022-03-22 11:46:16,972] {dagbag.py:500} INFO - Filling up the DagBag from /home/airflow/.local/lib/python3.7/site-packages/airflow/example_dags/example_sla_dag.py
[2022-03-22 11:46:17,026] {processor.py:654} INFO - DAG(s) dict_keys(['example_sla_dag']) retrieved from /home/airflow/.local/lib/python3.7/site-packages/airflow/example_dags/example_sla_dag.py
[2022-03-22 11:46:17,041] {logging_mixin.py:109} INFO - [2022-03-22 11:46:17,041] {dag.py:2398} INFO - Sync 1 DAGs
[2022-03-22 11:46:17,074] {logging_mixin.py:109} INFO - [2022-03-22 11:46:17,074] {dag.py:2937} INFO - Setting next_dagrun for example_sla_dag to 2022-03-22T11:44:00+00:00
[2022-03-22 11:46:17,093] {processor.py:171} INFO - Processing /home/airflow/.local/lib/python3.7/site-packages/airflow/example_dags/example_sla_dag.py took 0.126 seconds
[2022-03-22 11:46:47,728] {processor.py:163} INFO - Started process (PID=371) to work on /home/airflow/.local/lib/python3.7/site-packages/airflow/example_dags/example_sla_dag.py
[2022-03-22 11:46:47,731] {processor.py:642} INFO - Processing file /home/airflow/.local/lib/python3.7/site-packages/airflow/example_dags/example_sla_dag.py for tasks to queue
[2022-03-22 11:46:47,732] {logging_mixin.py:109} INFO - [2022-03-22 11:46:47,732] {dagbag.py:500} INFO - Filling up the DagBag from /home/airflow/.local/lib/python3.7/site-packages/airflow/example_dags/example_sla_dag.py
[2022-03-22 11:46:47,795] {processor.py:654} INFO - DAG(s) dict_keys(['example_sla_dag']) retrieved from /home/airflow/.local/lib/python3.7/site-packages/airflow/example_dags/example_sla_dag.py
[2022-03-22 11:46:47,813] {logging_mixin.py:109} INFO - [2022-03-22 11:46:47,813] {dag.py:2398} INFO - Sync 1 DAGs
[2022-03-22 11:46:47,872] {logging_mixin.py:109} INFO - [2022-03-22 11:46:47,872] {dag.py:2937} INFO - Setting next_dagrun for example_sla_dag to 2022-03-22T11:44:00+00:00
[2022-03-22 11:46:47,893] {processor.py:171} INFO - Processing /home/airflow/.local/lib/python3.7/site-packages/airflow/example_dags/example_sla_dag.py took 0.169 seconds
[2022-03-22 11:47:18,128] {processor.py:163} INFO - Started process (PID=422) to work on /home/airflow/.local/lib/python3.7/site-packages/airflow/example_dags/example_sla_dag.py
[2022-03-22 11:47:18,129] {processor.py:642} INFO - Processing file /home/airflow/.local/lib/python3.7/site-packages/airflow/example_dags/example_sla_dag.py for tasks to queue
[2022-03-22 11:47:18,130] {logging_mixin.py:109} INFO - [2022-03-22 11:47:18,130] {dagbag.py:500} INFO - Filling up the DagBag from /home/airflow/.local/lib/python3.7/site-packages/airflow/example_dags/example_sla_dag.py
[2022-03-22 11:47:18,184] {processor.py:654} INFO - DAG(s) dict_keys(['example_sla_dag']) retrieved from /home/airflow/.local/lib/python3.7/site-packages/airflow/example_dags/example_sla_dag.py
[2022-03-22 11:47:18,203] {logging_mixin.py:109} INFO - [2022-03-22 11:47:18,203] {dag.py:2398} INFO - Sync 1 DAGs
[2022-03-22 11:47:18,245] {logging_mixin.py:109} INFO - [2022-03-22 11:47:18,245] {dag.py:2937} INFO - Setting next_dagrun for example_sla_dag to 2022-03-22T11:44:00+00:00
[2022-03-22 11:47:18,270] {processor.py:171} INFO - Processing /home/airflow/.local/lib/python3.7/site-packages/airflow/example_dags/example_sla_dag.py took 0.147 seconds
[2022-03-22 11:47:48,981] {processor.py:163} INFO - Started process (PID=473) to work on /home/airflow/.local/lib/python3.7/site-packages/airflow/example_dags/example_sla_dag.py
[2022-03-22 11:47:48,983] {processor.py:642} INFO - Processing file /home/airflow/.local/lib/python3.7/site-packages/airflow/example_dags/example_sla_dag.py for tasks to queue
[2022-03-22 11:47:48,984] {logging_mixin.py:109} INFO - [2022-03-22 11:47:48,984] {dagbag.py:500} INFO - Filling up the DagBag from /home/airflow/.local/lib/python3.7/site-packages/airflow/example_dags/example_sla_dag.py
[2022-03-22 11:47:49,038] {processor.py:654} INFO - DAG(s) dict_keys(['example_sla_dag']) retrieved from /home/airflow/.local/lib/python3.7/site-packages/airflow/example_dags/example_sla_dag.py
[2022-03-22 11:47:49,052] {logging_mixin.py:109} INFO - [2022-03-22 11:47:49,052] {dag.py:2398} INFO - Sync 1 DAGs
[2022-03-22 11:47:49,093] {logging_mixin.py:109} INFO - [2022-03-22 11:47:49,093] {dag.py:2937} INFO - Setting next_dagrun for example_sla_dag to 2022-03-22T11:44:00+00:00
[2022-03-22 11:47:49,120] {processor.py:171} INFO - Processing /home/airflow/.local/lib/python3.7/site-packages/airflow/example_dags/example_sla_dag.py took 0.144 seconds
[2022-03-22 11:48:19,251] {processor.py:163} INFO - Started process (PID=523) to work on /home/airflow/.local/lib/python3.7/site-packages/airflow/example_dags/example_sla_dag.py
[2022-03-22 11:48:19,253] {processor.py:642} INFO - Processing file /home/airflow/.local/lib/python3.7/site-packages/airflow/example_dags/example_sla_dag.py for tasks to queue
[2022-03-22 11:48:19,254] {logging_mixin.py:109} INFO - [2022-03-22 11:48:19,253] {dagbag.py:500} INFO - Filling up the DagBag from /home/airflow/.local/lib/python3.7/site-packages/airflow/example_dags/example_sla_dag.py
[2022-03-22 11:48:19,309] {processor.py:654} INFO - DAG(s) dict_keys(['example_sla_dag']) retrieved from /home/airflow/.local/lib/python3.7/site-packages/airflow/example_dags/example_sla_dag.py
[2022-03-22 11:48:19,326] {logging_mixin.py:109} INFO - [2022-03-22 11:48:19,325] {dag.py:2398} INFO - Sync 1 DAGs
[2022-03-22 11:48:19,367] {logging_mixin.py:109} INFO - [2022-03-22 11:48:19,367] {dag.py:2937} INFO - Setting next_dagrun for example_sla_dag to 2022-03-22T11:46:00+00:00
[2022-03-22 11:48:19,385] {processor.py:171} INFO - Processing /home/airflow/.local/lib/python3.7/site-packages/airflow/example_dags/example_sla_dag.py took 0.139 seconds
[2022-03-22 11:48:49,739] {processor.py:163} INFO - Started process (PID=575) to work on /home/airflow/.local/lib/python3.7/site-packages/airflow/example_dags/example_sla_dag.py
[2022-03-22 11:48:49,741] {processor.py:642} INFO - Processing file /home/airflow/.local/lib/python3.7/site-packages/airflow/example_dags/example_sla_dag.py for tasks to queue
[2022-03-22 11:48:49,741] {logging_mixin.py:109} INFO - [2022-03-22 11:48:49,741] {dagbag.py:500} INFO - Filling up the DagBag from /home/airflow/.local/lib/python3.7/site-packages/airflow/example_dags/example_sla_dag.py
[2022-03-22 11:48:49,796] {processor.py:654} INFO - DAG(s) dict_keys(['example_sla_dag']) retrieved from /home/airflow/.local/lib/python3.7/site-packages/airflow/example_dags/example_sla_dag.py
[2022-03-22 11:48:49,811] {logging_mixin.py:109} INFO - [2022-03-22 11:48:49,811] {dag.py:2398} INFO - Sync 1 DAGs
[2022-03-22 11:48:49,843] {logging_mixin.py:109} INFO - [2022-03-22 11:48:49,842] {dag.py:2937} INFO - Setting next_dagrun for example_sla_dag to 2022-03-22T11:46:00+00:00
[2022-03-22 11:48:49,863] {processor.py:171} INFO - Processing /home/airflow/.local/lib/python3.7/site-packages/airflow/example_dags/example_sla_dag.py took 0.127 seconds
