[2022-03-22 11:43:42,770] {processor.py:163} INFO - Started process (PID=57) to work on /home/airflow/.local/lib/python3.7/site-packages/airflow/example_dags/example_complex.py
[2022-03-22 11:43:42,771] {processor.py:642} INFO - Processing file /home/airflow/.local/lib/python3.7/site-packages/airflow/example_dags/example_complex.py for tasks to queue
[2022-03-22 11:43:42,771] {logging_mixin.py:109} INFO - [2022-03-22 11:43:42,771] {dagbag.py:500} INFO - Filling up the DagBag from /home/airflow/.local/lib/python3.7/site-packages/airflow/example_dags/example_complex.py
[2022-03-22 11:43:42,833] {processor.py:654} INFO - DAG(s) dict_keys(['example_complex']) retrieved from /home/airflow/.local/lib/python3.7/site-packages/airflow/example_dags/example_complex.py
[2022-03-22 11:43:42,858] {logging_mixin.py:109} INFO - [2022-03-22 11:43:42,858] {dag.py:2398} INFO - Sync 1 DAGs
[2022-03-22 11:43:42,882] {logging_mixin.py:109} INFO - [2022-03-22 11:43:42,882] {dag.py:2937} INFO - Setting next_dagrun for example_complex to None
[2022-03-22 11:43:42,898] {processor.py:171} INFO - Processing /home/airflow/.local/lib/python3.7/site-packages/airflow/example_dags/example_complex.py took 0.132 seconds
[2022-03-22 11:44:13,664] {processor.py:163} INFO - Started process (PID=108) to work on /home/airflow/.local/lib/python3.7/site-packages/airflow/example_dags/example_complex.py
[2022-03-22 11:44:13,665] {processor.py:642} INFO - Processing file /home/airflow/.local/lib/python3.7/site-packages/airflow/example_dags/example_complex.py for tasks to queue
[2022-03-22 11:44:13,666] {logging_mixin.py:109} INFO - [2022-03-22 11:44:13,666] {dagbag.py:500} INFO - Filling up the DagBag from /home/airflow/.local/lib/python3.7/site-packages/airflow/example_dags/example_complex.py
[2022-03-22 11:44:13,736] {processor.py:654} INFO - DAG(s) dict_keys(['example_complex']) retrieved from /home/airflow/.local/lib/python3.7/site-packages/airflow/example_dags/example_complex.py
[2022-03-22 11:44:13,764] {logging_mixin.py:109} INFO - [2022-03-22 11:44:13,764] {dag.py:2398} INFO - Sync 1 DAGs
[2022-03-22 11:44:13,794] {logging_mixin.py:109} INFO - [2022-03-22 11:44:13,794] {dag.py:2937} INFO - Setting next_dagrun for example_complex to None
[2022-03-22 11:44:13,814] {processor.py:171} INFO - Processing /home/airflow/.local/lib/python3.7/site-packages/airflow/example_dags/example_complex.py took 0.153 seconds
[2022-03-22 11:44:44,366] {processor.py:163} INFO - Started process (PID=158) to work on /home/airflow/.local/lib/python3.7/site-packages/airflow/example_dags/example_complex.py
[2022-03-22 11:44:44,369] {processor.py:642} INFO - Processing file /home/airflow/.local/lib/python3.7/site-packages/airflow/example_dags/example_complex.py for tasks to queue
[2022-03-22 11:44:44,370] {logging_mixin.py:109} INFO - [2022-03-22 11:44:44,370] {dagbag.py:500} INFO - Filling up the DagBag from /home/airflow/.local/lib/python3.7/site-packages/airflow/example_dags/example_complex.py
[2022-03-22 11:44:44,435] {processor.py:654} INFO - DAG(s) dict_keys(['example_complex']) retrieved from /home/airflow/.local/lib/python3.7/site-packages/airflow/example_dags/example_complex.py
[2022-03-22 11:44:44,460] {logging_mixin.py:109} INFO - [2022-03-22 11:44:44,460] {dag.py:2398} INFO - Sync 1 DAGs
[2022-03-22 11:44:44,488] {logging_mixin.py:109} INFO - [2022-03-22 11:44:44,488] {dag.py:2937} INFO - Setting next_dagrun for example_complex to None
[2022-03-22 11:44:44,504] {processor.py:171} INFO - Processing /home/airflow/.local/lib/python3.7/site-packages/airflow/example_dags/example_complex.py took 0.143 seconds
[2022-03-22 11:45:14,977] {processor.py:163} INFO - Started process (PID=210) to work on /home/airflow/.local/lib/python3.7/site-packages/airflow/example_dags/example_complex.py
[2022-03-22 11:45:14,980] {processor.py:642} INFO - Processing file /home/airflow/.local/lib/python3.7/site-packages/airflow/example_dags/example_complex.py for tasks to queue
[2022-03-22 11:45:14,981] {logging_mixin.py:109} INFO - [2022-03-22 11:45:14,981] {dagbag.py:500} INFO - Filling up the DagBag from /home/airflow/.local/lib/python3.7/site-packages/airflow/example_dags/example_complex.py
[2022-03-22 11:45:15,048] {processor.py:654} INFO - DAG(s) dict_keys(['example_complex']) retrieved from /home/airflow/.local/lib/python3.7/site-packages/airflow/example_dags/example_complex.py
[2022-03-22 11:45:15,073] {logging_mixin.py:109} INFO - [2022-03-22 11:45:15,073] {dag.py:2398} INFO - Sync 1 DAGs
[2022-03-22 11:45:15,097] {logging_mixin.py:109} INFO - [2022-03-22 11:45:15,097] {dag.py:2937} INFO - Setting next_dagrun for example_complex to None
[2022-03-22 11:45:15,113] {processor.py:171} INFO - Processing /home/airflow/.local/lib/python3.7/site-packages/airflow/example_dags/example_complex.py took 0.141 seconds
[2022-03-22 11:45:45,248] {processor.py:163} INFO - Started process (PID=260) to work on /home/airflow/.local/lib/python3.7/site-packages/airflow/example_dags/example_complex.py
[2022-03-22 11:45:45,249] {processor.py:642} INFO - Processing file /home/airflow/.local/lib/python3.7/site-packages/airflow/example_dags/example_complex.py for tasks to queue
[2022-03-22 11:45:45,250] {logging_mixin.py:109} INFO - [2022-03-22 11:45:45,249] {dagbag.py:500} INFO - Filling up the DagBag from /home/airflow/.local/lib/python3.7/site-packages/airflow/example_dags/example_complex.py
[2022-03-22 11:45:45,314] {processor.py:654} INFO - DAG(s) dict_keys(['example_complex']) retrieved from /home/airflow/.local/lib/python3.7/site-packages/airflow/example_dags/example_complex.py
[2022-03-22 11:45:45,341] {logging_mixin.py:109} INFO - [2022-03-22 11:45:45,341] {dag.py:2398} INFO - Sync 1 DAGs
[2022-03-22 11:45:45,369] {logging_mixin.py:109} INFO - [2022-03-22 11:45:45,369] {dag.py:2937} INFO - Setting next_dagrun for example_complex to None
[2022-03-22 11:45:45,393] {processor.py:171} INFO - Processing /home/airflow/.local/lib/python3.7/site-packages/airflow/example_dags/example_complex.py took 0.148 seconds
[2022-03-22 11:46:15,891] {processor.py:163} INFO - Started process (PID=311) to work on /home/airflow/.local/lib/python3.7/site-packages/airflow/example_dags/example_complex.py
[2022-03-22 11:46:15,893] {processor.py:642} INFO - Processing file /home/airflow/.local/lib/python3.7/site-packages/airflow/example_dags/example_complex.py for tasks to queue
[2022-03-22 11:46:15,894] {logging_mixin.py:109} INFO - [2022-03-22 11:46:15,894] {dagbag.py:500} INFO - Filling up the DagBag from /home/airflow/.local/lib/python3.7/site-packages/airflow/example_dags/example_complex.py
[2022-03-22 11:46:15,951] {processor.py:654} INFO - DAG(s) dict_keys(['example_complex']) retrieved from /home/airflow/.local/lib/python3.7/site-packages/airflow/example_dags/example_complex.py
[2022-03-22 11:46:15,976] {logging_mixin.py:109} INFO - [2022-03-22 11:46:15,976] {dag.py:2398} INFO - Sync 1 DAGs
[2022-03-22 11:46:16,002] {logging_mixin.py:109} INFO - [2022-03-22 11:46:16,002] {dag.py:2937} INFO - Setting next_dagrun for example_complex to None
[2022-03-22 11:46:16,024] {processor.py:171} INFO - Processing /home/airflow/.local/lib/python3.7/site-packages/airflow/example_dags/example_complex.py took 0.137 seconds
[2022-03-22 11:46:46,749] {processor.py:163} INFO - Started process (PID=363) to work on /home/airflow/.local/lib/python3.7/site-packages/airflow/example_dags/example_complex.py
[2022-03-22 11:46:46,751] {processor.py:642} INFO - Processing file /home/airflow/.local/lib/python3.7/site-packages/airflow/example_dags/example_complex.py for tasks to queue
[2022-03-22 11:46:46,752] {logging_mixin.py:109} INFO - [2022-03-22 11:46:46,752] {dagbag.py:500} INFO - Filling up the DagBag from /home/airflow/.local/lib/python3.7/site-packages/airflow/example_dags/example_complex.py
[2022-03-22 11:46:46,811] {processor.py:654} INFO - DAG(s) dict_keys(['example_complex']) retrieved from /home/airflow/.local/lib/python3.7/site-packages/airflow/example_dags/example_complex.py
[2022-03-22 11:46:46,842] {logging_mixin.py:109} INFO - [2022-03-22 11:46:46,841] {dag.py:2398} INFO - Sync 1 DAGs
[2022-03-22 11:46:46,875] {logging_mixin.py:109} INFO - [2022-03-22 11:46:46,875] {dag.py:2937} INFO - Setting next_dagrun for example_complex to None
[2022-03-22 11:46:46,894] {processor.py:171} INFO - Processing /home/airflow/.local/lib/python3.7/site-packages/airflow/example_dags/example_complex.py took 0.149 seconds
[2022-03-22 11:47:17,088] {processor.py:163} INFO - Started process (PID=413) to work on /home/airflow/.local/lib/python3.7/site-packages/airflow/example_dags/example_complex.py
[2022-03-22 11:47:17,090] {processor.py:642} INFO - Processing file /home/airflow/.local/lib/python3.7/site-packages/airflow/example_dags/example_complex.py for tasks to queue
[2022-03-22 11:47:17,091] {logging_mixin.py:109} INFO - [2022-03-22 11:47:17,091] {dagbag.py:500} INFO - Filling up the DagBag from /home/airflow/.local/lib/python3.7/site-packages/airflow/example_dags/example_complex.py
[2022-03-22 11:47:17,163] {processor.py:654} INFO - DAG(s) dict_keys(['example_complex']) retrieved from /home/airflow/.local/lib/python3.7/site-packages/airflow/example_dags/example_complex.py
[2022-03-22 11:47:17,202] {logging_mixin.py:109} INFO - [2022-03-22 11:47:17,201] {dag.py:2398} INFO - Sync 1 DAGs
[2022-03-22 11:47:17,236] {logging_mixin.py:109} INFO - [2022-03-22 11:47:17,236] {dag.py:2937} INFO - Setting next_dagrun for example_complex to None
[2022-03-22 11:47:17,259] {processor.py:171} INFO - Processing /home/airflow/.local/lib/python3.7/site-packages/airflow/example_dags/example_complex.py took 0.175 seconds
[2022-03-22 11:47:48,185] {processor.py:163} INFO - Started process (PID=465) to work on /home/airflow/.local/lib/python3.7/site-packages/airflow/example_dags/example_complex.py
[2022-03-22 11:47:48,187] {processor.py:642} INFO - Processing file /home/airflow/.local/lib/python3.7/site-packages/airflow/example_dags/example_complex.py for tasks to queue
[2022-03-22 11:47:48,188] {logging_mixin.py:109} INFO - [2022-03-22 11:47:48,188] {dagbag.py:500} INFO - Filling up the DagBag from /home/airflow/.local/lib/python3.7/site-packages/airflow/example_dags/example_complex.py
[2022-03-22 11:47:48,275] {processor.py:654} INFO - DAG(s) dict_keys(['example_complex']) retrieved from /home/airflow/.local/lib/python3.7/site-packages/airflow/example_dags/example_complex.py
[2022-03-22 11:47:48,305] {logging_mixin.py:109} INFO - [2022-03-22 11:47:48,305] {dag.py:2398} INFO - Sync 1 DAGs
[2022-03-22 11:47:48,330] {logging_mixin.py:109} INFO - [2022-03-22 11:47:48,329] {dag.py:2937} INFO - Setting next_dagrun for example_complex to None
[2022-03-22 11:47:48,346] {processor.py:171} INFO - Processing /home/airflow/.local/lib/python3.7/site-packages/airflow/example_dags/example_complex.py took 0.166 seconds
[2022-03-22 11:48:18,382] {processor.py:163} INFO - Started process (PID=515) to work on /home/airflow/.local/lib/python3.7/site-packages/airflow/example_dags/example_complex.py
[2022-03-22 11:48:18,384] {processor.py:642} INFO - Processing file /home/airflow/.local/lib/python3.7/site-packages/airflow/example_dags/example_complex.py for tasks to queue
[2022-03-22 11:48:18,385] {logging_mixin.py:109} INFO - [2022-03-22 11:48:18,385] {dagbag.py:500} INFO - Filling up the DagBag from /home/airflow/.local/lib/python3.7/site-packages/airflow/example_dags/example_complex.py
[2022-03-22 11:48:18,439] {processor.py:654} INFO - DAG(s) dict_keys(['example_complex']) retrieved from /home/airflow/.local/lib/python3.7/site-packages/airflow/example_dags/example_complex.py
[2022-03-22 11:48:18,466] {logging_mixin.py:109} INFO - [2022-03-22 11:48:18,465] {dag.py:2398} INFO - Sync 1 DAGs
[2022-03-22 11:48:18,492] {logging_mixin.py:109} INFO - [2022-03-22 11:48:18,492] {dag.py:2937} INFO - Setting next_dagrun for example_complex to None
[2022-03-22 11:48:18,522] {processor.py:171} INFO - Processing /home/airflow/.local/lib/python3.7/site-packages/airflow/example_dags/example_complex.py took 0.144 seconds
[2022-03-22 11:48:48,792] {processor.py:163} INFO - Started process (PID=567) to work on /home/airflow/.local/lib/python3.7/site-packages/airflow/example_dags/example_complex.py
[2022-03-22 11:48:48,793] {processor.py:642} INFO - Processing file /home/airflow/.local/lib/python3.7/site-packages/airflow/example_dags/example_complex.py for tasks to queue
[2022-03-22 11:48:48,794] {logging_mixin.py:109} INFO - [2022-03-22 11:48:48,794] {dagbag.py:500} INFO - Filling up the DagBag from /home/airflow/.local/lib/python3.7/site-packages/airflow/example_dags/example_complex.py
[2022-03-22 11:48:48,849] {processor.py:654} INFO - DAG(s) dict_keys(['example_complex']) retrieved from /home/airflow/.local/lib/python3.7/site-packages/airflow/example_dags/example_complex.py
[2022-03-22 11:48:48,885] {logging_mixin.py:109} INFO - [2022-03-22 11:48:48,885] {dag.py:2398} INFO - Sync 1 DAGs
[2022-03-22 11:48:48,917] {logging_mixin.py:109} INFO - [2022-03-22 11:48:48,917] {dag.py:2937} INFO - Setting next_dagrun for example_complex to None
[2022-03-22 11:48:48,936] {processor.py:171} INFO - Processing /home/airflow/.local/lib/python3.7/site-packages/airflow/example_dags/example_complex.py took 0.147 seconds
