[2022-03-22 11:43:45,620] {processor.py:163} INFO - Started process (PID=77) to work on /home/airflow/.local/lib/python3.7/site-packages/airflow/example_dags/example_subdag_operator.py
[2022-03-22 11:43:45,622] {processor.py:642} INFO - Processing file /home/airflow/.local/lib/python3.7/site-packages/airflow/example_dags/example_subdag_operator.py for tasks to queue
[2022-03-22 11:43:45,624] {logging_mixin.py:109} INFO - [2022-03-22 11:43:45,623] {dagbag.py:500} INFO - Filling up the DagBag from /home/airflow/.local/lib/python3.7/site-packages/airflow/example_dags/example_subdag_operator.py
[2022-03-22 11:43:45,742] {processor.py:654} INFO - DAG(s) dict_keys(['example_subdag_operator.section-1', 'example_subdag_operator.section-2', 'example_subdag_operator']) retrieved from /home/airflow/.local/lib/python3.7/site-packages/airflow/example_dags/example_subdag_operator.py
[2022-03-22 11:43:46,290] {logging_mixin.py:109} INFO - [2022-03-22 11:43:46,290] {dag.py:2398} INFO - Sync 3 DAGs
[2022-03-22 11:43:46,330] {logging_mixin.py:109} INFO - [2022-03-22 11:43:46,329] {dag.py:2937} INFO - Setting next_dagrun for example_subdag_operator to 2022-03-20T00:00:00+00:00
[2022-03-22 11:43:46,331] {logging_mixin.py:109} INFO - [2022-03-22 11:43:46,331] {dag.py:2937} INFO - Setting next_dagrun for example_subdag_operator.section-1 to None
[2022-03-22 11:43:46,332] {logging_mixin.py:109} INFO - [2022-03-22 11:43:46,331] {dag.py:2937} INFO - Setting next_dagrun for example_subdag_operator.section-2 to None
[2022-03-22 11:43:46,355] {logging_mixin.py:109} INFO - [2022-03-22 11:43:46,355] {dag.py:2398} INFO - Sync 2 DAGs
[2022-03-22 11:43:46,378] {logging_mixin.py:109} INFO - [2022-03-22 11:43:46,377] {dag.py:2937} INFO - Setting next_dagrun for example_subdag_operator.section-1 to None
[2022-03-22 11:43:46,378] {logging_mixin.py:109} INFO - [2022-03-22 11:43:46,378] {dag.py:2937} INFO - Setting next_dagrun for example_subdag_operator.section-2 to None
[2022-03-22 11:43:46,398] {processor.py:171} INFO - Processing /home/airflow/.local/lib/python3.7/site-packages/airflow/example_dags/example_subdag_operator.py took 0.782 seconds
[2022-03-22 11:44:16,950] {processor.py:163} INFO - Started process (PID=129) to work on /home/airflow/.local/lib/python3.7/site-packages/airflow/example_dags/example_subdag_operator.py
[2022-03-22 11:44:16,951] {processor.py:642} INFO - Processing file /home/airflow/.local/lib/python3.7/site-packages/airflow/example_dags/example_subdag_operator.py for tasks to queue
[2022-03-22 11:44:16,952] {logging_mixin.py:109} INFO - [2022-03-22 11:44:16,952] {dagbag.py:500} INFO - Filling up the DagBag from /home/airflow/.local/lib/python3.7/site-packages/airflow/example_dags/example_subdag_operator.py
[2022-03-22 11:44:17,028] {processor.py:654} INFO - DAG(s) dict_keys(['example_subdag_operator.section-1', 'example_subdag_operator.section-2', 'example_subdag_operator']) retrieved from /home/airflow/.local/lib/python3.7/site-packages/airflow/example_dags/example_subdag_operator.py
[2022-03-22 11:44:17,053] {logging_mixin.py:109} INFO - [2022-03-22 11:44:17,052] {dag.py:2398} INFO - Sync 3 DAGs
[2022-03-22 11:44:17,079] {logging_mixin.py:109} INFO - [2022-03-22 11:44:17,079] {dag.py:2937} INFO - Setting next_dagrun for example_subdag_operator to 2022-03-20T00:00:00+00:00
[2022-03-22 11:44:17,080] {logging_mixin.py:109} INFO - [2022-03-22 11:44:17,080] {dag.py:2937} INFO - Setting next_dagrun for example_subdag_operator.section-1 to None
[2022-03-22 11:44:17,080] {logging_mixin.py:109} INFO - [2022-03-22 11:44:17,080] {dag.py:2937} INFO - Setting next_dagrun for example_subdag_operator.section-2 to None
[2022-03-22 11:44:17,092] {logging_mixin.py:109} INFO - [2022-03-22 11:44:17,092] {dag.py:2398} INFO - Sync 2 DAGs
[2022-03-22 11:44:17,111] {logging_mixin.py:109} INFO - [2022-03-22 11:44:17,111] {dag.py:2937} INFO - Setting next_dagrun for example_subdag_operator.section-1 to None
[2022-03-22 11:44:17,111] {logging_mixin.py:109} INFO - [2022-03-22 11:44:17,111] {dag.py:2937} INFO - Setting next_dagrun for example_subdag_operator.section-2 to None
[2022-03-22 11:44:17,125] {processor.py:171} INFO - Processing /home/airflow/.local/lib/python3.7/site-packages/airflow/example_dags/example_subdag_operator.py took 0.181 seconds
[2022-03-22 11:44:47,510] {processor.py:163} INFO - Started process (PID=179) to work on /home/airflow/.local/lib/python3.7/site-packages/airflow/example_dags/example_subdag_operator.py
[2022-03-22 11:44:47,515] {processor.py:642} INFO - Processing file /home/airflow/.local/lib/python3.7/site-packages/airflow/example_dags/example_subdag_operator.py for tasks to queue
[2022-03-22 11:44:47,516] {logging_mixin.py:109} INFO - [2022-03-22 11:44:47,516] {dagbag.py:500} INFO - Filling up the DagBag from /home/airflow/.local/lib/python3.7/site-packages/airflow/example_dags/example_subdag_operator.py
[2022-03-22 11:44:47,582] {processor.py:654} INFO - DAG(s) dict_keys(['example_subdag_operator.section-1', 'example_subdag_operator.section-2', 'example_subdag_operator']) retrieved from /home/airflow/.local/lib/python3.7/site-packages/airflow/example_dags/example_subdag_operator.py
[2022-03-22 11:44:47,603] {logging_mixin.py:109} INFO - [2022-03-22 11:44:47,603] {dag.py:2398} INFO - Sync 3 DAGs
[2022-03-22 11:44:47,630] {logging_mixin.py:109} INFO - [2022-03-22 11:44:47,630] {dag.py:2937} INFO - Setting next_dagrun for example_subdag_operator to 2022-03-20T00:00:00+00:00
[2022-03-22 11:44:47,631] {logging_mixin.py:109} INFO - [2022-03-22 11:44:47,631] {dag.py:2937} INFO - Setting next_dagrun for example_subdag_operator.section-1 to None
[2022-03-22 11:44:47,631] {logging_mixin.py:109} INFO - [2022-03-22 11:44:47,631] {dag.py:2937} INFO - Setting next_dagrun for example_subdag_operator.section-2 to None
[2022-03-22 11:44:47,641] {logging_mixin.py:109} INFO - [2022-03-22 11:44:47,641] {dag.py:2398} INFO - Sync 2 DAGs
[2022-03-22 11:44:47,658] {logging_mixin.py:109} INFO - [2022-03-22 11:44:47,658] {dag.py:2937} INFO - Setting next_dagrun for example_subdag_operator.section-1 to None
[2022-03-22 11:44:47,659] {logging_mixin.py:109} INFO - [2022-03-22 11:44:47,659] {dag.py:2937} INFO - Setting next_dagrun for example_subdag_operator.section-2 to None
[2022-03-22 11:44:47,672] {processor.py:171} INFO - Processing /home/airflow/.local/lib/python3.7/site-packages/airflow/example_dags/example_subdag_operator.py took 0.171 seconds
[2022-03-22 11:45:18,345] {processor.py:163} INFO - Started process (PID=231) to work on /home/airflow/.local/lib/python3.7/site-packages/airflow/example_dags/example_subdag_operator.py
[2022-03-22 11:45:18,347] {processor.py:642} INFO - Processing file /home/airflow/.local/lib/python3.7/site-packages/airflow/example_dags/example_subdag_operator.py for tasks to queue
[2022-03-22 11:45:18,348] {logging_mixin.py:109} INFO - [2022-03-22 11:45:18,348] {dagbag.py:500} INFO - Filling up the DagBag from /home/airflow/.local/lib/python3.7/site-packages/airflow/example_dags/example_subdag_operator.py
[2022-03-22 11:45:18,414] {processor.py:654} INFO - DAG(s) dict_keys(['example_subdag_operator.section-1', 'example_subdag_operator.section-2', 'example_subdag_operator']) retrieved from /home/airflow/.local/lib/python3.7/site-packages/airflow/example_dags/example_subdag_operator.py
[2022-03-22 11:45:18,436] {logging_mixin.py:109} INFO - [2022-03-22 11:45:18,436] {dag.py:2398} INFO - Sync 3 DAGs
[2022-03-22 11:45:18,467] {logging_mixin.py:109} INFO - [2022-03-22 11:45:18,466] {dag.py:2937} INFO - Setting next_dagrun for example_subdag_operator to 2022-03-20T00:00:00+00:00
[2022-03-22 11:45:18,467] {logging_mixin.py:109} INFO - [2022-03-22 11:45:18,467] {dag.py:2937} INFO - Setting next_dagrun for example_subdag_operator.section-1 to None
[2022-03-22 11:45:18,467] {logging_mixin.py:109} INFO - [2022-03-22 11:45:18,467] {dag.py:2937} INFO - Setting next_dagrun for example_subdag_operator.section-2 to None
[2022-03-22 11:45:18,476] {logging_mixin.py:109} INFO - [2022-03-22 11:45:18,476] {dag.py:2398} INFO - Sync 2 DAGs
[2022-03-22 11:45:18,491] {logging_mixin.py:109} INFO - [2022-03-22 11:45:18,491] {dag.py:2937} INFO - Setting next_dagrun for example_subdag_operator.section-1 to None
[2022-03-22 11:45:18,491] {logging_mixin.py:109} INFO - [2022-03-22 11:45:18,491] {dag.py:2937} INFO - Setting next_dagrun for example_subdag_operator.section-2 to None
[2022-03-22 11:45:18,511] {processor.py:171} INFO - Processing /home/airflow/.local/lib/python3.7/site-packages/airflow/example_dags/example_subdag_operator.py took 0.169 seconds
[2022-03-22 11:45:48,971] {processor.py:163} INFO - Started process (PID=282) to work on /home/airflow/.local/lib/python3.7/site-packages/airflow/example_dags/example_subdag_operator.py
[2022-03-22 11:45:48,973] {processor.py:642} INFO - Processing file /home/airflow/.local/lib/python3.7/site-packages/airflow/example_dags/example_subdag_operator.py for tasks to queue
[2022-03-22 11:45:48,974] {logging_mixin.py:109} INFO - [2022-03-22 11:45:48,973] {dagbag.py:500} INFO - Filling up the DagBag from /home/airflow/.local/lib/python3.7/site-packages/airflow/example_dags/example_subdag_operator.py
[2022-03-22 11:45:49,027] {processor.py:654} INFO - DAG(s) dict_keys(['example_subdag_operator.section-1', 'example_subdag_operator.section-2', 'example_subdag_operator']) retrieved from /home/airflow/.local/lib/python3.7/site-packages/airflow/example_dags/example_subdag_operator.py
[2022-03-22 11:45:49,044] {logging_mixin.py:109} INFO - [2022-03-22 11:45:49,044] {dag.py:2398} INFO - Sync 3 DAGs
[2022-03-22 11:45:49,068] {logging_mixin.py:109} INFO - [2022-03-22 11:45:49,068] {dag.py:2937} INFO - Setting next_dagrun for example_subdag_operator to 2022-03-20T00:00:00+00:00
[2022-03-22 11:45:49,068] {logging_mixin.py:109} INFO - [2022-03-22 11:45:49,068] {dag.py:2937} INFO - Setting next_dagrun for example_subdag_operator.section-1 to None
[2022-03-22 11:45:49,069] {logging_mixin.py:109} INFO - [2022-03-22 11:45:49,069] {dag.py:2937} INFO - Setting next_dagrun for example_subdag_operator.section-2 to None
[2022-03-22 11:45:49,078] {logging_mixin.py:109} INFO - [2022-03-22 11:45:49,078] {dag.py:2398} INFO - Sync 2 DAGs
[2022-03-22 11:45:49,094] {logging_mixin.py:109} INFO - [2022-03-22 11:45:49,093] {dag.py:2937} INFO - Setting next_dagrun for example_subdag_operator.section-1 to None
[2022-03-22 11:45:49,094] {logging_mixin.py:109} INFO - [2022-03-22 11:45:49,094] {dag.py:2937} INFO - Setting next_dagrun for example_subdag_operator.section-2 to None
[2022-03-22 11:45:49,108] {processor.py:171} INFO - Processing /home/airflow/.local/lib/python3.7/site-packages/airflow/example_dags/example_subdag_operator.py took 0.141 seconds
[2022-03-22 11:46:19,708] {processor.py:163} INFO - Started process (PID=333) to work on /home/airflow/.local/lib/python3.7/site-packages/airflow/example_dags/example_subdag_operator.py
[2022-03-22 11:46:19,710] {processor.py:642} INFO - Processing file /home/airflow/.local/lib/python3.7/site-packages/airflow/example_dags/example_subdag_operator.py for tasks to queue
[2022-03-22 11:46:19,711] {logging_mixin.py:109} INFO - [2022-03-22 11:46:19,711] {dagbag.py:500} INFO - Filling up the DagBag from /home/airflow/.local/lib/python3.7/site-packages/airflow/example_dags/example_subdag_operator.py
[2022-03-22 11:46:19,773] {processor.py:654} INFO - DAG(s) dict_keys(['example_subdag_operator.section-1', 'example_subdag_operator.section-2', 'example_subdag_operator']) retrieved from /home/airflow/.local/lib/python3.7/site-packages/airflow/example_dags/example_subdag_operator.py
[2022-03-22 11:46:19,793] {logging_mixin.py:109} INFO - [2022-03-22 11:46:19,792] {dag.py:2398} INFO - Sync 3 DAGs
[2022-03-22 11:46:19,818] {logging_mixin.py:109} INFO - [2022-03-22 11:46:19,818] {dag.py:2937} INFO - Setting next_dagrun for example_subdag_operator to 2022-03-20T00:00:00+00:00
[2022-03-22 11:46:19,819] {logging_mixin.py:109} INFO - [2022-03-22 11:46:19,818] {dag.py:2937} INFO - Setting next_dagrun for example_subdag_operator.section-1 to None
[2022-03-22 11:46:19,819] {logging_mixin.py:109} INFO - [2022-03-22 11:46:19,819] {dag.py:2937} INFO - Setting next_dagrun for example_subdag_operator.section-2 to None
[2022-03-22 11:46:19,829] {logging_mixin.py:109} INFO - [2022-03-22 11:46:19,828] {dag.py:2398} INFO - Sync 2 DAGs
[2022-03-22 11:46:19,843] {logging_mixin.py:109} INFO - [2022-03-22 11:46:19,843] {dag.py:2937} INFO - Setting next_dagrun for example_subdag_operator.section-1 to None
[2022-03-22 11:46:19,843] {logging_mixin.py:109} INFO - [2022-03-22 11:46:19,843] {dag.py:2937} INFO - Setting next_dagrun for example_subdag_operator.section-2 to None
[2022-03-22 11:46:19,868] {processor.py:171} INFO - Processing /home/airflow/.local/lib/python3.7/site-packages/airflow/example_dags/example_subdag_operator.py took 0.163 seconds
[2022-03-22 11:46:50,444] {processor.py:163} INFO - Started process (PID=385) to work on /home/airflow/.local/lib/python3.7/site-packages/airflow/example_dags/example_subdag_operator.py
[2022-03-22 11:46:50,452] {processor.py:642} INFO - Processing file /home/airflow/.local/lib/python3.7/site-packages/airflow/example_dags/example_subdag_operator.py for tasks to queue
[2022-03-22 11:46:50,453] {logging_mixin.py:109} INFO - [2022-03-22 11:46:50,453] {dagbag.py:500} INFO - Filling up the DagBag from /home/airflow/.local/lib/python3.7/site-packages/airflow/example_dags/example_subdag_operator.py
[2022-03-22 11:46:50,516] {processor.py:654} INFO - DAG(s) dict_keys(['example_subdag_operator.section-1', 'example_subdag_operator.section-2', 'example_subdag_operator']) retrieved from /home/airflow/.local/lib/python3.7/site-packages/airflow/example_dags/example_subdag_operator.py
[2022-03-22 11:46:50,534] {logging_mixin.py:109} INFO - [2022-03-22 11:46:50,533] {dag.py:2398} INFO - Sync 3 DAGs
[2022-03-22 11:46:50,563] {logging_mixin.py:109} INFO - [2022-03-22 11:46:50,562] {dag.py:2937} INFO - Setting next_dagrun for example_subdag_operator to 2022-03-20T00:00:00+00:00
[2022-03-22 11:46:50,563] {logging_mixin.py:109} INFO - [2022-03-22 11:46:50,563] {dag.py:2937} INFO - Setting next_dagrun for example_subdag_operator.section-1 to None
[2022-03-22 11:46:50,564] {logging_mixin.py:109} INFO - [2022-03-22 11:46:50,564] {dag.py:2937} INFO - Setting next_dagrun for example_subdag_operator.section-2 to None
[2022-03-22 11:46:50,574] {logging_mixin.py:109} INFO - [2022-03-22 11:46:50,574] {dag.py:2398} INFO - Sync 2 DAGs
[2022-03-22 11:46:50,595] {logging_mixin.py:109} INFO - [2022-03-22 11:46:50,594] {dag.py:2937} INFO - Setting next_dagrun for example_subdag_operator.section-1 to None
[2022-03-22 11:46:50,595] {logging_mixin.py:109} INFO - [2022-03-22 11:46:50,595] {dag.py:2937} INFO - Setting next_dagrun for example_subdag_operator.section-2 to None
[2022-03-22 11:46:50,618] {processor.py:171} INFO - Processing /home/airflow/.local/lib/python3.7/site-packages/airflow/example_dags/example_subdag_operator.py took 0.179 seconds
[2022-03-22 11:47:21,176] {processor.py:163} INFO - Started process (PID=436) to work on /home/airflow/.local/lib/python3.7/site-packages/airflow/example_dags/example_subdag_operator.py
[2022-03-22 11:47:21,183] {processor.py:642} INFO - Processing file /home/airflow/.local/lib/python3.7/site-packages/airflow/example_dags/example_subdag_operator.py for tasks to queue
[2022-03-22 11:47:21,185] {logging_mixin.py:109} INFO - [2022-03-22 11:47:21,184] {dagbag.py:500} INFO - Filling up the DagBag from /home/airflow/.local/lib/python3.7/site-packages/airflow/example_dags/example_subdag_operator.py
[2022-03-22 11:47:21,254] {processor.py:654} INFO - DAG(s) dict_keys(['example_subdag_operator.section-1', 'example_subdag_operator.section-2', 'example_subdag_operator']) retrieved from /home/airflow/.local/lib/python3.7/site-packages/airflow/example_dags/example_subdag_operator.py
[2022-03-22 11:47:21,276] {logging_mixin.py:109} INFO - [2022-03-22 11:47:21,276] {dag.py:2398} INFO - Sync 3 DAGs
[2022-03-22 11:47:21,310] {logging_mixin.py:109} INFO - [2022-03-22 11:47:21,309] {dag.py:2937} INFO - Setting next_dagrun for example_subdag_operator to 2022-03-20T00:00:00+00:00
[2022-03-22 11:47:21,310] {logging_mixin.py:109} INFO - [2022-03-22 11:47:21,310] {dag.py:2937} INFO - Setting next_dagrun for example_subdag_operator.section-1 to None
[2022-03-22 11:47:21,311] {logging_mixin.py:109} INFO - [2022-03-22 11:47:21,311] {dag.py:2937} INFO - Setting next_dagrun for example_subdag_operator.section-2 to None
[2022-03-22 11:47:21,324] {logging_mixin.py:109} INFO - [2022-03-22 11:47:21,323] {dag.py:2398} INFO - Sync 2 DAGs
[2022-03-22 11:47:21,340] {logging_mixin.py:109} INFO - [2022-03-22 11:47:21,339] {dag.py:2937} INFO - Setting next_dagrun for example_subdag_operator.section-1 to None
[2022-03-22 11:47:21,340] {logging_mixin.py:109} INFO - [2022-03-22 11:47:21,340] {dag.py:2937} INFO - Setting next_dagrun for example_subdag_operator.section-2 to None
[2022-03-22 11:47:21,362] {processor.py:171} INFO - Processing /home/airflow/.local/lib/python3.7/site-packages/airflow/example_dags/example_subdag_operator.py took 0.191 seconds
[2022-03-22 11:47:52,159] {processor.py:163} INFO - Started process (PID=487) to work on /home/airflow/.local/lib/python3.7/site-packages/airflow/example_dags/example_subdag_operator.py
[2022-03-22 11:47:52,167] {processor.py:642} INFO - Processing file /home/airflow/.local/lib/python3.7/site-packages/airflow/example_dags/example_subdag_operator.py for tasks to queue
[2022-03-22 11:47:52,169] {logging_mixin.py:109} INFO - [2022-03-22 11:47:52,168] {dagbag.py:500} INFO - Filling up the DagBag from /home/airflow/.local/lib/python3.7/site-packages/airflow/example_dags/example_subdag_operator.py
[2022-03-22 11:47:52,244] {processor.py:654} INFO - DAG(s) dict_keys(['example_subdag_operator.section-1', 'example_subdag_operator.section-2', 'example_subdag_operator']) retrieved from /home/airflow/.local/lib/python3.7/site-packages/airflow/example_dags/example_subdag_operator.py
[2022-03-22 11:47:52,262] {logging_mixin.py:109} INFO - [2022-03-22 11:47:52,262] {dag.py:2398} INFO - Sync 3 DAGs
[2022-03-22 11:47:52,288] {logging_mixin.py:109} INFO - [2022-03-22 11:47:52,288] {dag.py:2937} INFO - Setting next_dagrun for example_subdag_operator to 2022-03-20T00:00:00+00:00
[2022-03-22 11:47:52,288] {logging_mixin.py:109} INFO - [2022-03-22 11:47:52,288] {dag.py:2937} INFO - Setting next_dagrun for example_subdag_operator.section-1 to None
[2022-03-22 11:47:52,289] {logging_mixin.py:109} INFO - [2022-03-22 11:47:52,289] {dag.py:2937} INFO - Setting next_dagrun for example_subdag_operator.section-2 to None
[2022-03-22 11:47:52,299] {logging_mixin.py:109} INFO - [2022-03-22 11:47:52,299] {dag.py:2398} INFO - Sync 2 DAGs
[2022-03-22 11:47:52,314] {logging_mixin.py:109} INFO - [2022-03-22 11:47:52,314] {dag.py:2937} INFO - Setting next_dagrun for example_subdag_operator.section-1 to None
[2022-03-22 11:47:52,314] {logging_mixin.py:109} INFO - [2022-03-22 11:47:52,314] {dag.py:2937} INFO - Setting next_dagrun for example_subdag_operator.section-2 to None
[2022-03-22 11:47:52,333] {processor.py:171} INFO - Processing /home/airflow/.local/lib/python3.7/site-packages/airflow/example_dags/example_subdag_operator.py took 0.178 seconds
[2022-03-22 11:48:23,108] {processor.py:163} INFO - Started process (PID=538) to work on /home/airflow/.local/lib/python3.7/site-packages/airflow/example_dags/example_subdag_operator.py
[2022-03-22 11:48:23,109] {processor.py:642} INFO - Processing file /home/airflow/.local/lib/python3.7/site-packages/airflow/example_dags/example_subdag_operator.py for tasks to queue
[2022-03-22 11:48:23,110] {logging_mixin.py:109} INFO - [2022-03-22 11:48:23,110] {dagbag.py:500} INFO - Filling up the DagBag from /home/airflow/.local/lib/python3.7/site-packages/airflow/example_dags/example_subdag_operator.py
[2022-03-22 11:48:23,176] {processor.py:654} INFO - DAG(s) dict_keys(['example_subdag_operator.section-1', 'example_subdag_operator.section-2', 'example_subdag_operator']) retrieved from /home/airflow/.local/lib/python3.7/site-packages/airflow/example_dags/example_subdag_operator.py
[2022-03-22 11:48:23,195] {logging_mixin.py:109} INFO - [2022-03-22 11:48:23,195] {dag.py:2398} INFO - Sync 3 DAGs
[2022-03-22 11:48:23,224] {logging_mixin.py:109} INFO - [2022-03-22 11:48:23,224] {dag.py:2937} INFO - Setting next_dagrun for example_subdag_operator to 2022-03-20T00:00:00+00:00
[2022-03-22 11:48:23,225] {logging_mixin.py:109} INFO - [2022-03-22 11:48:23,225] {dag.py:2937} INFO - Setting next_dagrun for example_subdag_operator.section-1 to None
[2022-03-22 11:48:23,226] {logging_mixin.py:109} INFO - [2022-03-22 11:48:23,225] {dag.py:2937} INFO - Setting next_dagrun for example_subdag_operator.section-2 to None
[2022-03-22 11:48:23,237] {logging_mixin.py:109} INFO - [2022-03-22 11:48:23,237] {dag.py:2398} INFO - Sync 2 DAGs
[2022-03-22 11:48:23,254] {logging_mixin.py:109} INFO - [2022-03-22 11:48:23,253] {dag.py:2937} INFO - Setting next_dagrun for example_subdag_operator.section-1 to None
[2022-03-22 11:48:23,254] {logging_mixin.py:109} INFO - [2022-03-22 11:48:23,254] {dag.py:2937} INFO - Setting next_dagrun for example_subdag_operator.section-2 to None
[2022-03-22 11:48:23,274] {processor.py:171} INFO - Processing /home/airflow/.local/lib/python3.7/site-packages/airflow/example_dags/example_subdag_operator.py took 0.171 seconds
[2022-03-22 11:48:53,856] {processor.py:163} INFO - Started process (PID=590) to work on /home/airflow/.local/lib/python3.7/site-packages/airflow/example_dags/example_subdag_operator.py
[2022-03-22 11:48:53,864] {processor.py:642} INFO - Processing file /home/airflow/.local/lib/python3.7/site-packages/airflow/example_dags/example_subdag_operator.py for tasks to queue
[2022-03-22 11:48:53,865] {logging_mixin.py:109} INFO - [2022-03-22 11:48:53,865] {dagbag.py:500} INFO - Filling up the DagBag from /home/airflow/.local/lib/python3.7/site-packages/airflow/example_dags/example_subdag_operator.py
[2022-03-22 11:48:53,931] {processor.py:654} INFO - DAG(s) dict_keys(['example_subdag_operator.section-1', 'example_subdag_operator.section-2', 'example_subdag_operator']) retrieved from /home/airflow/.local/lib/python3.7/site-packages/airflow/example_dags/example_subdag_operator.py
[2022-03-22 11:48:53,960] {logging_mixin.py:109} INFO - [2022-03-22 11:48:53,960] {dag.py:2398} INFO - Sync 3 DAGs
[2022-03-22 11:48:53,986] {logging_mixin.py:109} INFO - [2022-03-22 11:48:53,986] {dag.py:2937} INFO - Setting next_dagrun for example_subdag_operator to 2022-03-20T00:00:00+00:00
[2022-03-22 11:48:53,987] {logging_mixin.py:109} INFO - [2022-03-22 11:48:53,987] {dag.py:2937} INFO - Setting next_dagrun for example_subdag_operator.section-1 to None
[2022-03-22 11:48:53,987] {logging_mixin.py:109} INFO - [2022-03-22 11:48:53,987] {dag.py:2937} INFO - Setting next_dagrun for example_subdag_operator.section-2 to None
[2022-03-22 11:48:53,997] {logging_mixin.py:109} INFO - [2022-03-22 11:48:53,997] {dag.py:2398} INFO - Sync 2 DAGs
[2022-03-22 11:48:54,013] {logging_mixin.py:109} INFO - [2022-03-22 11:48:54,013] {dag.py:2937} INFO - Setting next_dagrun for example_subdag_operator.section-1 to None
[2022-03-22 11:48:54,013] {logging_mixin.py:109} INFO - [2022-03-22 11:48:54,013] {dag.py:2937} INFO - Setting next_dagrun for example_subdag_operator.section-2 to None
[2022-03-22 11:48:54,027] {processor.py:171} INFO - Processing /home/airflow/.local/lib/python3.7/site-packages/airflow/example_dags/example_subdag_operator.py took 0.175 seconds
