[2022-03-22 11:43:41,371] {processor.py:163} INFO - Started process (PID=52) to work on /home/airflow/.local/lib/python3.7/site-packages/airflow/example_dags/example_xcom.py
[2022-03-22 11:43:41,372] {processor.py:642} INFO - Processing file /home/airflow/.local/lib/python3.7/site-packages/airflow/example_dags/example_xcom.py for tasks to queue
[2022-03-22 11:43:41,373] {logging_mixin.py:109} INFO - [2022-03-22 11:43:41,373] {dagbag.py:500} INFO - Filling up the DagBag from /home/airflow/.local/lib/python3.7/site-packages/airflow/example_dags/example_xcom.py
[2022-03-22 11:43:41,424] {processor.py:654} INFO - DAG(s) dict_keys(['example_xcom']) retrieved from /home/airflow/.local/lib/python3.7/site-packages/airflow/example_dags/example_xcom.py
[2022-03-22 11:43:42,588] {logging_mixin.py:109} INFO - [2022-03-22 11:43:42,588] {dag.py:2398} INFO - Sync 1 DAGs
[2022-03-22 11:43:42,610] {logging_mixin.py:109} INFO - [2022-03-22 11:43:42,610] {dag.py:2937} INFO - Setting next_dagrun for example_xcom to 2021-01-01T00:00:00+00:00
[2022-03-22 11:43:42,629] {processor.py:171} INFO - Processing /home/airflow/.local/lib/python3.7/site-packages/airflow/example_dags/example_xcom.py took 1.261 seconds
[2022-03-22 11:44:13,098] {processor.py:163} INFO - Started process (PID=105) to work on /home/airflow/.local/lib/python3.7/site-packages/airflow/example_dags/example_xcom.py
[2022-03-22 11:44:13,100] {processor.py:642} INFO - Processing file /home/airflow/.local/lib/python3.7/site-packages/airflow/example_dags/example_xcom.py for tasks to queue
[2022-03-22 11:44:13,101] {logging_mixin.py:109} INFO - [2022-03-22 11:44:13,101] {dagbag.py:500} INFO - Filling up the DagBag from /home/airflow/.local/lib/python3.7/site-packages/airflow/example_dags/example_xcom.py
[2022-03-22 11:44:13,164] {processor.py:654} INFO - DAG(s) dict_keys(['example_xcom']) retrieved from /home/airflow/.local/lib/python3.7/site-packages/airflow/example_dags/example_xcom.py
[2022-03-22 11:44:13,533] {logging_mixin.py:109} INFO - [2022-03-22 11:44:13,532] {dag.py:2398} INFO - Sync 1 DAGs
[2022-03-22 11:44:13,554] {logging_mixin.py:109} INFO - [2022-03-22 11:44:13,554] {dag.py:2937} INFO - Setting next_dagrun for example_xcom to 2021-01-01T00:00:00+00:00
[2022-03-22 11:44:13,577] {processor.py:171} INFO - Processing /home/airflow/.local/lib/python3.7/site-packages/airflow/example_dags/example_xcom.py took 0.484 seconds
[2022-03-22 11:44:43,797] {processor.py:163} INFO - Started process (PID=155) to work on /home/airflow/.local/lib/python3.7/site-packages/airflow/example_dags/example_xcom.py
[2022-03-22 11:44:43,805] {processor.py:642} INFO - Processing file /home/airflow/.local/lib/python3.7/site-packages/airflow/example_dags/example_xcom.py for tasks to queue
[2022-03-22 11:44:43,806] {logging_mixin.py:109} INFO - [2022-03-22 11:44:43,806] {dagbag.py:500} INFO - Filling up the DagBag from /home/airflow/.local/lib/python3.7/site-packages/airflow/example_dags/example_xcom.py
[2022-03-22 11:44:43,868] {processor.py:654} INFO - DAG(s) dict_keys(['example_xcom']) retrieved from /home/airflow/.local/lib/python3.7/site-packages/airflow/example_dags/example_xcom.py
[2022-03-22 11:44:44,272] {logging_mixin.py:109} INFO - [2022-03-22 11:44:44,272] {dag.py:2398} INFO - Sync 1 DAGs
[2022-03-22 11:44:44,302] {logging_mixin.py:109} INFO - [2022-03-22 11:44:44,301] {dag.py:2937} INFO - Setting next_dagrun for example_xcom to 2021-01-01T00:00:00+00:00
[2022-03-22 11:44:44,328] {processor.py:171} INFO - Processing /home/airflow/.local/lib/python3.7/site-packages/airflow/example_dags/example_xcom.py took 0.536 seconds
[2022-03-22 11:45:14,360] {processor.py:163} INFO - Started process (PID=207) to work on /home/airflow/.local/lib/python3.7/site-packages/airflow/example_dags/example_xcom.py
[2022-03-22 11:45:14,361] {processor.py:642} INFO - Processing file /home/airflow/.local/lib/python3.7/site-packages/airflow/example_dags/example_xcom.py for tasks to queue
[2022-03-22 11:45:14,362] {logging_mixin.py:109} INFO - [2022-03-22 11:45:14,362] {dagbag.py:500} INFO - Filling up the DagBag from /home/airflow/.local/lib/python3.7/site-packages/airflow/example_dags/example_xcom.py
[2022-03-22 11:45:14,423] {processor.py:654} INFO - DAG(s) dict_keys(['example_xcom']) retrieved from /home/airflow/.local/lib/python3.7/site-packages/airflow/example_dags/example_xcom.py
[2022-03-22 11:45:14,729] {logging_mixin.py:109} INFO - [2022-03-22 11:45:14,729] {dag.py:2398} INFO - Sync 1 DAGs
[2022-03-22 11:45:14,754] {logging_mixin.py:109} INFO - [2022-03-22 11:45:14,754] {dag.py:2937} INFO - Setting next_dagrun for example_xcom to 2021-01-01T00:00:00+00:00
[2022-03-22 11:45:14,778] {processor.py:171} INFO - Processing /home/airflow/.local/lib/python3.7/site-packages/airflow/example_dags/example_xcom.py took 0.422 seconds
[2022-03-22 11:45:45,095] {processor.py:163} INFO - Started process (PID=258) to work on /home/airflow/.local/lib/python3.7/site-packages/airflow/example_dags/example_xcom.py
[2022-03-22 11:45:45,096] {processor.py:642} INFO - Processing file /home/airflow/.local/lib/python3.7/site-packages/airflow/example_dags/example_xcom.py for tasks to queue
[2022-03-22 11:45:45,097] {logging_mixin.py:109} INFO - [2022-03-22 11:45:45,097] {dagbag.py:500} INFO - Filling up the DagBag from /home/airflow/.local/lib/python3.7/site-packages/airflow/example_dags/example_xcom.py
[2022-03-22 11:45:45,172] {processor.py:654} INFO - DAG(s) dict_keys(['example_xcom']) retrieved from /home/airflow/.local/lib/python3.7/site-packages/airflow/example_dags/example_xcom.py
[2022-03-22 11:45:45,496] {logging_mixin.py:109} INFO - [2022-03-22 11:45:45,496] {dag.py:2398} INFO - Sync 1 DAGs
[2022-03-22 11:45:45,520] {logging_mixin.py:109} INFO - [2022-03-22 11:45:45,520] {dag.py:2937} INFO - Setting next_dagrun for example_xcom to 2021-01-01T00:00:00+00:00
[2022-03-22 11:45:45,543] {processor.py:171} INFO - Processing /home/airflow/.local/lib/python3.7/site-packages/airflow/example_dags/example_xcom.py took 0.454 seconds
[2022-03-22 11:46:15,744] {processor.py:163} INFO - Started process (PID=309) to work on /home/airflow/.local/lib/python3.7/site-packages/airflow/example_dags/example_xcom.py
[2022-03-22 11:46:15,754] {processor.py:642} INFO - Processing file /home/airflow/.local/lib/python3.7/site-packages/airflow/example_dags/example_xcom.py for tasks to queue
[2022-03-22 11:46:15,755] {logging_mixin.py:109} INFO - [2022-03-22 11:46:15,755] {dagbag.py:500} INFO - Filling up the DagBag from /home/airflow/.local/lib/python3.7/site-packages/airflow/example_dags/example_xcom.py
[2022-03-22 11:46:15,816] {processor.py:654} INFO - DAG(s) dict_keys(['example_xcom']) retrieved from /home/airflow/.local/lib/python3.7/site-packages/airflow/example_dags/example_xcom.py
[2022-03-22 11:46:16,198] {logging_mixin.py:109} INFO - [2022-03-22 11:46:16,197] {dag.py:2398} INFO - Sync 1 DAGs
[2022-03-22 11:46:16,227] {logging_mixin.py:109} INFO - [2022-03-22 11:46:16,226] {dag.py:2937} INFO - Setting next_dagrun for example_xcom to 2021-01-01T00:00:00+00:00
[2022-03-22 11:46:16,249] {processor.py:171} INFO - Processing /home/airflow/.local/lib/python3.7/site-packages/airflow/example_dags/example_xcom.py took 0.510 seconds
[2022-03-22 11:46:46,581] {processor.py:163} INFO - Started process (PID=361) to work on /home/airflow/.local/lib/python3.7/site-packages/airflow/example_dags/example_xcom.py
[2022-03-22 11:46:46,590] {processor.py:642} INFO - Processing file /home/airflow/.local/lib/python3.7/site-packages/airflow/example_dags/example_xcom.py for tasks to queue
[2022-03-22 11:46:46,591] {logging_mixin.py:109} INFO - [2022-03-22 11:46:46,591] {dagbag.py:500} INFO - Filling up the DagBag from /home/airflow/.local/lib/python3.7/site-packages/airflow/example_dags/example_xcom.py
[2022-03-22 11:46:46,660] {processor.py:654} INFO - DAG(s) dict_keys(['example_xcom']) retrieved from /home/airflow/.local/lib/python3.7/site-packages/airflow/example_dags/example_xcom.py
[2022-03-22 11:46:47,071] {logging_mixin.py:109} INFO - [2022-03-22 11:46:47,071] {dag.py:2398} INFO - Sync 1 DAGs
[2022-03-22 11:46:47,101] {logging_mixin.py:109} INFO - [2022-03-22 11:46:47,101] {dag.py:2937} INFO - Setting next_dagrun for example_xcom to 2021-01-01T00:00:00+00:00
[2022-03-22 11:46:47,126] {processor.py:171} INFO - Processing /home/airflow/.local/lib/python3.7/site-packages/airflow/example_dags/example_xcom.py took 0.551 seconds
[2022-03-22 11:47:17,281] {processor.py:163} INFO - Started process (PID=415) to work on /home/airflow/.local/lib/python3.7/site-packages/airflow/example_dags/example_xcom.py
[2022-03-22 11:47:17,282] {processor.py:642} INFO - Processing file /home/airflow/.local/lib/python3.7/site-packages/airflow/example_dags/example_xcom.py for tasks to queue
[2022-03-22 11:47:17,283] {logging_mixin.py:109} INFO - [2022-03-22 11:47:17,283] {dagbag.py:500} INFO - Filling up the DagBag from /home/airflow/.local/lib/python3.7/site-packages/airflow/example_dags/example_xcom.py
[2022-03-22 11:47:17,347] {processor.py:654} INFO - DAG(s) dict_keys(['example_xcom']) retrieved from /home/airflow/.local/lib/python3.7/site-packages/airflow/example_dags/example_xcom.py
[2022-03-22 11:47:17,763] {logging_mixin.py:109} INFO - [2022-03-22 11:47:17,763] {dag.py:2398} INFO - Sync 1 DAGs
[2022-03-22 11:47:17,793] {logging_mixin.py:109} INFO - [2022-03-22 11:47:17,792] {dag.py:2937} INFO - Setting next_dagrun for example_xcom to 2021-01-01T00:00:00+00:00
[2022-03-22 11:47:17,813] {processor.py:171} INFO - Processing /home/airflow/.local/lib/python3.7/site-packages/airflow/example_dags/example_xcom.py took 0.535 seconds
[2022-03-22 11:47:48,015] {processor.py:163} INFO - Started process (PID=463) to work on /home/airflow/.local/lib/python3.7/site-packages/airflow/example_dags/example_xcom.py
[2022-03-22 11:47:48,026] {processor.py:642} INFO - Processing file /home/airflow/.local/lib/python3.7/site-packages/airflow/example_dags/example_xcom.py for tasks to queue
[2022-03-22 11:47:48,028] {logging_mixin.py:109} INFO - [2022-03-22 11:47:48,028] {dagbag.py:500} INFO - Filling up the DagBag from /home/airflow/.local/lib/python3.7/site-packages/airflow/example_dags/example_xcom.py
[2022-03-22 11:47:48,092] {processor.py:654} INFO - DAG(s) dict_keys(['example_xcom']) retrieved from /home/airflow/.local/lib/python3.7/site-packages/airflow/example_dags/example_xcom.py
[2022-03-22 11:47:48,497] {logging_mixin.py:109} INFO - [2022-03-22 11:47:48,497] {dag.py:2398} INFO - Sync 1 DAGs
[2022-03-22 11:47:48,519] {logging_mixin.py:109} INFO - [2022-03-22 11:47:48,519] {dag.py:2937} INFO - Setting next_dagrun for example_xcom to 2021-01-01T00:00:00+00:00
[2022-03-22 11:47:48,538] {processor.py:171} INFO - Processing /home/airflow/.local/lib/python3.7/site-packages/airflow/example_dags/example_xcom.py took 0.527 seconds
[2022-03-22 11:48:18,719] {processor.py:163} INFO - Started process (PID=517) to work on /home/airflow/.local/lib/python3.7/site-packages/airflow/example_dags/example_xcom.py
[2022-03-22 11:48:18,720] {processor.py:642} INFO - Processing file /home/airflow/.local/lib/python3.7/site-packages/airflow/example_dags/example_xcom.py for tasks to queue
[2022-03-22 11:48:18,721] {logging_mixin.py:109} INFO - [2022-03-22 11:48:18,721] {dagbag.py:500} INFO - Filling up the DagBag from /home/airflow/.local/lib/python3.7/site-packages/airflow/example_dags/example_xcom.py
[2022-03-22 11:48:18,773] {processor.py:654} INFO - DAG(s) dict_keys(['example_xcom']) retrieved from /home/airflow/.local/lib/python3.7/site-packages/airflow/example_dags/example_xcom.py
[2022-03-22 11:48:19,108] {logging_mixin.py:109} INFO - [2022-03-22 11:48:19,107] {dag.py:2398} INFO - Sync 1 DAGs
[2022-03-22 11:48:19,138] {logging_mixin.py:109} INFO - [2022-03-22 11:48:19,138] {dag.py:2937} INFO - Setting next_dagrun for example_xcom to 2021-01-01T00:00:00+00:00
[2022-03-22 11:48:19,159] {processor.py:171} INFO - Processing /home/airflow/.local/lib/python3.7/site-packages/airflow/example_dags/example_xcom.py took 0.444 seconds
[2022-03-22 11:48:49,190] {processor.py:163} INFO - Started process (PID=571) to work on /home/airflow/.local/lib/python3.7/site-packages/airflow/example_dags/example_xcom.py
[2022-03-22 11:48:49,192] {processor.py:642} INFO - Processing file /home/airflow/.local/lib/python3.7/site-packages/airflow/example_dags/example_xcom.py for tasks to queue
[2022-03-22 11:48:49,193] {logging_mixin.py:109} INFO - [2022-03-22 11:48:49,193] {dagbag.py:500} INFO - Filling up the DagBag from /home/airflow/.local/lib/python3.7/site-packages/airflow/example_dags/example_xcom.py
[2022-03-22 11:48:49,253] {processor.py:654} INFO - DAG(s) dict_keys(['example_xcom']) retrieved from /home/airflow/.local/lib/python3.7/site-packages/airflow/example_dags/example_xcom.py
[2022-03-22 11:48:49,664] {logging_mixin.py:109} INFO - [2022-03-22 11:48:49,664] {dag.py:2398} INFO - Sync 1 DAGs
[2022-03-22 11:48:49,706] {logging_mixin.py:109} INFO - [2022-03-22 11:48:49,706] {dag.py:2937} INFO - Setting next_dagrun for example_xcom to 2021-01-01T00:00:00+00:00
[2022-03-22 11:48:49,726] {processor.py:171} INFO - Processing /home/airflow/.local/lib/python3.7/site-packages/airflow/example_dags/example_xcom.py took 0.539 seconds
