[2022-03-22 11:43:41,691] {processor.py:163} INFO - Started process (PID=55) to work on /home/airflow/.local/lib/python3.7/site-packages/airflow/example_dags/example_dag_decorator.py
[2022-03-22 11:43:41,693] {processor.py:642} INFO - Processing file /home/airflow/.local/lib/python3.7/site-packages/airflow/example_dags/example_dag_decorator.py for tasks to queue
[2022-03-22 11:43:41,694] {logging_mixin.py:109} INFO - [2022-03-22 11:43:41,694] {dagbag.py:500} INFO - Filling up the DagBag from /home/airflow/.local/lib/python3.7/site-packages/airflow/example_dags/example_dag_decorator.py
[2022-03-22 11:43:41,769] {processor.py:654} INFO - DAG(s) dict_keys(['example_dag_decorator']) retrieved from /home/airflow/.local/lib/python3.7/site-packages/airflow/example_dags/example_dag_decorator.py
[2022-03-22 11:43:42,584] {logging_mixin.py:109} INFO - [2022-03-22 11:43:42,584] {dag.py:2398} INFO - Sync 1 DAGs
[2022-03-22 11:43:42,606] {logging_mixin.py:109} INFO - [2022-03-22 11:43:42,606] {dag.py:2937} INFO - Setting next_dagrun for example_dag_decorator to None
[2022-03-22 11:43:42,625] {processor.py:171} INFO - Processing /home/airflow/.local/lib/python3.7/site-packages/airflow/example_dags/example_dag_decorator.py took 0.938 seconds
[2022-03-22 11:44:13,104] {processor.py:163} INFO - Started process (PID=106) to work on /home/airflow/.local/lib/python3.7/site-packages/airflow/example_dags/example_dag_decorator.py
[2022-03-22 11:44:13,105] {processor.py:642} INFO - Processing file /home/airflow/.local/lib/python3.7/site-packages/airflow/example_dags/example_dag_decorator.py for tasks to queue
[2022-03-22 11:44:13,107] {logging_mixin.py:109} INFO - [2022-03-22 11:44:13,106] {dagbag.py:500} INFO - Filling up the DagBag from /home/airflow/.local/lib/python3.7/site-packages/airflow/example_dags/example_dag_decorator.py
[2022-03-22 11:44:13,187] {processor.py:654} INFO - DAG(s) dict_keys(['example_dag_decorator']) retrieved from /home/airflow/.local/lib/python3.7/site-packages/airflow/example_dags/example_dag_decorator.py
[2022-03-22 11:44:13,593] {logging_mixin.py:109} INFO - [2022-03-22 11:44:13,593] {dag.py:2398} INFO - Sync 1 DAGs
[2022-03-22 11:44:13,624] {logging_mixin.py:109} INFO - [2022-03-22 11:44:13,623] {dag.py:2937} INFO - Setting next_dagrun for example_dag_decorator to None
[2022-03-22 11:44:13,643] {processor.py:171} INFO - Processing /home/airflow/.local/lib/python3.7/site-packages/airflow/example_dags/example_dag_decorator.py took 0.544 seconds
[2022-03-22 11:44:43,802] {processor.py:163} INFO - Started process (PID=156) to work on /home/airflow/.local/lib/python3.7/site-packages/airflow/example_dags/example_dag_decorator.py
[2022-03-22 11:44:43,804] {processor.py:642} INFO - Processing file /home/airflow/.local/lib/python3.7/site-packages/airflow/example_dags/example_dag_decorator.py for tasks to queue
[2022-03-22 11:44:43,806] {logging_mixin.py:109} INFO - [2022-03-22 11:44:43,806] {dagbag.py:500} INFO - Filling up the DagBag from /home/airflow/.local/lib/python3.7/site-packages/airflow/example_dags/example_dag_decorator.py
[2022-03-22 11:44:43,877] {processor.py:654} INFO - DAG(s) dict_keys(['example_dag_decorator']) retrieved from /home/airflow/.local/lib/python3.7/site-packages/airflow/example_dags/example_dag_decorator.py
[2022-03-22 11:44:44,290] {logging_mixin.py:109} INFO - [2022-03-22 11:44:44,290] {dag.py:2398} INFO - Sync 1 DAGs
[2022-03-22 11:44:44,321] {logging_mixin.py:109} INFO - [2022-03-22 11:44:44,320] {dag.py:2937} INFO - Setting next_dagrun for example_dag_decorator to None
[2022-03-22 11:44:44,341] {processor.py:171} INFO - Processing /home/airflow/.local/lib/python3.7/site-packages/airflow/example_dags/example_dag_decorator.py took 0.544 seconds
[2022-03-22 11:45:14,801] {processor.py:163} INFO - Started process (PID=208) to work on /home/airflow/.local/lib/python3.7/site-packages/airflow/example_dags/example_dag_decorator.py
[2022-03-22 11:45:14,802] {processor.py:642} INFO - Processing file /home/airflow/.local/lib/python3.7/site-packages/airflow/example_dags/example_dag_decorator.py for tasks to queue
[2022-03-22 11:45:14,803] {logging_mixin.py:109} INFO - [2022-03-22 11:45:14,803] {dagbag.py:500} INFO - Filling up the DagBag from /home/airflow/.local/lib/python3.7/site-packages/airflow/example_dags/example_dag_decorator.py
[2022-03-22 11:45:14,866] {processor.py:654} INFO - DAG(s) dict_keys(['example_dag_decorator']) retrieved from /home/airflow/.local/lib/python3.7/site-packages/airflow/example_dags/example_dag_decorator.py
[2022-03-22 11:45:15,227] {logging_mixin.py:109} INFO - [2022-03-22 11:45:15,226] {dag.py:2398} INFO - Sync 1 DAGs
[2022-03-22 11:45:15,248] {logging_mixin.py:109} INFO - [2022-03-22 11:45:15,248] {dag.py:2937} INFO - Setting next_dagrun for example_dag_decorator to None
[2022-03-22 11:45:15,265] {processor.py:171} INFO - Processing /home/airflow/.local/lib/python3.7/site-packages/airflow/example_dags/example_dag_decorator.py took 0.469 seconds
[2022-03-22 11:45:45,556] {processor.py:163} INFO - Started process (PID=262) to work on /home/airflow/.local/lib/python3.7/site-packages/airflow/example_dags/example_dag_decorator.py
[2022-03-22 11:45:45,559] {processor.py:642} INFO - Processing file /home/airflow/.local/lib/python3.7/site-packages/airflow/example_dags/example_dag_decorator.py for tasks to queue
[2022-03-22 11:45:45,560] {logging_mixin.py:109} INFO - [2022-03-22 11:45:45,560] {dagbag.py:500} INFO - Filling up the DagBag from /home/airflow/.local/lib/python3.7/site-packages/airflow/example_dags/example_dag_decorator.py
[2022-03-22 11:45:45,638] {processor.py:654} INFO - DAG(s) dict_keys(['example_dag_decorator']) retrieved from /home/airflow/.local/lib/python3.7/site-packages/airflow/example_dags/example_dag_decorator.py
[2022-03-22 11:45:45,999] {logging_mixin.py:109} INFO - [2022-03-22 11:45:45,998] {dag.py:2398} INFO - Sync 1 DAGs
[2022-03-22 11:45:46,030] {logging_mixin.py:109} INFO - [2022-03-22 11:45:46,029] {dag.py:2937} INFO - Setting next_dagrun for example_dag_decorator to None
[2022-03-22 11:45:46,052] {processor.py:171} INFO - Processing /home/airflow/.local/lib/python3.7/site-packages/airflow/example_dags/example_dag_decorator.py took 0.499 seconds
[2022-03-22 11:46:16,274] {processor.py:163} INFO - Started process (PID=314) to work on /home/airflow/.local/lib/python3.7/site-packages/airflow/example_dags/example_dag_decorator.py
[2022-03-22 11:46:16,275] {processor.py:642} INFO - Processing file /home/airflow/.local/lib/python3.7/site-packages/airflow/example_dags/example_dag_decorator.py for tasks to queue
[2022-03-22 11:46:16,276] {logging_mixin.py:109} INFO - [2022-03-22 11:46:16,276] {dagbag.py:500} INFO - Filling up the DagBag from /home/airflow/.local/lib/python3.7/site-packages/airflow/example_dags/example_dag_decorator.py
[2022-03-22 11:46:16,339] {processor.py:654} INFO - DAG(s) dict_keys(['example_dag_decorator']) retrieved from /home/airflow/.local/lib/python3.7/site-packages/airflow/example_dags/example_dag_decorator.py
[2022-03-22 11:46:16,786] {logging_mixin.py:109} INFO - [2022-03-22 11:46:16,786] {dag.py:2398} INFO - Sync 1 DAGs
[2022-03-22 11:46:16,809] {logging_mixin.py:109} INFO - [2022-03-22 11:46:16,808] {dag.py:2937} INFO - Setting next_dagrun for example_dag_decorator to None
[2022-03-22 11:46:16,827] {processor.py:171} INFO - Processing /home/airflow/.local/lib/python3.7/site-packages/airflow/example_dags/example_dag_decorator.py took 0.557 seconds
[2022-03-22 11:46:47,196] {processor.py:163} INFO - Started process (PID=367) to work on /home/airflow/.local/lib/python3.7/site-packages/airflow/example_dags/example_dag_decorator.py
[2022-03-22 11:46:47,198] {processor.py:642} INFO - Processing file /home/airflow/.local/lib/python3.7/site-packages/airflow/example_dags/example_dag_decorator.py for tasks to queue
[2022-03-22 11:46:47,199] {logging_mixin.py:109} INFO - [2022-03-22 11:46:47,198] {dagbag.py:500} INFO - Filling up the DagBag from /home/airflow/.local/lib/python3.7/site-packages/airflow/example_dags/example_dag_decorator.py
[2022-03-22 11:46:47,265] {processor.py:654} INFO - DAG(s) dict_keys(['example_dag_decorator']) retrieved from /home/airflow/.local/lib/python3.7/site-packages/airflow/example_dags/example_dag_decorator.py
[2022-03-22 11:46:47,669] {logging_mixin.py:109} INFO - [2022-03-22 11:46:47,668] {dag.py:2398} INFO - Sync 1 DAGs
[2022-03-22 11:46:47,699] {logging_mixin.py:109} INFO - [2022-03-22 11:46:47,699] {dag.py:2937} INFO - Setting next_dagrun for example_dag_decorator to None
[2022-03-22 11:46:47,726] {processor.py:171} INFO - Processing /home/airflow/.local/lib/python3.7/site-packages/airflow/example_dags/example_dag_decorator.py took 0.533 seconds
[2022-03-22 11:47:17,755] {processor.py:163} INFO - Started process (PID=419) to work on /home/airflow/.local/lib/python3.7/site-packages/airflow/example_dags/example_dag_decorator.py
[2022-03-22 11:47:17,757] {processor.py:642} INFO - Processing file /home/airflow/.local/lib/python3.7/site-packages/airflow/example_dags/example_dag_decorator.py for tasks to queue
[2022-03-22 11:47:17,758] {logging_mixin.py:109} INFO - [2022-03-22 11:47:17,757] {dagbag.py:500} INFO - Filling up the DagBag from /home/airflow/.local/lib/python3.7/site-packages/airflow/example_dags/example_dag_decorator.py
[2022-03-22 11:47:17,825] {processor.py:654} INFO - DAG(s) dict_keys(['example_dag_decorator']) retrieved from /home/airflow/.local/lib/python3.7/site-packages/airflow/example_dags/example_dag_decorator.py
[2022-03-22 11:47:18,229] {logging_mixin.py:109} INFO - [2022-03-22 11:47:18,229] {dag.py:2398} INFO - Sync 1 DAGs
[2022-03-22 11:47:18,258] {logging_mixin.py:109} INFO - [2022-03-22 11:47:18,258] {dag.py:2937} INFO - Setting next_dagrun for example_dag_decorator to None
[2022-03-22 11:47:18,283] {processor.py:171} INFO - Processing /home/airflow/.local/lib/python3.7/site-packages/airflow/example_dags/example_dag_decorator.py took 0.532 seconds
[2022-03-22 11:47:48,743] {processor.py:163} INFO - Started process (PID=471) to work on /home/airflow/.local/lib/python3.7/site-packages/airflow/example_dags/example_dag_decorator.py
[2022-03-22 11:47:48,744] {processor.py:642} INFO - Processing file /home/airflow/.local/lib/python3.7/site-packages/airflow/example_dags/example_dag_decorator.py for tasks to queue
[2022-03-22 11:47:48,745] {logging_mixin.py:109} INFO - [2022-03-22 11:47:48,745] {dagbag.py:500} INFO - Filling up the DagBag from /home/airflow/.local/lib/python3.7/site-packages/airflow/example_dags/example_dag_decorator.py
[2022-03-22 11:47:48,800] {processor.py:654} INFO - DAG(s) dict_keys(['example_dag_decorator']) retrieved from /home/airflow/.local/lib/python3.7/site-packages/airflow/example_dags/example_dag_decorator.py
[2022-03-22 11:47:49,193] {logging_mixin.py:109} INFO - [2022-03-22 11:47:49,193] {dag.py:2398} INFO - Sync 1 DAGs
[2022-03-22 11:47:49,234] {logging_mixin.py:109} INFO - [2022-03-22 11:47:49,233] {dag.py:2937} INFO - Setting next_dagrun for example_dag_decorator to None
[2022-03-22 11:47:49,260] {processor.py:171} INFO - Processing /home/airflow/.local/lib/python3.7/site-packages/airflow/example_dags/example_dag_decorator.py took 0.521 seconds
[2022-03-22 11:48:19,336] {processor.py:163} INFO - Started process (PID=524) to work on /home/airflow/.local/lib/python3.7/site-packages/airflow/example_dags/example_dag_decorator.py
[2022-03-22 11:48:19,337] {processor.py:642} INFO - Processing file /home/airflow/.local/lib/python3.7/site-packages/airflow/example_dags/example_dag_decorator.py for tasks to queue
[2022-03-22 11:48:19,338] {logging_mixin.py:109} INFO - [2022-03-22 11:48:19,338] {dagbag.py:500} INFO - Filling up the DagBag from /home/airflow/.local/lib/python3.7/site-packages/airflow/example_dags/example_dag_decorator.py
[2022-03-22 11:48:19,394] {processor.py:654} INFO - DAG(s) dict_keys(['example_dag_decorator']) retrieved from /home/airflow/.local/lib/python3.7/site-packages/airflow/example_dags/example_dag_decorator.py
[2022-03-22 11:48:19,789] {logging_mixin.py:109} INFO - [2022-03-22 11:48:19,789] {dag.py:2398} INFO - Sync 1 DAGs
[2022-03-22 11:48:19,825] {logging_mixin.py:109} INFO - [2022-03-22 11:48:19,825] {dag.py:2937} INFO - Setting next_dagrun for example_dag_decorator to None
[2022-03-22 11:48:19,849] {processor.py:171} INFO - Processing /home/airflow/.local/lib/python3.7/site-packages/airflow/example_dags/example_dag_decorator.py took 0.517 seconds
[2022-03-22 11:48:50,017] {processor.py:163} INFO - Started process (PID=578) to work on /home/airflow/.local/lib/python3.7/site-packages/airflow/example_dags/example_dag_decorator.py
[2022-03-22 11:48:50,019] {processor.py:642} INFO - Processing file /home/airflow/.local/lib/python3.7/site-packages/airflow/example_dags/example_dag_decorator.py for tasks to queue
[2022-03-22 11:48:50,020] {logging_mixin.py:109} INFO - [2022-03-22 11:48:50,020] {dagbag.py:500} INFO - Filling up the DagBag from /home/airflow/.local/lib/python3.7/site-packages/airflow/example_dags/example_dag_decorator.py
[2022-03-22 11:48:50,091] {processor.py:654} INFO - DAG(s) dict_keys(['example_dag_decorator']) retrieved from /home/airflow/.local/lib/python3.7/site-packages/airflow/example_dags/example_dag_decorator.py
[2022-03-22 11:48:50,508] {logging_mixin.py:109} INFO - [2022-03-22 11:48:50,507] {dag.py:2398} INFO - Sync 1 DAGs
[2022-03-22 11:48:50,536] {logging_mixin.py:109} INFO - [2022-03-22 11:48:50,536] {dag.py:2937} INFO - Setting next_dagrun for example_dag_decorator to None
[2022-03-22 11:48:50,560] {processor.py:171} INFO - Processing /home/airflow/.local/lib/python3.7/site-packages/airflow/example_dags/example_dag_decorator.py took 0.548 seconds
