[2022-03-22 11:43:43,049] {processor.py:163} INFO - Started process (PID=61) to work on /home/airflow/.local/lib/python3.7/site-packages/airflow/example_dags/tutorial.py
[2022-03-22 11:43:43,050] {processor.py:642} INFO - Processing file /home/airflow/.local/lib/python3.7/site-packages/airflow/example_dags/tutorial.py for tasks to queue
[2022-03-22 11:43:43,051] {logging_mixin.py:109} INFO - [2022-03-22 11:43:43,051] {dagbag.py:500} INFO - Filling up the DagBag from /home/airflow/.local/lib/python3.7/site-packages/airflow/example_dags/tutorial.py
[2022-03-22 11:43:43,106] {processor.py:654} INFO - DAG(s) dict_keys(['tutorial']) retrieved from /home/airflow/.local/lib/python3.7/site-packages/airflow/example_dags/tutorial.py
[2022-03-22 11:43:43,127] {logging_mixin.py:109} INFO - [2022-03-22 11:43:43,127] {dag.py:2398} INFO - Sync 1 DAGs
[2022-03-22 11:43:43,163] {logging_mixin.py:109} INFO - [2022-03-22 11:43:43,162] {dag.py:2937} INFO - Setting next_dagrun for tutorial to 2022-03-21T11:43:43.162481+00:00
[2022-03-22 11:43:43,185] {processor.py:171} INFO - Processing /home/airflow/.local/lib/python3.7/site-packages/airflow/example_dags/tutorial.py took 0.140 seconds
[2022-03-22 11:44:13,961] {processor.py:163} INFO - Started process (PID=112) to work on /home/airflow/.local/lib/python3.7/site-packages/airflow/example_dags/tutorial.py
[2022-03-22 11:44:13,962] {processor.py:642} INFO - Processing file /home/airflow/.local/lib/python3.7/site-packages/airflow/example_dags/tutorial.py for tasks to queue
[2022-03-22 11:44:13,963] {logging_mixin.py:109} INFO - [2022-03-22 11:44:13,963] {dagbag.py:500} INFO - Filling up the DagBag from /home/airflow/.local/lib/python3.7/site-packages/airflow/example_dags/tutorial.py
[2022-03-22 11:44:14,003] {processor.py:654} INFO - DAG(s) dict_keys(['tutorial']) retrieved from /home/airflow/.local/lib/python3.7/site-packages/airflow/example_dags/tutorial.py
[2022-03-22 11:44:14,017] {logging_mixin.py:109} INFO - [2022-03-22 11:44:14,017] {dag.py:2398} INFO - Sync 1 DAGs
[2022-03-22 11:44:14,045] {logging_mixin.py:109} INFO - [2022-03-22 11:44:14,045] {dag.py:2937} INFO - Setting next_dagrun for tutorial to 2022-03-21T11:44:14.044888+00:00
[2022-03-22 11:44:14,063] {processor.py:171} INFO - Processing /home/airflow/.local/lib/python3.7/site-packages/airflow/example_dags/tutorial.py took 0.105 seconds
[2022-03-22 11:44:44,646] {processor.py:163} INFO - Started process (PID=162) to work on /home/airflow/.local/lib/python3.7/site-packages/airflow/example_dags/tutorial.py
[2022-03-22 11:44:44,648] {processor.py:642} INFO - Processing file /home/airflow/.local/lib/python3.7/site-packages/airflow/example_dags/tutorial.py for tasks to queue
[2022-03-22 11:44:44,649] {logging_mixin.py:109} INFO - [2022-03-22 11:44:44,649] {dagbag.py:500} INFO - Filling up the DagBag from /home/airflow/.local/lib/python3.7/site-packages/airflow/example_dags/tutorial.py
[2022-03-22 11:44:44,691] {processor.py:654} INFO - DAG(s) dict_keys(['tutorial']) retrieved from /home/airflow/.local/lib/python3.7/site-packages/airflow/example_dags/tutorial.py
[2022-03-22 11:44:44,710] {logging_mixin.py:109} INFO - [2022-03-22 11:44:44,709] {dag.py:2398} INFO - Sync 1 DAGs
[2022-03-22 11:44:44,735] {logging_mixin.py:109} INFO - [2022-03-22 11:44:44,735] {dag.py:2937} INFO - Setting next_dagrun for tutorial to 2022-03-21T11:44:44.735413+00:00
[2022-03-22 11:44:44,751] {processor.py:171} INFO - Processing /home/airflow/.local/lib/python3.7/site-packages/airflow/example_dags/tutorial.py took 0.108 seconds
[2022-03-22 11:45:15,283] {processor.py:163} INFO - Started process (PID=213) to work on /home/airflow/.local/lib/python3.7/site-packages/airflow/example_dags/tutorial.py
[2022-03-22 11:45:15,285] {processor.py:642} INFO - Processing file /home/airflow/.local/lib/python3.7/site-packages/airflow/example_dags/tutorial.py for tasks to queue
[2022-03-22 11:45:15,286] {logging_mixin.py:109} INFO - [2022-03-22 11:45:15,286] {dagbag.py:500} INFO - Filling up the DagBag from /home/airflow/.local/lib/python3.7/site-packages/airflow/example_dags/tutorial.py
[2022-03-22 11:45:15,330] {processor.py:654} INFO - DAG(s) dict_keys(['tutorial']) retrieved from /home/airflow/.local/lib/python3.7/site-packages/airflow/example_dags/tutorial.py
[2022-03-22 11:45:15,349] {logging_mixin.py:109} INFO - [2022-03-22 11:45:15,349] {dag.py:2398} INFO - Sync 1 DAGs
[2022-03-22 11:45:15,377] {logging_mixin.py:109} INFO - [2022-03-22 11:45:15,377] {dag.py:2937} INFO - Setting next_dagrun for tutorial to 2022-03-21T11:45:15.377198+00:00
[2022-03-22 11:45:15,393] {processor.py:171} INFO - Processing /home/airflow/.local/lib/python3.7/site-packages/airflow/example_dags/tutorial.py took 0.113 seconds
[2022-03-22 11:45:45,701] {processor.py:163} INFO - Started process (PID=264) to work on /home/airflow/.local/lib/python3.7/site-packages/airflow/example_dags/tutorial.py
[2022-03-22 11:45:45,702] {processor.py:642} INFO - Processing file /home/airflow/.local/lib/python3.7/site-packages/airflow/example_dags/tutorial.py for tasks to queue
[2022-03-22 11:45:45,703] {logging_mixin.py:109} INFO - [2022-03-22 11:45:45,703] {dagbag.py:500} INFO - Filling up the DagBag from /home/airflow/.local/lib/python3.7/site-packages/airflow/example_dags/tutorial.py
[2022-03-22 11:45:45,752] {processor.py:654} INFO - DAG(s) dict_keys(['tutorial']) retrieved from /home/airflow/.local/lib/python3.7/site-packages/airflow/example_dags/tutorial.py
[2022-03-22 11:45:45,767] {logging_mixin.py:109} INFO - [2022-03-22 11:45:45,767] {dag.py:2398} INFO - Sync 1 DAGs
[2022-03-22 11:45:45,795] {logging_mixin.py:109} INFO - [2022-03-22 11:45:45,795] {dag.py:2937} INFO - Setting next_dagrun for tutorial to 2022-03-21T11:45:45.794866+00:00
[2022-03-22 11:45:45,811] {processor.py:171} INFO - Processing /home/airflow/.local/lib/python3.7/site-packages/airflow/example_dags/tutorial.py took 0.113 seconds
[2022-03-22 11:46:16,349] {processor.py:163} INFO - Started process (PID=315) to work on /home/airflow/.local/lib/python3.7/site-packages/airflow/example_dags/tutorial.py
[2022-03-22 11:46:16,351] {processor.py:642} INFO - Processing file /home/airflow/.local/lib/python3.7/site-packages/airflow/example_dags/tutorial.py for tasks to queue
[2022-03-22 11:46:16,352] {logging_mixin.py:109} INFO - [2022-03-22 11:46:16,352] {dagbag.py:500} INFO - Filling up the DagBag from /home/airflow/.local/lib/python3.7/site-packages/airflow/example_dags/tutorial.py
[2022-03-22 11:46:16,414] {processor.py:654} INFO - DAG(s) dict_keys(['tutorial']) retrieved from /home/airflow/.local/lib/python3.7/site-packages/airflow/example_dags/tutorial.py
[2022-03-22 11:46:16,435] {logging_mixin.py:109} INFO - [2022-03-22 11:46:16,435] {dag.py:2398} INFO - Sync 1 DAGs
[2022-03-22 11:46:16,463] {logging_mixin.py:109} INFO - [2022-03-22 11:46:16,463] {dag.py:2937} INFO - Setting next_dagrun for tutorial to 2022-03-21T11:46:16.462687+00:00
[2022-03-22 11:46:16,480] {processor.py:171} INFO - Processing /home/airflow/.local/lib/python3.7/site-packages/airflow/example_dags/tutorial.py took 0.136 seconds
[2022-03-22 11:46:47,147] {processor.py:163} INFO - Started process (PID=366) to work on /home/airflow/.local/lib/python3.7/site-packages/airflow/example_dags/tutorial.py
[2022-03-22 11:46:47,148] {processor.py:642} INFO - Processing file /home/airflow/.local/lib/python3.7/site-packages/airflow/example_dags/tutorial.py for tasks to queue
[2022-03-22 11:46:47,149] {logging_mixin.py:109} INFO - [2022-03-22 11:46:47,149] {dagbag.py:500} INFO - Filling up the DagBag from /home/airflow/.local/lib/python3.7/site-packages/airflow/example_dags/tutorial.py
[2022-03-22 11:46:47,202] {processor.py:654} INFO - DAG(s) dict_keys(['tutorial']) retrieved from /home/airflow/.local/lib/python3.7/site-packages/airflow/example_dags/tutorial.py
[2022-03-22 11:46:47,222] {logging_mixin.py:109} INFO - [2022-03-22 11:46:47,221] {dag.py:2398} INFO - Sync 1 DAGs
[2022-03-22 11:46:47,253] {logging_mixin.py:109} INFO - [2022-03-22 11:46:47,253] {dag.py:2937} INFO - Setting next_dagrun for tutorial to 2022-03-21T11:46:47.252587+00:00
[2022-03-22 11:46:47,271] {processor.py:171} INFO - Processing /home/airflow/.local/lib/python3.7/site-packages/airflow/example_dags/tutorial.py took 0.128 seconds
[2022-03-22 11:47:17,492] {processor.py:163} INFO - Started process (PID=417) to work on /home/airflow/.local/lib/python3.7/site-packages/airflow/example_dags/tutorial.py
[2022-03-22 11:47:17,493] {processor.py:642} INFO - Processing file /home/airflow/.local/lib/python3.7/site-packages/airflow/example_dags/tutorial.py for tasks to queue
[2022-03-22 11:47:17,494] {logging_mixin.py:109} INFO - [2022-03-22 11:47:17,494] {dagbag.py:500} INFO - Filling up the DagBag from /home/airflow/.local/lib/python3.7/site-packages/airflow/example_dags/tutorial.py
[2022-03-22 11:47:17,539] {processor.py:654} INFO - DAG(s) dict_keys(['tutorial']) retrieved from /home/airflow/.local/lib/python3.7/site-packages/airflow/example_dags/tutorial.py
[2022-03-22 11:47:17,558] {logging_mixin.py:109} INFO - [2022-03-22 11:47:17,558] {dag.py:2398} INFO - Sync 1 DAGs
[2022-03-22 11:47:17,587] {logging_mixin.py:109} INFO - [2022-03-22 11:47:17,586] {dag.py:2937} INFO - Setting next_dagrun for tutorial to 2022-03-21T11:47:17.586610+00:00
[2022-03-22 11:47:17,607] {processor.py:171} INFO - Processing /home/airflow/.local/lib/python3.7/site-packages/airflow/example_dags/tutorial.py took 0.118 seconds
[2022-03-22 11:47:48,556] {processor.py:163} INFO - Started process (PID=468) to work on /home/airflow/.local/lib/python3.7/site-packages/airflow/example_dags/tutorial.py
[2022-03-22 11:47:48,557] {processor.py:642} INFO - Processing file /home/airflow/.local/lib/python3.7/site-packages/airflow/example_dags/tutorial.py for tasks to queue
[2022-03-22 11:47:48,558] {logging_mixin.py:109} INFO - [2022-03-22 11:47:48,558] {dagbag.py:500} INFO - Filling up the DagBag from /home/airflow/.local/lib/python3.7/site-packages/airflow/example_dags/tutorial.py
[2022-03-22 11:47:48,607] {processor.py:654} INFO - DAG(s) dict_keys(['tutorial']) retrieved from /home/airflow/.local/lib/python3.7/site-packages/airflow/example_dags/tutorial.py
[2022-03-22 11:47:48,624] {logging_mixin.py:109} INFO - [2022-03-22 11:47:48,624] {dag.py:2398} INFO - Sync 1 DAGs
[2022-03-22 11:47:48,660] {logging_mixin.py:109} INFO - [2022-03-22 11:47:48,660] {dag.py:2937} INFO - Setting next_dagrun for tutorial to 2022-03-21T11:47:48.659582+00:00
[2022-03-22 11:47:48,680] {processor.py:171} INFO - Processing /home/airflow/.local/lib/python3.7/site-packages/airflow/example_dags/tutorial.py took 0.127 seconds
[2022-03-22 11:48:18,848] {processor.py:163} INFO - Started process (PID=519) to work on /home/airflow/.local/lib/python3.7/site-packages/airflow/example_dags/tutorial.py
[2022-03-22 11:48:18,850] {processor.py:642} INFO - Processing file /home/airflow/.local/lib/python3.7/site-packages/airflow/example_dags/tutorial.py for tasks to queue
[2022-03-22 11:48:18,851] {logging_mixin.py:109} INFO - [2022-03-22 11:48:18,850] {dagbag.py:500} INFO - Filling up the DagBag from /home/airflow/.local/lib/python3.7/site-packages/airflow/example_dags/tutorial.py
[2022-03-22 11:48:18,894] {processor.py:654} INFO - DAG(s) dict_keys(['tutorial']) retrieved from /home/airflow/.local/lib/python3.7/site-packages/airflow/example_dags/tutorial.py
[2022-03-22 11:48:18,910] {logging_mixin.py:109} INFO - [2022-03-22 11:48:18,910] {dag.py:2398} INFO - Sync 1 DAGs
[2022-03-22 11:48:18,934] {logging_mixin.py:109} INFO - [2022-03-22 11:48:18,934] {dag.py:2937} INFO - Setting next_dagrun for tutorial to 2022-03-21T11:48:18.933913+00:00
[2022-03-22 11:48:18,951] {processor.py:171} INFO - Processing /home/airflow/.local/lib/python3.7/site-packages/airflow/example_dags/tutorial.py took 0.106 seconds
[2022-03-22 11:48:49,055] {processor.py:163} INFO - Started process (PID=570) to work on /home/airflow/.local/lib/python3.7/site-packages/airflow/example_dags/tutorial.py
[2022-03-22 11:48:49,057] {processor.py:642} INFO - Processing file /home/airflow/.local/lib/python3.7/site-packages/airflow/example_dags/tutorial.py for tasks to queue
[2022-03-22 11:48:49,058] {logging_mixin.py:109} INFO - [2022-03-22 11:48:49,058] {dagbag.py:500} INFO - Filling up the DagBag from /home/airflow/.local/lib/python3.7/site-packages/airflow/example_dags/tutorial.py
[2022-03-22 11:48:49,109] {processor.py:654} INFO - DAG(s) dict_keys(['tutorial']) retrieved from /home/airflow/.local/lib/python3.7/site-packages/airflow/example_dags/tutorial.py
[2022-03-22 11:48:49,125] {logging_mixin.py:109} INFO - [2022-03-22 11:48:49,125] {dag.py:2398} INFO - Sync 1 DAGs
[2022-03-22 11:48:49,154] {logging_mixin.py:109} INFO - [2022-03-22 11:48:49,153] {dag.py:2937} INFO - Setting next_dagrun for tutorial to 2022-03-21T11:48:49.153477+00:00
[2022-03-22 11:48:49,171] {processor.py:171} INFO - Processing /home/airflow/.local/lib/python3.7/site-packages/airflow/example_dags/tutorial.py took 0.120 seconds
