[2022-03-22 11:43:42,774] {processor.py:163} INFO - Started process (PID=58) to work on /home/airflow/.local/lib/python3.7/site-packages/airflow/example_dags/tutorial_etl_dag.py
[2022-03-22 11:43:42,775] {processor.py:642} INFO - Processing file /home/airflow/.local/lib/python3.7/site-packages/airflow/example_dags/tutorial_etl_dag.py for tasks to queue
[2022-03-22 11:43:42,776] {logging_mixin.py:109} INFO - [2022-03-22 11:43:42,775] {dagbag.py:500} INFO - Filling up the DagBag from /home/airflow/.local/lib/python3.7/site-packages/airflow/example_dags/tutorial_etl_dag.py
[2022-03-22 11:43:42,817] {processor.py:654} INFO - DAG(s) dict_keys(['tutorial_etl_dag']) retrieved from /home/airflow/.local/lib/python3.7/site-packages/airflow/example_dags/tutorial_etl_dag.py
[2022-03-22 11:43:42,833] {logging_mixin.py:109} INFO - [2022-03-22 11:43:42,833] {dag.py:2398} INFO - Sync 1 DAGs
[2022-03-22 11:43:42,862] {logging_mixin.py:109} INFO - [2022-03-22 11:43:42,862] {dag.py:2937} INFO - Setting next_dagrun for tutorial_etl_dag to None
[2022-03-22 11:43:42,888] {processor.py:171} INFO - Processing /home/airflow/.local/lib/python3.7/site-packages/airflow/example_dags/tutorial_etl_dag.py took 0.117 seconds
[2022-03-22 11:44:13,731] {processor.py:163} INFO - Started process (PID=109) to work on /home/airflow/.local/lib/python3.7/site-packages/airflow/example_dags/tutorial_etl_dag.py
[2022-03-22 11:44:13,733] {processor.py:642} INFO - Processing file /home/airflow/.local/lib/python3.7/site-packages/airflow/example_dags/tutorial_etl_dag.py for tasks to queue
[2022-03-22 11:44:13,733] {logging_mixin.py:109} INFO - [2022-03-22 11:44:13,733] {dagbag.py:500} INFO - Filling up the DagBag from /home/airflow/.local/lib/python3.7/site-packages/airflow/example_dags/tutorial_etl_dag.py
[2022-03-22 11:44:13,782] {processor.py:654} INFO - DAG(s) dict_keys(['tutorial_etl_dag']) retrieved from /home/airflow/.local/lib/python3.7/site-packages/airflow/example_dags/tutorial_etl_dag.py
[2022-03-22 11:44:13,799] {logging_mixin.py:109} INFO - [2022-03-22 11:44:13,799] {dag.py:2398} INFO - Sync 1 DAGs
[2022-03-22 11:44:13,831] {logging_mixin.py:109} INFO - [2022-03-22 11:44:13,831] {dag.py:2937} INFO - Setting next_dagrun for tutorial_etl_dag to None
[2022-03-22 11:44:13,848] {processor.py:171} INFO - Processing /home/airflow/.local/lib/python3.7/site-packages/airflow/example_dags/tutorial_etl_dag.py took 0.121 seconds
[2022-03-22 11:44:44,491] {processor.py:163} INFO - Started process (PID=159) to work on /home/airflow/.local/lib/python3.7/site-packages/airflow/example_dags/tutorial_etl_dag.py
[2022-03-22 11:44:44,494] {processor.py:642} INFO - Processing file /home/airflow/.local/lib/python3.7/site-packages/airflow/example_dags/tutorial_etl_dag.py for tasks to queue
[2022-03-22 11:44:44,495] {logging_mixin.py:109} INFO - [2022-03-22 11:44:44,494] {dagbag.py:500} INFO - Filling up the DagBag from /home/airflow/.local/lib/python3.7/site-packages/airflow/example_dags/tutorial_etl_dag.py
[2022-03-22 11:44:44,546] {processor.py:654} INFO - DAG(s) dict_keys(['tutorial_etl_dag']) retrieved from /home/airflow/.local/lib/python3.7/site-packages/airflow/example_dags/tutorial_etl_dag.py
[2022-03-22 11:44:44,564] {logging_mixin.py:109} INFO - [2022-03-22 11:44:44,564] {dag.py:2398} INFO - Sync 1 DAGs
[2022-03-22 11:44:44,598] {logging_mixin.py:109} INFO - [2022-03-22 11:44:44,597] {dag.py:2937} INFO - Setting next_dagrun for tutorial_etl_dag to None
[2022-03-22 11:44:44,616] {processor.py:171} INFO - Processing /home/airflow/.local/lib/python3.7/site-packages/airflow/example_dags/tutorial_etl_dag.py took 0.128 seconds
[2022-03-22 11:45:15,131] {processor.py:163} INFO - Started process (PID=211) to work on /home/airflow/.local/lib/python3.7/site-packages/airflow/example_dags/tutorial_etl_dag.py
[2022-03-22 11:45:15,133] {processor.py:642} INFO - Processing file /home/airflow/.local/lib/python3.7/site-packages/airflow/example_dags/tutorial_etl_dag.py for tasks to queue
[2022-03-22 11:45:15,133] {logging_mixin.py:109} INFO - [2022-03-22 11:45:15,133] {dagbag.py:500} INFO - Filling up the DagBag from /home/airflow/.local/lib/python3.7/site-packages/airflow/example_dags/tutorial_etl_dag.py
[2022-03-22 11:45:15,174] {processor.py:654} INFO - DAG(s) dict_keys(['tutorial_etl_dag']) retrieved from /home/airflow/.local/lib/python3.7/site-packages/airflow/example_dags/tutorial_etl_dag.py
[2022-03-22 11:45:15,188] {logging_mixin.py:109} INFO - [2022-03-22 11:45:15,188] {dag.py:2398} INFO - Sync 1 DAGs
[2022-03-22 11:45:15,211] {logging_mixin.py:109} INFO - [2022-03-22 11:45:15,211] {dag.py:2937} INFO - Setting next_dagrun for tutorial_etl_dag to None
[2022-03-22 11:45:15,230] {processor.py:171} INFO - Processing /home/airflow/.local/lib/python3.7/site-packages/airflow/example_dags/tutorial_etl_dag.py took 0.103 seconds
[2022-03-22 11:45:45,410] {processor.py:163} INFO - Started process (PID=261) to work on /home/airflow/.local/lib/python3.7/site-packages/airflow/example_dags/tutorial_etl_dag.py
[2022-03-22 11:45:45,411] {processor.py:642} INFO - Processing file /home/airflow/.local/lib/python3.7/site-packages/airflow/example_dags/tutorial_etl_dag.py for tasks to queue
[2022-03-22 11:45:45,412] {logging_mixin.py:109} INFO - [2022-03-22 11:45:45,412] {dagbag.py:500} INFO - Filling up the DagBag from /home/airflow/.local/lib/python3.7/site-packages/airflow/example_dags/tutorial_etl_dag.py
[2022-03-22 11:45:45,459] {processor.py:654} INFO - DAG(s) dict_keys(['tutorial_etl_dag']) retrieved from /home/airflow/.local/lib/python3.7/site-packages/airflow/example_dags/tutorial_etl_dag.py
[2022-03-22 11:45:45,478] {logging_mixin.py:109} INFO - [2022-03-22 11:45:45,478] {dag.py:2398} INFO - Sync 1 DAGs
[2022-03-22 11:45:45,514] {logging_mixin.py:109} INFO - [2022-03-22 11:45:45,514] {dag.py:2937} INFO - Setting next_dagrun for tutorial_etl_dag to None
[2022-03-22 11:45:45,535] {processor.py:171} INFO - Processing /home/airflow/.local/lib/python3.7/site-packages/airflow/example_dags/tutorial_etl_dag.py took 0.129 seconds
[2022-03-22 11:46:16,044] {processor.py:163} INFO - Started process (PID=312) to work on /home/airflow/.local/lib/python3.7/site-packages/airflow/example_dags/tutorial_etl_dag.py
[2022-03-22 11:46:16,046] {processor.py:642} INFO - Processing file /home/airflow/.local/lib/python3.7/site-packages/airflow/example_dags/tutorial_etl_dag.py for tasks to queue
[2022-03-22 11:46:16,047] {logging_mixin.py:109} INFO - [2022-03-22 11:46:16,047] {dagbag.py:500} INFO - Filling up the DagBag from /home/airflow/.local/lib/python3.7/site-packages/airflow/example_dags/tutorial_etl_dag.py
[2022-03-22 11:46:16,098] {processor.py:654} INFO - DAG(s) dict_keys(['tutorial_etl_dag']) retrieved from /home/airflow/.local/lib/python3.7/site-packages/airflow/example_dags/tutorial_etl_dag.py
[2022-03-22 11:46:16,117] {logging_mixin.py:109} INFO - [2022-03-22 11:46:16,116] {dag.py:2398} INFO - Sync 1 DAGs
[2022-03-22 11:46:16,149] {logging_mixin.py:109} INFO - [2022-03-22 11:46:16,148] {dag.py:2937} INFO - Setting next_dagrun for tutorial_etl_dag to None
[2022-03-22 11:46:16,174] {processor.py:171} INFO - Processing /home/airflow/.local/lib/python3.7/site-packages/airflow/example_dags/tutorial_etl_dag.py took 0.135 seconds
[2022-03-22 11:46:46,913] {processor.py:163} INFO - Started process (PID=364) to work on /home/airflow/.local/lib/python3.7/site-packages/airflow/example_dags/tutorial_etl_dag.py
[2022-03-22 11:46:46,914] {processor.py:642} INFO - Processing file /home/airflow/.local/lib/python3.7/site-packages/airflow/example_dags/tutorial_etl_dag.py for tasks to queue
[2022-03-22 11:46:46,915] {logging_mixin.py:109} INFO - [2022-03-22 11:46:46,915] {dagbag.py:500} INFO - Filling up the DagBag from /home/airflow/.local/lib/python3.7/site-packages/airflow/example_dags/tutorial_etl_dag.py
[2022-03-22 11:46:46,962] {processor.py:654} INFO - DAG(s) dict_keys(['tutorial_etl_dag']) retrieved from /home/airflow/.local/lib/python3.7/site-packages/airflow/example_dags/tutorial_etl_dag.py
[2022-03-22 11:46:46,979] {logging_mixin.py:109} INFO - [2022-03-22 11:46:46,979] {dag.py:2398} INFO - Sync 1 DAGs
[2022-03-22 11:46:47,010] {logging_mixin.py:109} INFO - [2022-03-22 11:46:47,009] {dag.py:2937} INFO - Setting next_dagrun for tutorial_etl_dag to None
[2022-03-22 11:46:47,027] {processor.py:171} INFO - Processing /home/airflow/.local/lib/python3.7/site-packages/airflow/example_dags/tutorial_etl_dag.py took 0.118 seconds
[2022-03-22 11:47:17,250] {processor.py:163} INFO - Started process (PID=414) to work on /home/airflow/.local/lib/python3.7/site-packages/airflow/example_dags/tutorial_etl_dag.py
[2022-03-22 11:47:17,252] {processor.py:642} INFO - Processing file /home/airflow/.local/lib/python3.7/site-packages/airflow/example_dags/tutorial_etl_dag.py for tasks to queue
[2022-03-22 11:47:17,252] {logging_mixin.py:109} INFO - [2022-03-22 11:47:17,252] {dagbag.py:500} INFO - Filling up the DagBag from /home/airflow/.local/lib/python3.7/site-packages/airflow/example_dags/tutorial_etl_dag.py
[2022-03-22 11:47:17,298] {processor.py:654} INFO - DAG(s) dict_keys(['tutorial_etl_dag']) retrieved from /home/airflow/.local/lib/python3.7/site-packages/airflow/example_dags/tutorial_etl_dag.py
[2022-03-22 11:47:17,312] {logging_mixin.py:109} INFO - [2022-03-22 11:47:17,312] {dag.py:2398} INFO - Sync 1 DAGs
[2022-03-22 11:47:17,337] {logging_mixin.py:109} INFO - [2022-03-22 11:47:17,337] {dag.py:2937} INFO - Setting next_dagrun for tutorial_etl_dag to None
[2022-03-22 11:47:17,353] {processor.py:171} INFO - Processing /home/airflow/.local/lib/python3.7/site-packages/airflow/example_dags/tutorial_etl_dag.py took 0.108 seconds
[2022-03-22 11:47:48,364] {processor.py:163} INFO - Started process (PID=466) to work on /home/airflow/.local/lib/python3.7/site-packages/airflow/example_dags/tutorial_etl_dag.py
[2022-03-22 11:47:48,365] {processor.py:642} INFO - Processing file /home/airflow/.local/lib/python3.7/site-packages/airflow/example_dags/tutorial_etl_dag.py for tasks to queue
[2022-03-22 11:47:48,365] {logging_mixin.py:109} INFO - [2022-03-22 11:47:48,365] {dagbag.py:500} INFO - Filling up the DagBag from /home/airflow/.local/lib/python3.7/site-packages/airflow/example_dags/tutorial_etl_dag.py
[2022-03-22 11:47:48,403] {processor.py:654} INFO - DAG(s) dict_keys(['tutorial_etl_dag']) retrieved from /home/airflow/.local/lib/python3.7/site-packages/airflow/example_dags/tutorial_etl_dag.py
[2022-03-22 11:47:48,417] {logging_mixin.py:109} INFO - [2022-03-22 11:47:48,417] {dag.py:2398} INFO - Sync 1 DAGs
[2022-03-22 11:47:48,441] {logging_mixin.py:109} INFO - [2022-03-22 11:47:48,440] {dag.py:2937} INFO - Setting next_dagrun for tutorial_etl_dag to None
[2022-03-22 11:47:48,456] {processor.py:171} INFO - Processing /home/airflow/.local/lib/python3.7/site-packages/airflow/example_dags/tutorial_etl_dag.py took 0.095 seconds
[2022-03-22 11:48:18,547] {processor.py:163} INFO - Started process (PID=516) to work on /home/airflow/.local/lib/python3.7/site-packages/airflow/example_dags/tutorial_etl_dag.py
[2022-03-22 11:48:18,549] {processor.py:642} INFO - Processing file /home/airflow/.local/lib/python3.7/site-packages/airflow/example_dags/tutorial_etl_dag.py for tasks to queue
[2022-03-22 11:48:18,550] {logging_mixin.py:109} INFO - [2022-03-22 11:48:18,550] {dagbag.py:500} INFO - Filling up the DagBag from /home/airflow/.local/lib/python3.7/site-packages/airflow/example_dags/tutorial_etl_dag.py
[2022-03-22 11:48:18,621] {processor.py:654} INFO - DAG(s) dict_keys(['tutorial_etl_dag']) retrieved from /home/airflow/.local/lib/python3.7/site-packages/airflow/example_dags/tutorial_etl_dag.py
[2022-03-22 11:48:18,639] {logging_mixin.py:109} INFO - [2022-03-22 11:48:18,639] {dag.py:2398} INFO - Sync 1 DAGs
[2022-03-22 11:48:18,682] {logging_mixin.py:109} INFO - [2022-03-22 11:48:18,682] {dag.py:2937} INFO - Setting next_dagrun for tutorial_etl_dag to None
[2022-03-22 11:48:18,698] {processor.py:171} INFO - Processing /home/airflow/.local/lib/python3.7/site-packages/airflow/example_dags/tutorial_etl_dag.py took 0.155 seconds
[2022-03-22 11:48:48,923] {processor.py:163} INFO - Started process (PID=568) to work on /home/airflow/.local/lib/python3.7/site-packages/airflow/example_dags/tutorial_etl_dag.py
[2022-03-22 11:48:48,924] {processor.py:642} INFO - Processing file /home/airflow/.local/lib/python3.7/site-packages/airflow/example_dags/tutorial_etl_dag.py for tasks to queue
[2022-03-22 11:48:48,925] {logging_mixin.py:109} INFO - [2022-03-22 11:48:48,925] {dagbag.py:500} INFO - Filling up the DagBag from /home/airflow/.local/lib/python3.7/site-packages/airflow/example_dags/tutorial_etl_dag.py
[2022-03-22 11:48:48,970] {processor.py:654} INFO - DAG(s) dict_keys(['tutorial_etl_dag']) retrieved from /home/airflow/.local/lib/python3.7/site-packages/airflow/example_dags/tutorial_etl_dag.py
[2022-03-22 11:48:48,984] {logging_mixin.py:109} INFO - [2022-03-22 11:48:48,984] {dag.py:2398} INFO - Sync 1 DAGs
[2022-03-22 11:48:49,015] {logging_mixin.py:109} INFO - [2022-03-22 11:48:49,014] {dag.py:2937} INFO - Setting next_dagrun for tutorial_etl_dag to None
[2022-03-22 11:48:49,033] {processor.py:171} INFO - Processing /home/airflow/.local/lib/python3.7/site-packages/airflow/example_dags/tutorial_etl_dag.py took 0.113 seconds
