[2022-03-22 11:43:42,916] {processor.py:163} INFO - Started process (PID=60) to work on /home/airflow/.local/lib/python3.7/site-packages/airflow/example_dags/tutorial_taskflow_api_etl.py
[2022-03-22 11:43:42,918] {processor.py:642} INFO - Processing file /home/airflow/.local/lib/python3.7/site-packages/airflow/example_dags/tutorial_taskflow_api_etl.py for tasks to queue
[2022-03-22 11:43:42,918] {logging_mixin.py:109} INFO - [2022-03-22 11:43:42,918] {dagbag.py:500} INFO - Filling up the DagBag from /home/airflow/.local/lib/python3.7/site-packages/airflow/example_dags/tutorial_taskflow_api_etl.py
[2022-03-22 11:43:42,974] {processor.py:654} INFO - DAG(s) dict_keys(['tutorial_taskflow_api_etl']) retrieved from /home/airflow/.local/lib/python3.7/site-packages/airflow/example_dags/tutorial_taskflow_api_etl.py
[2022-03-22 11:43:43,374] {logging_mixin.py:109} INFO - [2022-03-22 11:43:43,373] {dag.py:2398} INFO - Sync 1 DAGs
[2022-03-22 11:43:43,408] {logging_mixin.py:109} INFO - [2022-03-22 11:43:43,408] {dag.py:2937} INFO - Setting next_dagrun for tutorial_taskflow_api_etl to None
[2022-03-22 11:43:43,432] {processor.py:171} INFO - Processing /home/airflow/.local/lib/python3.7/site-packages/airflow/example_dags/tutorial_taskflow_api_etl.py took 0.519 seconds
[2022-03-22 11:44:13,869] {processor.py:163} INFO - Started process (PID=111) to work on /home/airflow/.local/lib/python3.7/site-packages/airflow/example_dags/tutorial_taskflow_api_etl.py
[2022-03-22 11:44:13,870] {processor.py:642} INFO - Processing file /home/airflow/.local/lib/python3.7/site-packages/airflow/example_dags/tutorial_taskflow_api_etl.py for tasks to queue
[2022-03-22 11:44:13,871] {logging_mixin.py:109} INFO - [2022-03-22 11:44:13,871] {dagbag.py:500} INFO - Filling up the DagBag from /home/airflow/.local/lib/python3.7/site-packages/airflow/example_dags/tutorial_taskflow_api_etl.py
[2022-03-22 11:44:13,918] {processor.py:654} INFO - DAG(s) dict_keys(['tutorial_taskflow_api_etl']) retrieved from /home/airflow/.local/lib/python3.7/site-packages/airflow/example_dags/tutorial_taskflow_api_etl.py
[2022-03-22 11:44:14,280] {logging_mixin.py:109} INFO - [2022-03-22 11:44:14,280] {dag.py:2398} INFO - Sync 1 DAGs
[2022-03-22 11:44:14,309] {logging_mixin.py:109} INFO - [2022-03-22 11:44:14,309] {dag.py:2937} INFO - Setting next_dagrun for tutorial_taskflow_api_etl to None
[2022-03-22 11:44:14,333] {processor.py:171} INFO - Processing /home/airflow/.local/lib/python3.7/site-packages/airflow/example_dags/tutorial_taskflow_api_etl.py took 0.468 seconds
[2022-03-22 11:44:44,635] {processor.py:163} INFO - Started process (PID=161) to work on /home/airflow/.local/lib/python3.7/site-packages/airflow/example_dags/tutorial_taskflow_api_etl.py
[2022-03-22 11:44:44,637] {processor.py:642} INFO - Processing file /home/airflow/.local/lib/python3.7/site-packages/airflow/example_dags/tutorial_taskflow_api_etl.py for tasks to queue
[2022-03-22 11:44:44,638] {logging_mixin.py:109} INFO - [2022-03-22 11:44:44,638] {dagbag.py:500} INFO - Filling up the DagBag from /home/airflow/.local/lib/python3.7/site-packages/airflow/example_dags/tutorial_taskflow_api_etl.py
[2022-03-22 11:44:44,695] {processor.py:654} INFO - DAG(s) dict_keys(['tutorial_taskflow_api_etl']) retrieved from /home/airflow/.local/lib/python3.7/site-packages/airflow/example_dags/tutorial_taskflow_api_etl.py
[2022-03-22 11:44:45,073] {logging_mixin.py:109} INFO - [2022-03-22 11:44:45,072] {dag.py:2398} INFO - Sync 1 DAGs
[2022-03-22 11:44:45,104] {logging_mixin.py:109} INFO - [2022-03-22 11:44:45,104] {dag.py:2937} INFO - Setting next_dagrun for tutorial_taskflow_api_etl to None
[2022-03-22 11:44:45,125] {processor.py:171} INFO - Processing /home/airflow/.local/lib/python3.7/site-packages/airflow/example_dags/tutorial_taskflow_api_etl.py took 0.494 seconds
[2022-03-22 11:45:15,367] {processor.py:163} INFO - Started process (PID=214) to work on /home/airflow/.local/lib/python3.7/site-packages/airflow/example_dags/tutorial_taskflow_api_etl.py
[2022-03-22 11:45:15,370] {processor.py:642} INFO - Processing file /home/airflow/.local/lib/python3.7/site-packages/airflow/example_dags/tutorial_taskflow_api_etl.py for tasks to queue
[2022-03-22 11:45:15,371] {logging_mixin.py:109} INFO - [2022-03-22 11:45:15,371] {dagbag.py:500} INFO - Filling up the DagBag from /home/airflow/.local/lib/python3.7/site-packages/airflow/example_dags/tutorial_taskflow_api_etl.py
[2022-03-22 11:45:15,422] {processor.py:654} INFO - DAG(s) dict_keys(['tutorial_taskflow_api_etl']) retrieved from /home/airflow/.local/lib/python3.7/site-packages/airflow/example_dags/tutorial_taskflow_api_etl.py
[2022-03-22 11:45:15,799] {logging_mixin.py:109} INFO - [2022-03-22 11:45:15,799] {dag.py:2398} INFO - Sync 1 DAGs
[2022-03-22 11:45:15,831] {logging_mixin.py:109} INFO - [2022-03-22 11:45:15,831] {dag.py:2937} INFO - Setting next_dagrun for tutorial_taskflow_api_etl to None
[2022-03-22 11:45:15,852] {processor.py:171} INFO - Processing /home/airflow/.local/lib/python3.7/site-packages/airflow/example_dags/tutorial_taskflow_api_etl.py took 0.490 seconds
[2022-03-22 11:45:45,981] {processor.py:163} INFO - Started process (PID=266) to work on /home/airflow/.local/lib/python3.7/site-packages/airflow/example_dags/tutorial_taskflow_api_etl.py
[2022-03-22 11:45:45,983] {processor.py:642} INFO - Processing file /home/airflow/.local/lib/python3.7/site-packages/airflow/example_dags/tutorial_taskflow_api_etl.py for tasks to queue
[2022-03-22 11:45:45,984] {logging_mixin.py:109} INFO - [2022-03-22 11:45:45,984] {dagbag.py:500} INFO - Filling up the DagBag from /home/airflow/.local/lib/python3.7/site-packages/airflow/example_dags/tutorial_taskflow_api_etl.py
[2022-03-22 11:45:46,040] {processor.py:654} INFO - DAG(s) dict_keys(['tutorial_taskflow_api_etl']) retrieved from /home/airflow/.local/lib/python3.7/site-packages/airflow/example_dags/tutorial_taskflow_api_etl.py
[2022-03-22 11:45:46,462] {logging_mixin.py:109} INFO - [2022-03-22 11:45:46,462] {dag.py:2398} INFO - Sync 1 DAGs
[2022-03-22 11:45:46,489] {logging_mixin.py:109} INFO - [2022-03-22 11:45:46,488] {dag.py:2937} INFO - Setting next_dagrun for tutorial_taskflow_api_etl to None
[2022-03-22 11:45:46,513] {processor.py:171} INFO - Processing /home/airflow/.local/lib/python3.7/site-packages/airflow/example_dags/tutorial_taskflow_api_etl.py took 0.536 seconds
[2022-03-22 11:46:16,781] {processor.py:163} INFO - Started process (PID=318) to work on /home/airflow/.local/lib/python3.7/site-packages/airflow/example_dags/tutorial_taskflow_api_etl.py
[2022-03-22 11:46:16,783] {processor.py:642} INFO - Processing file /home/airflow/.local/lib/python3.7/site-packages/airflow/example_dags/tutorial_taskflow_api_etl.py for tasks to queue
[2022-03-22 11:46:16,783] {logging_mixin.py:109} INFO - [2022-03-22 11:46:16,783] {dagbag.py:500} INFO - Filling up the DagBag from /home/airflow/.local/lib/python3.7/site-packages/airflow/example_dags/tutorial_taskflow_api_etl.py
[2022-03-22 11:46:16,829] {processor.py:654} INFO - DAG(s) dict_keys(['tutorial_taskflow_api_etl']) retrieved from /home/airflow/.local/lib/python3.7/site-packages/airflow/example_dags/tutorial_taskflow_api_etl.py
[2022-03-22 11:46:17,200] {logging_mixin.py:109} INFO - [2022-03-22 11:46:17,199] {dag.py:2398} INFO - Sync 1 DAGs
[2022-03-22 11:46:17,234] {logging_mixin.py:109} INFO - [2022-03-22 11:46:17,234] {dag.py:2937} INFO - Setting next_dagrun for tutorial_taskflow_api_etl to None
[2022-03-22 11:46:17,257] {processor.py:171} INFO - Processing /home/airflow/.local/lib/python3.7/site-packages/airflow/example_dags/tutorial_taskflow_api_etl.py took 0.479 seconds
[2022-03-22 11:46:47,750] {processor.py:163} INFO - Started process (PID=372) to work on /home/airflow/.local/lib/python3.7/site-packages/airflow/example_dags/tutorial_taskflow_api_etl.py
[2022-03-22 11:46:47,752] {processor.py:642} INFO - Processing file /home/airflow/.local/lib/python3.7/site-packages/airflow/example_dags/tutorial_taskflow_api_etl.py for tasks to queue
[2022-03-22 11:46:47,753] {logging_mixin.py:109} INFO - [2022-03-22 11:46:47,753] {dagbag.py:500} INFO - Filling up the DagBag from /home/airflow/.local/lib/python3.7/site-packages/airflow/example_dags/tutorial_taskflow_api_etl.py
[2022-03-22 11:46:47,811] {processor.py:654} INFO - DAG(s) dict_keys(['tutorial_taskflow_api_etl']) retrieved from /home/airflow/.local/lib/python3.7/site-packages/airflow/example_dags/tutorial_taskflow_api_etl.py
[2022-03-22 11:46:48,244] {logging_mixin.py:109} INFO - [2022-03-22 11:46:48,244] {dag.py:2398} INFO - Sync 1 DAGs
[2022-03-22 11:46:48,271] {logging_mixin.py:109} INFO - [2022-03-22 11:46:48,270] {dag.py:2937} INFO - Setting next_dagrun for tutorial_taskflow_api_etl to None
[2022-03-22 11:46:48,296] {processor.py:171} INFO - Processing /home/airflow/.local/lib/python3.7/site-packages/airflow/example_dags/tutorial_taskflow_api_etl.py took 0.549 seconds
[2022-03-22 11:47:18,436] {processor.py:163} INFO - Started process (PID=424) to work on /home/airflow/.local/lib/python3.7/site-packages/airflow/example_dags/tutorial_taskflow_api_etl.py
[2022-03-22 11:47:18,438] {processor.py:642} INFO - Processing file /home/airflow/.local/lib/python3.7/site-packages/airflow/example_dags/tutorial_taskflow_api_etl.py for tasks to queue
[2022-03-22 11:47:18,439] {logging_mixin.py:109} INFO - [2022-03-22 11:47:18,439] {dagbag.py:500} INFO - Filling up the DagBag from /home/airflow/.local/lib/python3.7/site-packages/airflow/example_dags/tutorial_taskflow_api_etl.py
[2022-03-22 11:47:18,493] {processor.py:654} INFO - DAG(s) dict_keys(['tutorial_taskflow_api_etl']) retrieved from /home/airflow/.local/lib/python3.7/site-packages/airflow/example_dags/tutorial_taskflow_api_etl.py
[2022-03-22 11:47:18,913] {logging_mixin.py:109} INFO - [2022-03-22 11:47:18,912] {dag.py:2398} INFO - Sync 1 DAGs
[2022-03-22 11:47:18,943] {logging_mixin.py:109} INFO - [2022-03-22 11:47:18,943] {dag.py:2937} INFO - Setting next_dagrun for tutorial_taskflow_api_etl to None
[2022-03-22 11:47:18,965] {processor.py:171} INFO - Processing /home/airflow/.local/lib/python3.7/site-packages/airflow/example_dags/tutorial_taskflow_api_etl.py took 0.533 seconds
[2022-03-22 11:47:49,425] {processor.py:163} INFO - Started process (PID=477) to work on /home/airflow/.local/lib/python3.7/site-packages/airflow/example_dags/tutorial_taskflow_api_etl.py
[2022-03-22 11:47:49,426] {processor.py:642} INFO - Processing file /home/airflow/.local/lib/python3.7/site-packages/airflow/example_dags/tutorial_taskflow_api_etl.py for tasks to queue
[2022-03-22 11:47:49,427] {logging_mixin.py:109} INFO - [2022-03-22 11:47:49,427] {dagbag.py:500} INFO - Filling up the DagBag from /home/airflow/.local/lib/python3.7/site-packages/airflow/example_dags/tutorial_taskflow_api_etl.py
[2022-03-22 11:47:49,486] {processor.py:654} INFO - DAG(s) dict_keys(['tutorial_taskflow_api_etl']) retrieved from /home/airflow/.local/lib/python3.7/site-packages/airflow/example_dags/tutorial_taskflow_api_etl.py
[2022-03-22 11:47:49,876] {logging_mixin.py:109} INFO - [2022-03-22 11:47:49,876] {dag.py:2398} INFO - Sync 1 DAGs
[2022-03-22 11:47:49,898] {logging_mixin.py:109} INFO - [2022-03-22 11:47:49,898] {dag.py:2937} INFO - Setting next_dagrun for tutorial_taskflow_api_etl to None
[2022-03-22 11:47:49,923] {processor.py:171} INFO - Processing /home/airflow/.local/lib/python3.7/site-packages/airflow/example_dags/tutorial_taskflow_api_etl.py took 0.501 seconds
[2022-03-22 11:48:20,876] {processor.py:163} INFO - Started process (PID=528) to work on /home/airflow/.local/lib/python3.7/site-packages/airflow/example_dags/tutorial_taskflow_api_etl.py
[2022-03-22 11:48:20,879] {processor.py:642} INFO - Processing file /home/airflow/.local/lib/python3.7/site-packages/airflow/example_dags/tutorial_taskflow_api_etl.py for tasks to queue
[2022-03-22 11:48:20,881] {logging_mixin.py:109} INFO - [2022-03-22 11:48:20,881] {dagbag.py:500} INFO - Filling up the DagBag from /home/airflow/.local/lib/python3.7/site-packages/airflow/example_dags/tutorial_taskflow_api_etl.py
[2022-03-22 11:48:20,939] {processor.py:654} INFO - DAG(s) dict_keys(['tutorial_taskflow_api_etl']) retrieved from /home/airflow/.local/lib/python3.7/site-packages/airflow/example_dags/tutorial_taskflow_api_etl.py
[2022-03-22 11:48:21,293] {logging_mixin.py:109} INFO - [2022-03-22 11:48:21,293] {dag.py:2398} INFO - Sync 1 DAGs
[2022-03-22 11:48:21,320] {logging_mixin.py:109} INFO - [2022-03-22 11:48:21,320] {dag.py:2937} INFO - Setting next_dagrun for tutorial_taskflow_api_etl to None
[2022-03-22 11:48:21,341] {processor.py:171} INFO - Processing /home/airflow/.local/lib/python3.7/site-packages/airflow/example_dags/tutorial_taskflow_api_etl.py took 0.477 seconds
[2022-03-22 11:48:51,593] {processor.py:163} INFO - Started process (PID=583) to work on /home/airflow/.local/lib/python3.7/site-packages/airflow/example_dags/tutorial_taskflow_api_etl.py
[2022-03-22 11:48:51,594] {processor.py:642} INFO - Processing file /home/airflow/.local/lib/python3.7/site-packages/airflow/example_dags/tutorial_taskflow_api_etl.py for tasks to queue
[2022-03-22 11:48:51,595] {logging_mixin.py:109} INFO - [2022-03-22 11:48:51,595] {dagbag.py:500} INFO - Filling up the DagBag from /home/airflow/.local/lib/python3.7/site-packages/airflow/example_dags/tutorial_taskflow_api_etl.py
[2022-03-22 11:48:51,643] {processor.py:654} INFO - DAG(s) dict_keys(['tutorial_taskflow_api_etl']) retrieved from /home/airflow/.local/lib/python3.7/site-packages/airflow/example_dags/tutorial_taskflow_api_etl.py
[2022-03-22 11:48:51,942] {logging_mixin.py:109} INFO - [2022-03-22 11:48:51,942] {dag.py:2398} INFO - Sync 1 DAGs
[2022-03-22 11:48:51,970] {logging_mixin.py:109} INFO - [2022-03-22 11:48:51,969] {dag.py:2937} INFO - Setting next_dagrun for tutorial_taskflow_api_etl to None
[2022-03-22 11:48:51,995] {processor.py:171} INFO - Processing /home/airflow/.local/lib/python3.7/site-packages/airflow/example_dags/tutorial_taskflow_api_etl.py took 0.406 seconds
