[2022-03-22 11:43:41,026] {manager.py:514} INFO - Processing files using up to 2 processes at a time 
[2022-03-22 11:43:41,026] {manager.py:515} INFO - Process each file at most once every 30 seconds
[2022-03-22 11:43:41,026] {manager.py:517} INFO - Checking for new files in /opt/airflow/dags every 300 seconds
[2022-03-22 11:43:41,026] {manager.py:663} INFO - Searching for files in /opt/airflow/dags
[2022-03-22 11:43:41,068] {manager.py:666} INFO - There are 32 files in /opt/airflow/dags
[2022-03-22 11:43:41,171] {manager.py:1065} INFO - Finding 'running' jobs without a recent heartbeat
[2022-03-22 11:43:41,173] {manager.py:1069} INFO - Failing jobs without heartbeat after 2022-03-22 11:38:41.173394+00:00
[2022-03-22 11:43:41,241] {manager.py:784} INFO - 
================================================================================
DAG File Processing Stats

File Path                                                                                                           PID  Runtime      # DAGs    # Errors  Last Runtime    Last Run
----------------------------------------------------------------------------------------------------------------  -----  ---------  --------  ----------  --------------  ----------
/home/airflow/.local/lib/python3.7/site-packages/airflow/example_dags/example_passing_params_via_test_command.py     48  0.07s             0           0
/home/airflow/.local/lib/python3.7/site-packages/airflow/example_dags/example_short_circuit_operator.py              49  0.07s             0           0
/home/airflow/.local/lib/python3.7/site-packages/airflow/example_dags/example_xcom.py                                                      0           0
/home/airflow/.local/lib/python3.7/site-packages/airflow/example_dags/example_kubernetes_executor.py                                       0           0
/home/airflow/.local/lib/python3.7/site-packages/airflow/example_dags/example_branch_labels.py                                             0           0
/home/airflow/.local/lib/python3.7/site-packages/airflow/example_dags/example_dag_decorator.py                                             0           0
/home/airflow/.local/lib/python3.7/site-packages/airflow/example_dags/example_task_group.py                                                0           0
/home/airflow/.local/lib/python3.7/site-packages/airflow/example_dags/example_complex.py                                                   0           0
/home/airflow/.local/lib/python3.7/site-packages/airflow/example_dags/tutorial_etl_dag.py                                                  0           0
/home/airflow/.local/lib/python3.7/site-packages/airflow/example_dags/example_skip_dag.py                                                  0           0
/home/airflow/.local/lib/python3.7/site-packages/airflow/example_dags/tutorial_taskflow_api_etl.py                                         0           0
/home/airflow/.local/lib/python3.7/site-packages/airflow/example_dags/tutorial.py                                                          0           0
/home/airflow/.local/lib/python3.7/site-packages/airflow/example_dags/example_branch_day_of_week_operator.py                               0           0
/home/airflow/.local/lib/python3.7/site-packages/airflow/example_dags/example_latest_only.py                                               0           0
/home/airflow/.local/lib/python3.7/site-packages/airflow/example_dags/example_python_operator.py                                           0           0
/home/airflow/.local/lib/python3.7/site-packages/airflow/example_dags/example_sla_dag.py                                                   0           0
/home/airflow/.local/lib/python3.7/site-packages/airflow/example_dags/tutorial_taskflow_api_etl_virtualenv.py                              0           0
/home/airflow/.local/lib/python3.7/site-packages/airflow/example_dags/example_branch_operator.py                                           0           0
/home/airflow/.local/lib/python3.7/site-packages/airflow/example_dags/example_nested_branch_dag.py                                         0           0
/home/airflow/.local/lib/python3.7/site-packages/airflow/example_dags/example_time_delta_sensor_async.py                                   0           0
/home/airflow/.local/lib/python3.7/site-packages/airflow/example_dags/example_bash_operator.py                                             0           0
/home/airflow/.local/lib/python3.7/site-packages/airflow/example_dags/example_branch_datetime_operator.py                                  0           0
/home/airflow/.local/lib/python3.7/site-packages/airflow/example_dags/example_task_group_decorator.py                                      0           0
/home/airflow/.local/lib/python3.7/site-packages/airflow/example_dags/example_branch_python_dop_operator_3.py                              0           0
/home/airflow/.local/lib/python3.7/site-packages/airflow/example_dags/example_trigger_controller_dag.py                                    0           0
/home/airflow/.local/lib/python3.7/site-packages/airflow/example_dags/example_latest_only_with_trigger.py                                  0           0
/home/airflow/.local/lib/python3.7/site-packages/airflow/example_dags/example_trigger_target_dag.py                                        0           0
/home/airflow/.local/lib/python3.7/site-packages/airflow/example_dags/example_subdag_operator.py                                           0           0
/home/airflow/.local/lib/python3.7/site-packages/airflow/example_dags/example_external_task_marker_dag.py                                  0           0
/home/airflow/.local/lib/python3.7/site-packages/airflow/example_dags/example_xcomargs.py                                                  0           0
/home/airflow/.local/lib/python3.7/site-packages/airflow/example_dags/subdags/subdag.py                                                    0           0
/home/airflow/.local/lib/python3.7/site-packages/airflow/example_dags/plugins/workday.py                                                   0           0
================================================================================
[2022-03-22 11:43:51,570] {manager.py:1065} INFO - Finding 'running' jobs without a recent heartbeat
[2022-03-22 11:43:51,571] {manager.py:1069} INFO - Failing jobs without heartbeat after 2022-03-22 11:38:51.571590+00:00
[2022-03-22 11:44:01,626] {manager.py:1065} INFO - Finding 'running' jobs without a recent heartbeat
[2022-03-22 11:44:01,627] {manager.py:1069} INFO - Failing jobs without heartbeat after 2022-03-22 11:39:01.626948+00:00
[2022-03-22 11:44:11,692] {manager.py:1065} INFO - Finding 'running' jobs without a recent heartbeat
[2022-03-22 11:44:11,693] {manager.py:1069} INFO - Failing jobs without heartbeat after 2022-03-22 11:39:11.693282+00:00
[2022-03-22 11:44:11,785] {manager.py:784} INFO - 
================================================================================
DAG File Processing Stats

File Path                                                                                                           PID  Runtime      # DAGs    # Errors  Last Runtime    Last Run
----------------------------------------------------------------------------------------------------------------  -----  ---------  --------  ----------  --------------  -------------------
/home/airflow/.local/lib/python3.7/site-packages/airflow/example_dags/subdags/subdag.py                                                    0           0  0.07s           2022-03-22T11:43:46
/home/airflow/.local/lib/python3.7/site-packages/airflow/example_dags/plugins/workday.py                                                   0           0  0.07s           2022-03-22T11:43:46
/home/airflow/.local/lib/python3.7/site-packages/airflow/example_dags/example_passing_params_via_test_command.py     91  0.06s             1           0  0.22s           2022-03-22T11:43:41
/home/airflow/.local/lib/python3.7/site-packages/airflow/example_dags/example_short_circuit_operator.py              92  0.01s             1           0  0.19s           2022-03-22T11:43:41
/home/airflow/.local/lib/python3.7/site-packages/airflow/example_dags/example_xcom.py                                                      1           0  1.28s           2022-03-22T11:43:42
/home/airflow/.local/lib/python3.7/site-packages/airflow/example_dags/example_kubernetes_executor.py                                       1           0  0.14s           2022-03-22T11:43:41
/home/airflow/.local/lib/python3.7/site-packages/airflow/example_dags/example_branch_labels.py                                             1           0  0.15s           2022-03-22T11:43:41
/home/airflow/.local/lib/python3.7/site-packages/airflow/example_dags/example_dag_decorator.py                                             1           0  0.95s           2022-03-22T11:43:42
/home/airflow/.local/lib/python3.7/site-packages/airflow/example_dags/example_task_group.py                                                1           0  0.13s           2022-03-22T11:43:42
/home/airflow/.local/lib/python3.7/site-packages/airflow/example_dags/example_complex.py                                                   1           0  0.15s           2022-03-22T11:43:42
/home/airflow/.local/lib/python3.7/site-packages/airflow/example_dags/tutorial_etl_dag.py                                                  1           0  0.13s           2022-03-22T11:43:42
/home/airflow/.local/lib/python3.7/site-packages/airflow/example_dags/example_skip_dag.py                                                  1           0  0.14s           2022-03-22T11:43:43
/home/airflow/.local/lib/python3.7/site-packages/airflow/example_dags/tutorial_taskflow_api_etl.py                                         1           0  0.54s           2022-03-22T11:43:43
/home/airflow/.local/lib/python3.7/site-packages/airflow/example_dags/tutorial.py                                                          1           0  0.16s           2022-03-22T11:43:43
/home/airflow/.local/lib/python3.7/site-packages/airflow/example_dags/example_branch_day_of_week_operator.py                               1           0  0.15s           2022-03-22T11:43:43
/home/airflow/.local/lib/python3.7/site-packages/airflow/example_dags/example_latest_only.py                                               1           0  0.14s           2022-03-22T11:43:43
/home/airflow/.local/lib/python3.7/site-packages/airflow/example_dags/example_python_operator.py                                           1           0  0.16s           2022-03-22T11:43:43
/home/airflow/.local/lib/python3.7/site-packages/airflow/example_dags/example_sla_dag.py                                                   1           0  0.16s           2022-03-22T11:43:43
/home/airflow/.local/lib/python3.7/site-packages/airflow/example_dags/tutorial_taskflow_api_etl_virtualenv.py                              1           0  0.54s           2022-03-22T11:43:44
/home/airflow/.local/lib/python3.7/site-packages/airflow/example_dags/example_branch_operator.py                                           1           0  0.14s           2022-03-22T11:43:43
/home/airflow/.local/lib/python3.7/site-packages/airflow/example_dags/example_nested_branch_dag.py                                         1           0  0.16s           2022-03-22T11:43:43
/home/airflow/.local/lib/python3.7/site-packages/airflow/example_dags/example_time_delta_sensor_async.py                                   1           0  0.19s           2022-03-22T11:43:44
/home/airflow/.local/lib/python3.7/site-packages/airflow/example_dags/example_bash_operator.py                                             1           0  0.21s           2022-03-22T11:43:44
/home/airflow/.local/lib/python3.7/site-packages/airflow/example_dags/example_branch_datetime_operator.py                                  1           0  0.20s           2022-03-22T11:43:44
/home/airflow/.local/lib/python3.7/site-packages/airflow/example_dags/example_task_group_decorator.py                                      1           0  0.67s           2022-03-22T11:43:45
/home/airflow/.local/lib/python3.7/site-packages/airflow/example_dags/example_branch_python_dop_operator_3.py                              1           0  0.30s           2022-03-22T11:43:45
/home/airflow/.local/lib/python3.7/site-packages/airflow/example_dags/example_trigger_controller_dag.py                                    1           0  0.29s           2022-03-22T11:43:45
/home/airflow/.local/lib/python3.7/site-packages/airflow/example_dags/example_latest_only_with_trigger.py                                  1           0  0.23s           2022-03-22T11:43:45
/home/airflow/.local/lib/python3.7/site-packages/airflow/example_dags/example_trigger_target_dag.py                                        1           0  0.30s           2022-03-22T11:43:45
/home/airflow/.local/lib/python3.7/site-packages/airflow/example_dags/example_external_task_marker_dag.py                                  2           0  0.23s           2022-03-22T11:43:45
/home/airflow/.local/lib/python3.7/site-packages/airflow/example_dags/example_xcomargs.py                                                  2           0  0.72s           2022-03-22T11:43:46
/home/airflow/.local/lib/python3.7/site-packages/airflow/example_dags/example_subdag_operator.py                                           3           0  0.87s           2022-03-22T11:43:46
================================================================================
[2022-03-22 11:44:22,256] {manager.py:1065} INFO - Finding 'running' jobs without a recent heartbeat
[2022-03-22 11:44:22,256] {manager.py:1069} INFO - Failing jobs without heartbeat after 2022-03-22 11:39:22.256766+00:00
[2022-03-22 11:44:32,313] {manager.py:1065} INFO - Finding 'running' jobs without a recent heartbeat
[2022-03-22 11:44:32,313] {manager.py:1069} INFO - Failing jobs without heartbeat after 2022-03-22 11:39:32.313841+00:00
[2022-03-22 11:44:42,361] {manager.py:1065} INFO - Finding 'running' jobs without a recent heartbeat
[2022-03-22 11:44:42,362] {manager.py:1069} INFO - Failing jobs without heartbeat after 2022-03-22 11:39:42.362176+00:00
[2022-03-22 11:44:42,409] {manager.py:784} INFO - 
================================================================================
DAG File Processing Stats

File Path                                                                                                           PID  Runtime      # DAGs    # Errors  Last Runtime    Last Run
----------------------------------------------------------------------------------------------------------------  -----  ---------  --------  ----------  --------------  -------------------
/home/airflow/.local/lib/python3.7/site-packages/airflow/example_dags/subdags/subdag.py                                                    0           0  0.06s           2022-03-22T11:44:17
/home/airflow/.local/lib/python3.7/site-packages/airflow/example_dags/plugins/workday.py                                                   0           0  0.05s           2022-03-22T11:44:17
/home/airflow/.local/lib/python3.7/site-packages/airflow/example_dags/example_passing_params_via_test_command.py    142  0.01s             1           0  0.25s           2022-03-22T11:44:11
/home/airflow/.local/lib/python3.7/site-packages/airflow/example_dags/example_short_circuit_operator.py             143  0.01s             1           0  0.18s           2022-03-22T11:44:11
/home/airflow/.local/lib/python3.7/site-packages/airflow/example_dags/example_xcom.py                                                      1           0  0.50s           2022-03-22T11:44:13
/home/airflow/.local/lib/python3.7/site-packages/airflow/example_dags/example_kubernetes_executor.py                                       1           0  0.14s           2022-03-22T11:44:12
/home/airflow/.local/lib/python3.7/site-packages/airflow/example_dags/example_branch_labels.py                                             1           0  0.13s           2022-03-22T11:44:12
/home/airflow/.local/lib/python3.7/site-packages/airflow/example_dags/example_dag_decorator.py                                             1           0  0.56s           2022-03-22T11:44:13
/home/airflow/.local/lib/python3.7/site-packages/airflow/example_dags/example_task_group.py                                                1           0  0.13s           2022-03-22T11:44:13
/home/airflow/.local/lib/python3.7/site-packages/airflow/example_dags/example_complex.py                                                   1           0  0.17s           2022-03-22T11:44:13
/home/airflow/.local/lib/python3.7/site-packages/airflow/example_dags/tutorial_etl_dag.py                                                  1           0  0.14s           2022-03-22T11:44:13
/home/airflow/.local/lib/python3.7/site-packages/airflow/example_dags/example_skip_dag.py                                                  1           0  0.13s           2022-03-22T11:44:13
/home/airflow/.local/lib/python3.7/site-packages/airflow/example_dags/tutorial_taskflow_api_etl.py                                         1           0  0.48s           2022-03-22T11:44:14
/home/airflow/.local/lib/python3.7/site-packages/airflow/example_dags/tutorial.py                                                          1           0  0.12s           2022-03-22T11:44:14
/home/airflow/.local/lib/python3.7/site-packages/airflow/example_dags/example_branch_day_of_week_operator.py                               1           0  0.15s           2022-03-22T11:44:14
/home/airflow/.local/lib/python3.7/site-packages/airflow/example_dags/example_latest_only.py                                               1           0  0.14s           2022-03-22T11:44:14
/home/airflow/.local/lib/python3.7/site-packages/airflow/example_dags/example_python_operator.py                                           1           0  0.15s           2022-03-22T11:44:14
/home/airflow/.local/lib/python3.7/site-packages/airflow/example_dags/example_sla_dag.py                                                   1           0  0.15s           2022-03-22T11:44:14
/home/airflow/.local/lib/python3.7/site-packages/airflow/example_dags/tutorial_taskflow_api_etl_virtualenv.py                              1           0  0.51s           2022-03-22T11:44:15
/home/airflow/.local/lib/python3.7/site-packages/airflow/example_dags/example_branch_operator.py                                           1           0  0.14s           2022-03-22T11:44:14
/home/airflow/.local/lib/python3.7/site-packages/airflow/example_dags/example_nested_branch_dag.py                                         1           0  0.13s           2022-03-22T11:44:14
/home/airflow/.local/lib/python3.7/site-packages/airflow/example_dags/example_time_delta_sensor_async.py                                   1           0  0.14s           2022-03-22T11:44:14
/home/airflow/.local/lib/python3.7/site-packages/airflow/example_dags/example_bash_operator.py                                             1           0  0.14s           2022-03-22T11:44:15
/home/airflow/.local/lib/python3.7/site-packages/airflow/example_dags/example_branch_datetime_operator.py                                  1           0  0.14s           2022-03-22T11:44:15
/home/airflow/.local/lib/python3.7/site-packages/airflow/example_dags/example_task_group_decorator.py                                      1           0  0.55s           2022-03-22T11:44:15
/home/airflow/.local/lib/python3.7/site-packages/airflow/example_dags/example_branch_python_dop_operator_3.py                              1           0  0.15s           2022-03-22T11:44:15
/home/airflow/.local/lib/python3.7/site-packages/airflow/example_dags/example_trigger_controller_dag.py                                    1           0  0.13s           2022-03-22T11:44:15
/home/airflow/.local/lib/python3.7/site-packages/airflow/example_dags/example_latest_only_with_trigger.py                                  1           0  0.17s           2022-03-22T11:44:15
/home/airflow/.local/lib/python3.7/site-packages/airflow/example_dags/example_trigger_target_dag.py                                        1           0  0.17s           2022-03-22T11:44:15
/home/airflow/.local/lib/python3.7/site-packages/airflow/example_dags/example_external_task_marker_dag.py                                  2           0  0.17s           2022-03-22T11:44:16
/home/airflow/.local/lib/python3.7/site-packages/airflow/example_dags/example_xcomargs.py                                                  2           0  0.50s           2022-03-22T11:44:17
/home/airflow/.local/lib/python3.7/site-packages/airflow/example_dags/example_subdag_operator.py                                           3           0  0.20s           2022-03-22T11:44:17
================================================================================
[2022-03-22 11:44:52,795] {manager.py:1065} INFO - Finding 'running' jobs without a recent heartbeat
[2022-03-22 11:44:52,796] {manager.py:1069} INFO - Failing jobs without heartbeat after 2022-03-22 11:39:52.796157+00:00
[2022-03-22 11:45:02,844] {manager.py:1065} INFO - Finding 'running' jobs without a recent heartbeat
[2022-03-22 11:45:02,844] {manager.py:1069} INFO - Failing jobs without heartbeat after 2022-03-22 11:40:02.844836+00:00
[2022-03-22 11:45:12,889] {manager.py:1065} INFO - Finding 'running' jobs without a recent heartbeat
[2022-03-22 11:45:12,890] {manager.py:1069} INFO - Failing jobs without heartbeat after 2022-03-22 11:40:12.890328+00:00
[2022-03-22 11:45:12,941] {manager.py:784} INFO - 
================================================================================
DAG File Processing Stats

File Path                                                                                                           PID  Runtime      # DAGs    # Errors  Last Runtime    Last Run
----------------------------------------------------------------------------------------------------------------  -----  ---------  --------  ----------  --------------  -------------------
/home/airflow/.local/lib/python3.7/site-packages/airflow/example_dags/subdags/subdag.py                                                    0           0  0.05s           2022-03-22T11:44:47
/home/airflow/.local/lib/python3.7/site-packages/airflow/example_dags/plugins/workday.py                                                   0           0  0.05s           2022-03-22T11:44:47
/home/airflow/.local/lib/python3.7/site-packages/airflow/example_dags/example_passing_params_via_test_command.py    201  0.02s             1           0  0.19s           2022-03-22T11:44:42
/home/airflow/.local/lib/python3.7/site-packages/airflow/example_dags/example_short_circuit_operator.py             202  0.01s             1           0  0.16s           2022-03-22T11:44:42
/home/airflow/.local/lib/python3.7/site-packages/airflow/example_dags/example_xcom.py                                                      1           0  0.55s           2022-03-22T11:44:44
/home/airflow/.local/lib/python3.7/site-packages/airflow/example_dags/example_kubernetes_executor.py                                       1           0  0.22s           2022-03-22T11:44:42
/home/airflow/.local/lib/python3.7/site-packages/airflow/example_dags/example_branch_labels.py                                             1           0  0.20s           2022-03-22T11:44:42
/home/airflow/.local/lib/python3.7/site-packages/airflow/example_dags/example_dag_decorator.py                                             1           0  0.56s           2022-03-22T11:44:44
/home/airflow/.local/lib/python3.7/site-packages/airflow/example_dags/example_task_group.py                                                1           0  0.14s           2022-03-22T11:44:44
/home/airflow/.local/lib/python3.7/site-packages/airflow/example_dags/example_complex.py                                                   1           0  0.16s           2022-03-22T11:44:44
/home/airflow/.local/lib/python3.7/site-packages/airflow/example_dags/tutorial_etl_dag.py                                                  1           0  0.14s           2022-03-22T11:44:44
/home/airflow/.local/lib/python3.7/site-packages/airflow/example_dags/example_skip_dag.py                                                  1           0  0.12s           2022-03-22T11:44:44
/home/airflow/.local/lib/python3.7/site-packages/airflow/example_dags/tutorial_taskflow_api_etl.py                                         1           0  0.51s           2022-03-22T11:44:45
/home/airflow/.local/lib/python3.7/site-packages/airflow/example_dags/tutorial.py                                                          1           0  0.12s           2022-03-22T11:44:44
/home/airflow/.local/lib/python3.7/site-packages/airflow/example_dags/example_branch_day_of_week_operator.py                               1           0  0.14s           2022-03-22T11:44:44
/home/airflow/.local/lib/python3.7/site-packages/airflow/example_dags/example_latest_only.py                                               1           0  0.13s           2022-03-22T11:44:45
/home/airflow/.local/lib/python3.7/site-packages/airflow/example_dags/example_python_operator.py                                           1           0  0.14s           2022-03-22T11:44:45
/home/airflow/.local/lib/python3.7/site-packages/airflow/example_dags/example_sla_dag.py                                                   1           0  0.16s           2022-03-22T11:44:45
/home/airflow/.local/lib/python3.7/site-packages/airflow/example_dags/tutorial_taskflow_api_etl_virtualenv.py                              1           0  0.49s           2022-03-22T11:44:45
/home/airflow/.local/lib/python3.7/site-packages/airflow/example_dags/example_branch_operator.py                                           1           0  0.14s           2022-03-22T11:44:45
/home/airflow/.local/lib/python3.7/site-packages/airflow/example_dags/example_nested_branch_dag.py                                         1           0  0.15s           2022-03-22T11:44:45
/home/airflow/.local/lib/python3.7/site-packages/airflow/example_dags/example_time_delta_sensor_async.py                                   1           0  0.13s           2022-03-22T11:44:45
/home/airflow/.local/lib/python3.7/site-packages/airflow/example_dags/example_bash_operator.py                                             1           0  0.14s           2022-03-22T11:44:45
/home/airflow/.local/lib/python3.7/site-packages/airflow/example_dags/example_branch_datetime_operator.py                                  1           0  0.13s           2022-03-22T11:44:45
/home/airflow/.local/lib/python3.7/site-packages/airflow/example_dags/example_task_group_decorator.py                                      1           0  0.55s           2022-03-22T11:44:46
/home/airflow/.local/lib/python3.7/site-packages/airflow/example_dags/example_branch_python_dop_operator_3.py                              1           0  0.15s           2022-03-22T11:44:46
/home/airflow/.local/lib/python3.7/site-packages/airflow/example_dags/example_trigger_controller_dag.py                                    1           0  0.14s           2022-03-22T11:44:46
/home/airflow/.local/lib/python3.7/site-packages/airflow/example_dags/example_latest_only_with_trigger.py                                  1           0  0.13s           2022-03-22T11:44:46
/home/airflow/.local/lib/python3.7/site-packages/airflow/example_dags/example_trigger_target_dag.py                                        1           0  0.22s           2022-03-22T11:44:46
/home/airflow/.local/lib/python3.7/site-packages/airflow/example_dags/example_external_task_marker_dag.py                                  2           0  0.26s           2022-03-22T11:44:46
/home/airflow/.local/lib/python3.7/site-packages/airflow/example_dags/example_xcomargs.py                                                  2           0  0.48s           2022-03-22T11:44:47
/home/airflow/.local/lib/python3.7/site-packages/airflow/example_dags/example_subdag_operator.py                                           3           0  0.18s           2022-03-22T11:44:47
================================================================================
[2022-03-22 11:45:23,640] {manager.py:1065} INFO - Finding 'running' jobs without a recent heartbeat
[2022-03-22 11:45:23,641] {manager.py:1069} INFO - Failing jobs without heartbeat after 2022-03-22 11:40:23.641531+00:00
[2022-03-22 11:45:33,699] {manager.py:1065} INFO - Finding 'running' jobs without a recent heartbeat
[2022-03-22 11:45:33,699] {manager.py:1069} INFO - Failing jobs without heartbeat after 2022-03-22 11:40:33.699527+00:00
[2022-03-22 11:45:43,743] {manager.py:1065} INFO - Finding 'running' jobs without a recent heartbeat
[2022-03-22 11:45:43,744] {manager.py:1069} INFO - Failing jobs without heartbeat after 2022-03-22 11:40:43.744058+00:00
[2022-03-22 11:45:43,780] {manager.py:784} INFO - 
================================================================================
DAG File Processing Stats

File Path                                                                                                           PID  Runtime      # DAGs    # Errors  Last Runtime    Last Run
----------------------------------------------------------------------------------------------------------------  -----  ---------  --------  ----------  --------------  -------------------
/home/airflow/.local/lib/python3.7/site-packages/airflow/example_dags/subdags/subdag.py                                                    0           0  0.05s           2022-03-22T11:45:18
/home/airflow/.local/lib/python3.7/site-packages/airflow/example_dags/plugins/workday.py                                                   0           0  0.05s           2022-03-22T11:45:18
/home/airflow/.local/lib/python3.7/site-packages/airflow/example_dags/example_passing_params_via_test_command.py    252  0.01s             1           0  0.28s           2022-03-22T11:45:13
/home/airflow/.local/lib/python3.7/site-packages/airflow/example_dags/example_short_circuit_operator.py             253  0.01s             1           0  0.26s           2022-03-22T11:45:13
/home/airflow/.local/lib/python3.7/site-packages/airflow/example_dags/example_xcom.py                                                      1           0  0.44s           2022-03-22T11:45:14
/home/airflow/.local/lib/python3.7/site-packages/airflow/example_dags/example_kubernetes_executor.py                                       1           0  0.17s           2022-03-22T11:45:13
/home/airflow/.local/lib/python3.7/site-packages/airflow/example_dags/example_branch_labels.py                                             1           0  0.16s           2022-03-22T11:45:13
/home/airflow/.local/lib/python3.7/site-packages/airflow/example_dags/example_dag_decorator.py                                             1           0  0.48s           2022-03-22T11:45:15
/home/airflow/.local/lib/python3.7/site-packages/airflow/example_dags/example_task_group.py                                                1           0  0.17s           2022-03-22T11:45:14
/home/airflow/.local/lib/python3.7/site-packages/airflow/example_dags/example_complex.py                                                   1           0  0.15s           2022-03-22T11:45:15
/home/airflow/.local/lib/python3.7/site-packages/airflow/example_dags/tutorial_etl_dag.py                                                  1           0  0.12s           2022-03-22T11:45:15
/home/airflow/.local/lib/python3.7/site-packages/airflow/example_dags/example_skip_dag.py                                                  1           0  0.11s           2022-03-22T11:45:15
/home/airflow/.local/lib/python3.7/site-packages/airflow/example_dags/tutorial_taskflow_api_etl.py                                         1           0  0.51s           2022-03-22T11:45:15
/home/airflow/.local/lib/python3.7/site-packages/airflow/example_dags/tutorial.py                                                          1           0  0.13s           2022-03-22T11:45:15
/home/airflow/.local/lib/python3.7/site-packages/airflow/example_dags/example_branch_day_of_week_operator.py                               1           0  0.14s           2022-03-22T11:45:15
/home/airflow/.local/lib/python3.7/site-packages/airflow/example_dags/example_latest_only.py                                               1           0  0.13s           2022-03-22T11:45:15
/home/airflow/.local/lib/python3.7/site-packages/airflow/example_dags/example_python_operator.py                                           1           0  0.16s           2022-03-22T11:45:15
/home/airflow/.local/lib/python3.7/site-packages/airflow/example_dags/example_sla_dag.py                                                   1           0  0.15s           2022-03-22T11:45:15
/home/airflow/.local/lib/python3.7/site-packages/airflow/example_dags/tutorial_taskflow_api_etl_virtualenv.py                              1           0  0.54s           2022-03-22T11:45:16
/home/airflow/.local/lib/python3.7/site-packages/airflow/example_dags/example_branch_operator.py                                           1           0  0.15s           2022-03-22T11:45:16
/home/airflow/.local/lib/python3.7/site-packages/airflow/example_dags/example_nested_branch_dag.py                                         1           0  0.15s           2022-03-22T11:45:16
/home/airflow/.local/lib/python3.7/site-packages/airflow/example_dags/example_time_delta_sensor_async.py                                   1           0  0.12s           2022-03-22T11:45:16
/home/airflow/.local/lib/python3.7/site-packages/airflow/example_dags/example_bash_operator.py                                             1           0  0.16s           2022-03-22T11:45:16
/home/airflow/.local/lib/python3.7/site-packages/airflow/example_dags/example_branch_datetime_operator.py                                  1           0  0.17s           2022-03-22T11:45:16
/home/airflow/.local/lib/python3.7/site-packages/airflow/example_dags/example_task_group_decorator.py                                      1           0  0.59s           2022-03-22T11:45:17
/home/airflow/.local/lib/python3.7/site-packages/airflow/example_dags/example_branch_python_dop_operator_3.py                              1           0  0.23s           2022-03-22T11:45:16
/home/airflow/.local/lib/python3.7/site-packages/airflow/example_dags/example_trigger_controller_dag.py                                    1           0  0.15s           2022-03-22T11:45:17
/home/airflow/.local/lib/python3.7/site-packages/airflow/example_dags/example_latest_only_with_trigger.py                                  1           0  0.13s           2022-03-22T11:45:17
/home/airflow/.local/lib/python3.7/site-packages/airflow/example_dags/example_trigger_target_dag.py                                        1           0  0.21s           2022-03-22T11:45:17
/home/airflow/.local/lib/python3.7/site-packages/airflow/example_dags/example_external_task_marker_dag.py                                  2           0  0.30s           2022-03-22T11:45:17
/home/airflow/.local/lib/python3.7/site-packages/airflow/example_dags/example_xcomargs.py                                                  2           0  0.50s           2022-03-22T11:45:18
/home/airflow/.local/lib/python3.7/site-packages/airflow/example_dags/example_subdag_operator.py                                           3           0  0.18s           2022-03-22T11:45:18
================================================================================
[2022-03-22 11:45:54,246] {manager.py:1065} INFO - Finding 'running' jobs without a recent heartbeat
[2022-03-22 11:45:54,247] {manager.py:1069} INFO - Failing jobs without heartbeat after 2022-03-22 11:40:54.246967+00:00
[2022-03-22 11:46:04,305] {manager.py:1065} INFO - Finding 'running' jobs without a recent heartbeat
[2022-03-22 11:46:04,305] {manager.py:1069} INFO - Failing jobs without heartbeat after 2022-03-22 11:41:04.305857+00:00
[2022-03-22 11:46:14,353] {manager.py:1065} INFO - Finding 'running' jobs without a recent heartbeat
[2022-03-22 11:46:14,354] {manager.py:1069} INFO - Failing jobs without heartbeat after 2022-03-22 11:41:14.354428+00:00
[2022-03-22 11:46:14,408] {manager.py:784} INFO - 
================================================================================
DAG File Processing Stats

File Path                                                                                                           PID  Runtime      # DAGs    # Errors  Last Runtime    Last Run
----------------------------------------------------------------------------------------------------------------  -----  ---------  --------  ----------  --------------  -------------------
/home/airflow/.local/lib/python3.7/site-packages/airflow/example_dags/subdags/subdag.py                                                    0           0  0.05s           2022-03-22T11:45:49
/home/airflow/.local/lib/python3.7/site-packages/airflow/example_dags/plugins/workday.py                                                   0           0  0.06s           2022-03-22T11:45:49
/home/airflow/.local/lib/python3.7/site-packages/airflow/example_dags/example_passing_params_via_test_command.py    303  0.01s             1           0  0.18s           2022-03-22T11:45:43
/home/airflow/.local/lib/python3.7/site-packages/airflow/example_dags/example_short_circuit_operator.py             304  0.01s             1           0  0.15s           2022-03-22T11:45:43
/home/airflow/.local/lib/python3.7/site-packages/airflow/example_dags/example_xcom.py                                                      1           0  0.47s           2022-03-22T11:45:45
/home/airflow/.local/lib/python3.7/site-packages/airflow/example_dags/example_kubernetes_executor.py                                       1           0  0.16s           2022-03-22T11:45:44
/home/airflow/.local/lib/python3.7/site-packages/airflow/example_dags/example_branch_labels.py                                             1           0  0.15s           2022-03-22T11:45:44
/home/airflow/.local/lib/python3.7/site-packages/airflow/example_dags/example_dag_decorator.py                                             1           0  0.52s           2022-03-22T11:45:46
/home/airflow/.local/lib/python3.7/site-packages/airflow/example_dags/example_task_group.py                                                1           0  0.15s           2022-03-22T11:45:45
/home/airflow/.local/lib/python3.7/site-packages/airflow/example_dags/example_complex.py                                                   1           0  0.16s           2022-03-22T11:45:45
/home/airflow/.local/lib/python3.7/site-packages/airflow/example_dags/tutorial_etl_dag.py                                                  1           0  0.14s           2022-03-22T11:45:45
/home/airflow/.local/lib/python3.7/site-packages/airflow/example_dags/example_skip_dag.py                                                  1           0  0.14s           2022-03-22T11:45:45
/home/airflow/.local/lib/python3.7/site-packages/airflow/example_dags/tutorial_taskflow_api_etl.py                                         1           0  0.56s           2022-03-22T11:45:46
/home/airflow/.local/lib/python3.7/site-packages/airflow/example_dags/tutorial.py                                                          1           0  0.13s           2022-03-22T11:45:45
/home/airflow/.local/lib/python3.7/site-packages/airflow/example_dags/example_branch_day_of_week_operator.py                               1           0  0.15s           2022-03-22T11:45:45
/home/airflow/.local/lib/python3.7/site-packages/airflow/example_dags/example_latest_only.py                                               1           0  0.15s           2022-03-22T11:45:46
/home/airflow/.local/lib/python3.7/site-packages/airflow/example_dags/example_python_operator.py                                           1           0  0.15s           2022-03-22T11:45:46
/home/airflow/.local/lib/python3.7/site-packages/airflow/example_dags/example_sla_dag.py                                                   1           0  0.15s           2022-03-22T11:45:46
/home/airflow/.local/lib/python3.7/site-packages/airflow/example_dags/tutorial_taskflow_api_etl_virtualenv.py                              1           0  0.59s           2022-03-22T11:45:47
/home/airflow/.local/lib/python3.7/site-packages/airflow/example_dags/example_branch_operator.py                                           1           0  0.15s           2022-03-22T11:45:46
/home/airflow/.local/lib/python3.7/site-packages/airflow/example_dags/example_nested_branch_dag.py                                         1           0  0.15s           2022-03-22T11:45:46
/home/airflow/.local/lib/python3.7/site-packages/airflow/example_dags/example_time_delta_sensor_async.py                                   1           0  0.14s           2022-03-22T11:45:46
/home/airflow/.local/lib/python3.7/site-packages/airflow/example_dags/example_bash_operator.py                                             1           0  0.15s           2022-03-22T11:45:46
/home/airflow/.local/lib/python3.7/site-packages/airflow/example_dags/example_branch_datetime_operator.py                                  1           0  0.20s           2022-03-22T11:45:47
/home/airflow/.local/lib/python3.7/site-packages/airflow/example_dags/example_task_group_decorator.py                                      1           0  0.59s           2022-03-22T11:45:47
/home/airflow/.local/lib/python3.7/site-packages/airflow/example_dags/example_branch_python_dop_operator_3.py                              1           0  0.17s           2022-03-22T11:45:47
/home/airflow/.local/lib/python3.7/site-packages/airflow/example_dags/example_trigger_controller_dag.py                                    1           0  0.15s           2022-03-22T11:45:47
/home/airflow/.local/lib/python3.7/site-packages/airflow/example_dags/example_latest_only_with_trigger.py                                  1           0  0.16s           2022-03-22T11:45:47
/home/airflow/.local/lib/python3.7/site-packages/airflow/example_dags/example_trigger_target_dag.py                                        1           0  0.18s           2022-03-22T11:45:47
/home/airflow/.local/lib/python3.7/site-packages/airflow/example_dags/example_external_task_marker_dag.py                                  2           0  0.22s           2022-03-22T11:45:48
/home/airflow/.local/lib/python3.7/site-packages/airflow/example_dags/example_xcomargs.py                                                  2           0  0.45s           2022-03-22T11:45:49
/home/airflow/.local/lib/python3.7/site-packages/airflow/example_dags/example_subdag_operator.py                                           3           0  0.15s           2022-03-22T11:45:49
================================================================================
[2022-03-22 11:46:25,007] {manager.py:1065} INFO - Finding 'running' jobs without a recent heartbeat
[2022-03-22 11:46:25,007] {manager.py:1069} INFO - Failing jobs without heartbeat after 2022-03-22 11:41:25.007774+00:00
[2022-03-22 11:46:35,061] {manager.py:1065} INFO - Finding 'running' jobs without a recent heartbeat
[2022-03-22 11:46:35,062] {manager.py:1069} INFO - Failing jobs without heartbeat after 2022-03-22 11:41:35.062031+00:00
[2022-03-22 11:46:45,109] {manager.py:1065} INFO - Finding 'running' jobs without a recent heartbeat
[2022-03-22 11:46:45,109] {manager.py:1069} INFO - Failing jobs without heartbeat after 2022-03-22 11:41:45.109839+00:00
[2022-03-22 11:46:45,148] {manager.py:784} INFO - 
================================================================================
DAG File Processing Stats

File Path                                                                                                           PID  Runtime      # DAGs    # Errors  Last Runtime    Last Run
----------------------------------------------------------------------------------------------------------------  -----  ---------  --------  ----------  --------------  -------------------
/home/airflow/.local/lib/python3.7/site-packages/airflow/example_dags/subdags/subdag.py                                                    0           0  0.06s           2022-03-22T11:46:19
/home/airflow/.local/lib/python3.7/site-packages/airflow/example_dags/plugins/workday.py                                                   0           0  0.05s           2022-03-22T11:46:19
/home/airflow/.local/lib/python3.7/site-packages/airflow/example_dags/example_passing_params_via_test_command.py    355  0.01s             1           0  0.20s           2022-03-22T11:46:14
/home/airflow/.local/lib/python3.7/site-packages/airflow/example_dags/example_short_circuit_operator.py             356  0.00s             1           0  0.16s           2022-03-22T11:46:14
/home/airflow/.local/lib/python3.7/site-packages/airflow/example_dags/example_xcom.py                                                      1           0  0.53s           2022-03-22T11:46:16
/home/airflow/.local/lib/python3.7/site-packages/airflow/example_dags/example_kubernetes_executor.py                                       1           0  0.17s           2022-03-22T11:46:14
/home/airflow/.local/lib/python3.7/site-packages/airflow/example_dags/example_branch_labels.py                                             1           0  0.16s           2022-03-22T11:46:14
/home/airflow/.local/lib/python3.7/site-packages/airflow/example_dags/example_dag_decorator.py                                             1           0  0.57s           2022-03-22T11:46:16
/home/airflow/.local/lib/python3.7/site-packages/airflow/example_dags/example_task_group.py                                                1           0  0.14s           2022-03-22T11:46:15
/home/airflow/.local/lib/python3.7/site-packages/airflow/example_dags/example_complex.py                                                   1           0  0.15s           2022-03-22T11:46:16
/home/airflow/.local/lib/python3.7/site-packages/airflow/example_dags/tutorial_etl_dag.py                                                  1           0  0.15s           2022-03-22T11:46:16
/home/airflow/.local/lib/python3.7/site-packages/airflow/example_dags/example_skip_dag.py                                                  1           0  0.15s           2022-03-22T11:46:16
/home/airflow/.local/lib/python3.7/site-packages/airflow/example_dags/tutorial_taskflow_api_etl.py                                         1           0  0.49s           2022-03-22T11:46:17
/home/airflow/.local/lib/python3.7/site-packages/airflow/example_dags/tutorial.py                                                          1           0  0.17s           2022-03-22T11:46:16
/home/airflow/.local/lib/python3.7/site-packages/airflow/example_dags/example_branch_day_of_week_operator.py                               1           0  0.15s           2022-03-22T11:46:16
/home/airflow/.local/lib/python3.7/site-packages/airflow/example_dags/example_latest_only.py                                               1           0  0.11s           2022-03-22T11:46:16
/home/airflow/.local/lib/python3.7/site-packages/airflow/example_dags/example_python_operator.py                                           1           0  0.12s           2022-03-22T11:46:16
/home/airflow/.local/lib/python3.7/site-packages/airflow/example_dags/example_sla_dag.py                                                   1           0  0.14s           2022-03-22T11:46:17
/home/airflow/.local/lib/python3.7/site-packages/airflow/example_dags/tutorial_taskflow_api_etl_virtualenv.py                              1           0  0.49s           2022-03-22T11:46:18
/home/airflow/.local/lib/python3.7/site-packages/airflow/example_dags/example_branch_operator.py                                           1           0  0.16s           2022-03-22T11:46:17
/home/airflow/.local/lib/python3.7/site-packages/airflow/example_dags/example_nested_branch_dag.py                                         1           0  0.13s           2022-03-22T11:46:17
/home/airflow/.local/lib/python3.7/site-packages/airflow/example_dags/example_time_delta_sensor_async.py                                   1           0  0.11s           2022-03-22T11:46:17
/home/airflow/.local/lib/python3.7/site-packages/airflow/example_dags/example_bash_operator.py                                             1           0  0.15s           2022-03-22T11:46:17
/home/airflow/.local/lib/python3.7/site-packages/airflow/example_dags/example_branch_datetime_operator.py                                  1           0  0.13s           2022-03-22T11:46:17
/home/airflow/.local/lib/python3.7/site-packages/airflow/example_dags/example_task_group_decorator.py                                      1           0  0.62s           2022-03-22T11:46:18
/home/airflow/.local/lib/python3.7/site-packages/airflow/example_dags/example_branch_python_dop_operator_3.py                              1           0  0.22s           2022-03-22T11:46:18
/home/airflow/.local/lib/python3.7/site-packages/airflow/example_dags/example_trigger_controller_dag.py                                    1           0  0.14s           2022-03-22T11:46:18
/home/airflow/.local/lib/python3.7/site-packages/airflow/example_dags/example_latest_only_with_trigger.py                                  1           0  0.15s           2022-03-22T11:46:18
/home/airflow/.local/lib/python3.7/site-packages/airflow/example_dags/example_trigger_target_dag.py                                        1           0  0.15s           2022-03-22T11:46:18
/home/airflow/.local/lib/python3.7/site-packages/airflow/example_dags/example_external_task_marker_dag.py                                  2           0  0.12s           2022-03-22T11:46:18
/home/airflow/.local/lib/python3.7/site-packages/airflow/example_dags/example_xcomargs.py                                                  2           0  0.49s           2022-03-22T11:46:20
/home/airflow/.local/lib/python3.7/site-packages/airflow/example_dags/example_subdag_operator.py                                           3           0  0.18s           2022-03-22T11:46:19
================================================================================
[2022-03-22 11:46:55,740] {manager.py:1065} INFO - Finding 'running' jobs without a recent heartbeat
[2022-03-22 11:46:55,741] {manager.py:1069} INFO - Failing jobs without heartbeat after 2022-03-22 11:41:55.741585+00:00
[2022-03-22 11:47:05,799] {manager.py:1065} INFO - Finding 'running' jobs without a recent heartbeat
[2022-03-22 11:47:05,799] {manager.py:1069} INFO - Failing jobs without heartbeat after 2022-03-22 11:42:05.799612+00:00
[2022-03-22 11:47:15,848] {manager.py:1065} INFO - Finding 'running' jobs without a recent heartbeat
[2022-03-22 11:47:15,848] {manager.py:1069} INFO - Failing jobs without heartbeat after 2022-03-22 11:42:15.848566+00:00
[2022-03-22 11:47:15,894] {manager.py:784} INFO - 
================================================================================
DAG File Processing Stats

File Path                                                                                                           PID  Runtime      # DAGs    # Errors  Last Runtime    Last Run
----------------------------------------------------------------------------------------------------------------  -----  ---------  --------  ----------  --------------  -------------------
/home/airflow/.local/lib/python3.7/site-packages/airflow/example_dags/subdags/subdag.py                                                    0           0  0.05s           2022-03-22T11:46:50
/home/airflow/.local/lib/python3.7/site-packages/airflow/example_dags/plugins/workday.py                                                   0           0  0.05s           2022-03-22T11:46:50
/home/airflow/.local/lib/python3.7/site-packages/airflow/example_dags/example_passing_params_via_test_command.py    408  0.01s             1           0  0.26s           2022-03-22T11:46:45
/home/airflow/.local/lib/python3.7/site-packages/airflow/example_dags/example_short_circuit_operator.py             409  0.01s             1           0  0.24s           2022-03-22T11:46:45
/home/airflow/.local/lib/python3.7/site-packages/airflow/example_dags/example_xcom.py                                                      1           0  0.57s           2022-03-22T11:46:47
/home/airflow/.local/lib/python3.7/site-packages/airflow/example_dags/example_kubernetes_executor.py                                       1           0  0.18s           2022-03-22T11:46:45
/home/airflow/.local/lib/python3.7/site-packages/airflow/example_dags/example_branch_labels.py                                             1           0  0.13s           2022-03-22T11:46:45
/home/airflow/.local/lib/python3.7/site-packages/airflow/example_dags/example_dag_decorator.py                                             1           0  0.55s           2022-03-22T11:46:47
/home/airflow/.local/lib/python3.7/site-packages/airflow/example_dags/example_task_group.py                                                1           0  0.16s           2022-03-22T11:46:46
/home/airflow/.local/lib/python3.7/site-packages/airflow/example_dags/example_complex.py                                                   1           0  0.16s           2022-03-22T11:46:46
/home/airflow/.local/lib/python3.7/site-packages/airflow/example_dags/tutorial_etl_dag.py                                                  1           0  0.13s           2022-03-22T11:46:47
/home/airflow/.local/lib/python3.7/site-packages/airflow/example_dags/example_skip_dag.py                                                  1           0  0.15s           2022-03-22T11:46:47
/home/airflow/.local/lib/python3.7/site-packages/airflow/example_dags/tutorial_taskflow_api_etl.py                                         1           0  0.57s           2022-03-22T11:46:48
/home/airflow/.local/lib/python3.7/site-packages/airflow/example_dags/tutorial.py                                                          1           0  0.14s           2022-03-22T11:46:47
/home/airflow/.local/lib/python3.7/site-packages/airflow/example_dags/example_branch_day_of_week_operator.py                               1           0  0.14s           2022-03-22T11:46:47
/home/airflow/.local/lib/python3.7/site-packages/airflow/example_dags/example_latest_only.py                                               1           0  0.14s           2022-03-22T11:46:47
/home/airflow/.local/lib/python3.7/site-packages/airflow/example_dags/example_python_operator.py                                           1           0  0.15s           2022-03-22T11:46:47
/home/airflow/.local/lib/python3.7/site-packages/airflow/example_dags/example_sla_dag.py                                                   1           0  0.19s           2022-03-22T11:46:47
/home/airflow/.local/lib/python3.7/site-packages/airflow/example_dags/tutorial_taskflow_api_etl_virtualenv.py                              1           0  0.52s           2022-03-22T11:46:48
/home/airflow/.local/lib/python3.7/site-packages/airflow/example_dags/example_branch_operator.py                                           1           0  0.26s           2022-03-22T11:46:48
/home/airflow/.local/lib/python3.7/site-packages/airflow/example_dags/example_nested_branch_dag.py                                         1           0  0.15s           2022-03-22T11:46:48
/home/airflow/.local/lib/python3.7/site-packages/airflow/example_dags/example_time_delta_sensor_async.py                                   1           0  0.13s           2022-03-22T11:46:48
/home/airflow/.local/lib/python3.7/site-packages/airflow/example_dags/example_bash_operator.py                                             1           0  0.15s           2022-03-22T11:46:48
/home/airflow/.local/lib/python3.7/site-packages/airflow/example_dags/example_branch_datetime_operator.py                                  1           0  0.13s           2022-03-22T11:46:48
/home/airflow/.local/lib/python3.7/site-packages/airflow/example_dags/example_task_group_decorator.py                                      1           0  0.57s           2022-03-22T11:46:49
/home/airflow/.local/lib/python3.7/site-packages/airflow/example_dags/example_branch_python_dop_operator_3.py                              1           0  0.14s           2022-03-22T11:46:48
/home/airflow/.local/lib/python3.7/site-packages/airflow/example_dags/example_trigger_controller_dag.py                                    1           0  0.15s           2022-03-22T11:46:48
/home/airflow/.local/lib/python3.7/site-packages/airflow/example_dags/example_latest_only_with_trigger.py                                  1           0  0.20s           2022-03-22T11:46:49
/home/airflow/.local/lib/python3.7/site-packages/airflow/example_dags/example_trigger_target_dag.py                                        1           0  0.15s           2022-03-22T11:46:49
/home/airflow/.local/lib/python3.7/site-packages/airflow/example_dags/example_external_task_marker_dag.py                                  2           0  0.14s           2022-03-22T11:46:49
/home/airflow/.local/lib/python3.7/site-packages/airflow/example_dags/example_xcomargs.py                                                  2           0  0.51s           2022-03-22T11:46:50
/home/airflow/.local/lib/python3.7/site-packages/airflow/example_dags/example_subdag_operator.py                                           3           0  0.20s           2022-03-22T11:46:50
================================================================================
[2022-03-22 11:47:26,502] {manager.py:1065} INFO - Finding 'running' jobs without a recent heartbeat
[2022-03-22 11:47:26,502] {manager.py:1069} INFO - Failing jobs without heartbeat after 2022-03-22 11:42:26.502879+00:00
[2022-03-22 11:47:36,563] {manager.py:1065} INFO - Finding 'running' jobs without a recent heartbeat
[2022-03-22 11:47:36,563] {manager.py:1069} INFO - Failing jobs without heartbeat after 2022-03-22 11:42:36.563927+00:00
[2022-03-22 11:47:46,612] {manager.py:1065} INFO - Finding 'running' jobs without a recent heartbeat
[2022-03-22 11:47:46,613] {manager.py:1069} INFO - Failing jobs without heartbeat after 2022-03-22 11:42:46.613162+00:00
[2022-03-22 11:47:46,658] {manager.py:784} INFO - 
================================================================================
DAG File Processing Stats

File Path                                                                                                           PID  Runtime      # DAGs    # Errors  Last Runtime    Last Run
----------------------------------------------------------------------------------------------------------------  -----  ---------  --------  ----------  --------------  -------------------
/home/airflow/.local/lib/python3.7/site-packages/airflow/example_dags/subdags/subdag.py                                                    0           0  0.06s           2022-03-22T11:47:21
/home/airflow/.local/lib/python3.7/site-packages/airflow/example_dags/plugins/workday.py                                                   0           0  0.05s           2022-03-22T11:47:21
/home/airflow/.local/lib/python3.7/site-packages/airflow/example_dags/example_passing_params_via_test_command.py    457  0.01s             1           0  0.19s           2022-03-22T11:47:16
/home/airflow/.local/lib/python3.7/site-packages/airflow/example_dags/example_short_circuit_operator.py             458  0.01s             1           0  0.17s           2022-03-22T11:47:16
/home/airflow/.local/lib/python3.7/site-packages/airflow/example_dags/example_xcom.py                                                      1           0  0.55s           2022-03-22T11:47:17
/home/airflow/.local/lib/python3.7/site-packages/airflow/example_dags/example_kubernetes_executor.py                                       1           0  0.16s           2022-03-22T11:47:16
/home/airflow/.local/lib/python3.7/site-packages/airflow/example_dags/example_branch_labels.py                                             1           0  0.15s           2022-03-22T11:47:16
/home/airflow/.local/lib/python3.7/site-packages/airflow/example_dags/example_dag_decorator.py                                             1           0  0.55s           2022-03-22T11:47:18
/home/airflow/.local/lib/python3.7/site-packages/airflow/example_dags/example_task_group.py                                                1           0  0.16s           2022-03-22T11:47:17
/home/airflow/.local/lib/python3.7/site-packages/airflow/example_dags/example_complex.py                                                   1           0  0.19s           2022-03-22T11:47:17
/home/airflow/.local/lib/python3.7/site-packages/airflow/example_dags/tutorial_etl_dag.py                                                  1           0  0.12s           2022-03-22T11:47:17
/home/airflow/.local/lib/python3.7/site-packages/airflow/example_dags/example_skip_dag.py                                                  1           0  0.12s           2022-03-22T11:47:17
/home/airflow/.local/lib/python3.7/site-packages/airflow/example_dags/tutorial_taskflow_api_etl.py                                         1           0  0.55s           2022-03-22T11:47:18
/home/airflow/.local/lib/python3.7/site-packages/airflow/example_dags/tutorial.py                                                          1           0  0.13s           2022-03-22T11:47:17
/home/airflow/.local/lib/python3.7/site-packages/airflow/example_dags/example_branch_day_of_week_operator.py                               1           0  0.13s           2022-03-22T11:47:17
/home/airflow/.local/lib/python3.7/site-packages/airflow/example_dags/example_latest_only.py                                               1           0  0.14s           2022-03-22T11:47:17
/home/airflow/.local/lib/python3.7/site-packages/airflow/example_dags/example_python_operator.py                                           1           0  0.15s           2022-03-22T11:47:18
/home/airflow/.local/lib/python3.7/site-packages/airflow/example_dags/example_sla_dag.py                                                   1           0  0.16s           2022-03-22T11:47:18
/home/airflow/.local/lib/python3.7/site-packages/airflow/example_dags/tutorial_taskflow_api_etl_virtualenv.py                              1           0  0.57s           2022-03-22T11:47:19
/home/airflow/.local/lib/python3.7/site-packages/airflow/example_dags/example_branch_operator.py                                           1           0  0.14s           2022-03-22T11:47:18
/home/airflow/.local/lib/python3.7/site-packages/airflow/example_dags/example_nested_branch_dag.py                                         1           0  0.14s           2022-03-22T11:47:18
/home/airflow/.local/lib/python3.7/site-packages/airflow/example_dags/example_time_delta_sensor_async.py                                   1           0  0.13s           2022-03-22T11:47:18
/home/airflow/.local/lib/python3.7/site-packages/airflow/example_dags/example_bash_operator.py                                             1           0  0.16s           2022-03-22T11:47:18
/home/airflow/.local/lib/python3.7/site-packages/airflow/example_dags/example_branch_datetime_operator.py                                  1           0  0.13s           2022-03-22T11:47:18
/home/airflow/.local/lib/python3.7/site-packages/airflow/example_dags/example_task_group_decorator.py                                      1           0  0.51s           2022-03-22T11:47:20
/home/airflow/.local/lib/python3.7/site-packages/airflow/example_dags/example_branch_python_dop_operator_3.py                              1           0  0.17s           2022-03-22T11:47:19
/home/airflow/.local/lib/python3.7/site-packages/airflow/example_dags/example_trigger_controller_dag.py                                    1           0  0.15s           2022-03-22T11:47:19
/home/airflow/.local/lib/python3.7/site-packages/airflow/example_dags/example_latest_only_with_trigger.py                                  1           0  0.13s           2022-03-22T11:47:19
/home/airflow/.local/lib/python3.7/site-packages/airflow/example_dags/example_trigger_target_dag.py                                        1           0  0.18s           2022-03-22T11:47:20
/home/airflow/.local/lib/python3.7/site-packages/airflow/example_dags/example_external_task_marker_dag.py                                  2           0  0.12s           2022-03-22T11:47:20
/home/airflow/.local/lib/python3.7/site-packages/airflow/example_dags/example_xcomargs.py                                                  2           0  0.56s           2022-03-22T11:47:21
/home/airflow/.local/lib/python3.7/site-packages/airflow/example_dags/example_subdag_operator.py                                           3           0  0.21s           2022-03-22T11:47:21
================================================================================
[2022-03-22 11:47:56,742] {manager.py:1065} INFO - Finding 'running' jobs without a recent heartbeat
[2022-03-22 11:47:56,742] {manager.py:1069} INFO - Failing jobs without heartbeat after 2022-03-22 11:42:56.742443+00:00
[2022-03-22 11:48:06,785] {manager.py:1065} INFO - Finding 'running' jobs without a recent heartbeat
[2022-03-22 11:48:06,785] {manager.py:1069} INFO - Failing jobs without heartbeat after 2022-03-22 11:43:06.785859+00:00
[2022-03-22 11:48:16,824] {manager.py:1065} INFO - Finding 'running' jobs without a recent heartbeat
[2022-03-22 11:48:16,825] {manager.py:1069} INFO - Failing jobs without heartbeat after 2022-03-22 11:43:16.825042+00:00
[2022-03-22 11:48:16,863] {manager.py:784} INFO - 
================================================================================
DAG File Processing Stats

File Path                                                                                                           PID  Runtime      # DAGs    # Errors  Last Runtime    Last Run
----------------------------------------------------------------------------------------------------------------  -----  ---------  --------  ----------  --------------  -------------------
/home/airflow/.local/lib/python3.7/site-packages/airflow/example_dags/subdags/subdag.py                                                    0           0  0.05s           2022-03-22T11:47:52
/home/airflow/.local/lib/python3.7/site-packages/airflow/example_dags/plugins/workday.py                                                   0           0  0.06s           2022-03-22T11:47:52
/home/airflow/.local/lib/python3.7/site-packages/airflow/example_dags/example_passing_params_via_test_command.py                           1           0  0.22s           2022-03-22T11:47:46
/home/airflow/.local/lib/python3.7/site-packages/airflow/example_dags/example_short_circuit_operator.py             508  0.01s             1           0  0.17s           2022-03-22T11:47:46
/home/airflow/.local/lib/python3.7/site-packages/airflow/example_dags/example_xcom.py                                                      1           0  0.54s           2022-03-22T11:47:48
/home/airflow/.local/lib/python3.7/site-packages/airflow/example_dags/example_kubernetes_executor.py                                       1           0  0.18s           2022-03-22T11:47:46
/home/airflow/.local/lib/python3.7/site-packages/airflow/example_dags/example_branch_labels.py                                             1           0  0.16s           2022-03-22T11:47:47
/home/airflow/.local/lib/python3.7/site-packages/airflow/example_dags/example_dag_decorator.py                                             1           0  0.54s           2022-03-22T11:47:49
/home/airflow/.local/lib/python3.7/site-packages/airflow/example_dags/example_task_group.py                                                1           0  0.16s           2022-03-22T11:47:48
/home/airflow/.local/lib/python3.7/site-packages/airflow/example_dags/example_complex.py                                                   1           0  0.18s           2022-03-22T11:47:48
/home/airflow/.local/lib/python3.7/site-packages/airflow/example_dags/tutorial_etl_dag.py                                                  1           0  0.11s           2022-03-22T11:47:48
/home/airflow/.local/lib/python3.7/site-packages/airflow/example_dags/example_skip_dag.py                                                  1           0  0.12s           2022-03-22T11:47:48
/home/airflow/.local/lib/python3.7/site-packages/airflow/example_dags/tutorial_taskflow_api_etl.py                                         1           0  0.52s           2022-03-22T11:47:49
/home/airflow/.local/lib/python3.7/site-packages/airflow/example_dags/tutorial.py                                                          1           0  0.14s           2022-03-22T11:47:48
/home/airflow/.local/lib/python3.7/site-packages/airflow/example_dags/example_branch_day_of_week_operator.py                               1           0  0.14s           2022-03-22T11:47:48
/home/airflow/.local/lib/python3.7/site-packages/airflow/example_dags/example_latest_only.py                                               1           0  0.14s           2022-03-22T11:47:48
/home/airflow/.local/lib/python3.7/site-packages/airflow/example_dags/example_python_operator.py                                           1           0  0.14s           2022-03-22T11:47:48
/home/airflow/.local/lib/python3.7/site-packages/airflow/example_dags/example_sla_dag.py                                                   1           0  0.16s           2022-03-22T11:47:49
/home/airflow/.local/lib/python3.7/site-packages/airflow/example_dags/tutorial_taskflow_api_etl_virtualenv.py                              1           0  0.54s           2022-03-22T11:47:50
/home/airflow/.local/lib/python3.7/site-packages/airflow/example_dags/example_branch_operator.py                                           1           0  0.16s           2022-03-22T11:47:49
/home/airflow/.local/lib/python3.7/site-packages/airflow/example_dags/example_nested_branch_dag.py                                         1           0  0.14s           2022-03-22T11:47:49
/home/airflow/.local/lib/python3.7/site-packages/airflow/example_dags/example_time_delta_sensor_async.py                                   1           0  0.13s           2022-03-22T11:47:49
/home/airflow/.local/lib/python3.7/site-packages/airflow/example_dags/example_bash_operator.py                                             1           0  0.24s           2022-03-22T11:47:50
/home/airflow/.local/lib/python3.7/site-packages/airflow/example_dags/example_branch_datetime_operator.py                                  1           0  0.23s           2022-03-22T11:47:50
/home/airflow/.local/lib/python3.7/site-packages/airflow/example_dags/example_task_group_decorator.py                                      1           0  0.53s           2022-03-22T11:47:50
/home/airflow/.local/lib/python3.7/site-packages/airflow/example_dags/example_branch_python_dop_operator_3.py                              1           0  0.16s           2022-03-22T11:47:50
/home/airflow/.local/lib/python3.7/site-packages/airflow/example_dags/example_trigger_controller_dag.py                                    1           0  0.12s           2022-03-22T11:47:50
/home/airflow/.local/lib/python3.7/site-packages/airflow/example_dags/example_latest_only_with_trigger.py                                  1           0  0.13s           2022-03-22T11:47:51
/home/airflow/.local/lib/python3.7/site-packages/airflow/example_dags/example_trigger_target_dag.py                                        1           0  0.14s           2022-03-22T11:47:51
/home/airflow/.local/lib/python3.7/site-packages/airflow/example_dags/example_external_task_marker_dag.py                                  2           0  0.13s           2022-03-22T11:47:51
/home/airflow/.local/lib/python3.7/site-packages/airflow/example_dags/example_xcomargs.py                                                  2           0  0.58s           2022-03-22T11:47:52
/home/airflow/.local/lib/python3.7/site-packages/airflow/example_dags/example_subdag_operator.py                                           3           0  0.19s           2022-03-22T11:47:52
================================================================================
[2022-03-22 11:48:27,404] {manager.py:1065} INFO - Finding 'running' jobs without a recent heartbeat
[2022-03-22 11:48:27,404] {manager.py:1069} INFO - Failing jobs without heartbeat after 2022-03-22 11:43:27.404955+00:00
[2022-03-22 11:48:37,452] {manager.py:1065} INFO - Finding 'running' jobs without a recent heartbeat
[2022-03-22 11:48:37,452] {manager.py:1069} INFO - Failing jobs without heartbeat after 2022-03-22 11:43:37.452630+00:00
[2022-03-22 11:48:41,479] {manager.py:663} INFO - Searching for files in /opt/airflow/dags
[2022-03-22 11:48:41,489] {manager.py:666} INFO - There are 32 files in /opt/airflow/dags
[2022-03-22 11:48:47,547] {manager.py:1065} INFO - Finding 'running' jobs without a recent heartbeat
[2022-03-22 11:48:47,547] {manager.py:1069} INFO - Failing jobs without heartbeat after 2022-03-22 11:43:47.547611+00:00
[2022-03-22 11:48:47,594] {manager.py:784} INFO - 
================================================================================
DAG File Processing Stats

File Path                                                                                                           PID  Runtime      # DAGs    # Errors  Last Runtime    Last Run
----------------------------------------------------------------------------------------------------------------  -----  ---------  --------  ----------  --------------  -------------------
/home/airflow/.local/lib/python3.7/site-packages/airflow/example_dags/subdags/subdag.py                                                    0           0  0.05s           2022-03-22T11:48:23
/home/airflow/.local/lib/python3.7/site-packages/airflow/example_dags/plugins/workday.py                                                   0           0  0.06s           2022-03-22T11:48:23
/home/airflow/.local/lib/python3.7/site-packages/airflow/example_dags/example_passing_params_via_test_command.py    560  0.01s             1           0  0.21s           2022-03-22T11:48:17
/home/airflow/.local/lib/python3.7/site-packages/airflow/example_dags/example_short_circuit_operator.py             561  0.01s             1           0  0.16s           2022-03-22T11:48:17
/home/airflow/.local/lib/python3.7/site-packages/airflow/example_dags/example_xcom.py                                                      1           0  0.46s           2022-03-22T11:48:19
/home/airflow/.local/lib/python3.7/site-packages/airflow/example_dags/example_kubernetes_executor.py                                       1           0  0.19s           2022-03-22T11:48:17
/home/airflow/.local/lib/python3.7/site-packages/airflow/example_dags/example_branch_labels.py                                             1           0  0.16s           2022-03-22T11:48:17
/home/airflow/.local/lib/python3.7/site-packages/airflow/example_dags/example_dag_decorator.py                                             1           0  0.53s           2022-03-22T11:48:19
/home/airflow/.local/lib/python3.7/site-packages/airflow/example_dags/example_task_group.py                                                1           0  0.14s           2022-03-22T11:48:18
/home/airflow/.local/lib/python3.7/site-packages/airflow/example_dags/example_complex.py                                                   1           0  0.16s           2022-03-22T11:48:18
/home/airflow/.local/lib/python3.7/site-packages/airflow/example_dags/tutorial_etl_dag.py                                                  1           0  0.17s           2022-03-22T11:48:18
/home/airflow/.local/lib/python3.7/site-packages/airflow/example_dags/example_skip_dag.py                                                  1           0  0.12s           2022-03-22T11:48:18
/home/airflow/.local/lib/python3.7/site-packages/airflow/example_dags/tutorial_taskflow_api_etl.py                                         1           0  0.50s           2022-03-22T11:48:21
/home/airflow/.local/lib/python3.7/site-packages/airflow/example_dags/tutorial.py                                                          1           0  0.12s           2022-03-22T11:48:18
/home/airflow/.local/lib/python3.7/site-packages/airflow/example_dags/example_branch_day_of_week_operator.py                               1           0  0.14s           2022-03-22T11:48:19
/home/airflow/.local/lib/python3.7/site-packages/airflow/example_dags/example_latest_only.py                                               1           0  0.13s           2022-03-22T11:48:19
/home/airflow/.local/lib/python3.7/site-packages/airflow/example_dags/example_python_operator.py                                           1           0  0.15s           2022-03-22T11:48:19
/home/airflow/.local/lib/python3.7/site-packages/airflow/example_dags/example_sla_dag.py                                                   1           0  0.15s           2022-03-22T11:48:19
/home/airflow/.local/lib/python3.7/site-packages/airflow/example_dags/tutorial_taskflow_api_etl_virtualenv.py                              1           0  0.58s           2022-03-22T11:48:21
/home/airflow/.local/lib/python3.7/site-packages/airflow/example_dags/example_branch_operator.py                                           1           0  0.16s           2022-03-22T11:48:19
/home/airflow/.local/lib/python3.7/site-packages/airflow/example_dags/example_nested_branch_dag.py                                         1           0  0.15s           2022-03-22T11:48:19
/home/airflow/.local/lib/python3.7/site-packages/airflow/example_dags/example_time_delta_sensor_async.py                                   1           0  0.14s           2022-03-22T11:48:19
/home/airflow/.local/lib/python3.7/site-packages/airflow/example_dags/example_bash_operator.py                                             1           0  0.15s           2022-03-22T11:48:21
/home/airflow/.local/lib/python3.7/site-packages/airflow/example_dags/example_branch_datetime_operator.py                                  1           0  0.12s           2022-03-22T11:48:21
/home/airflow/.local/lib/python3.7/site-packages/airflow/example_dags/example_task_group_decorator.py                                      1           0  0.54s           2022-03-22T11:48:21
/home/airflow/.local/lib/python3.7/site-packages/airflow/example_dags/example_branch_python_dop_operator_3.py                              1           0  0.14s           2022-03-22T11:48:21
/home/airflow/.local/lib/python3.7/site-packages/airflow/example_dags/example_trigger_controller_dag.py                                    1           0  0.14s           2022-03-22T11:48:21
/home/airflow/.local/lib/python3.7/site-packages/airflow/example_dags/example_latest_only_with_trigger.py                                  1           0  0.13s           2022-03-22T11:48:22
/home/airflow/.local/lib/python3.7/site-packages/airflow/example_dags/example_trigger_target_dag.py                                        1           0  0.13s           2022-03-22T11:48:22
/home/airflow/.local/lib/python3.7/site-packages/airflow/example_dags/example_external_task_marker_dag.py                                  2           0  0.12s           2022-03-22T11:48:22
/home/airflow/.local/lib/python3.7/site-packages/airflow/example_dags/example_xcomargs.py                                                  2           0  0.54s           2022-03-22T11:48:23
/home/airflow/.local/lib/python3.7/site-packages/airflow/example_dags/example_subdag_operator.py                                           3           0  0.18s           2022-03-22T11:48:23
================================================================================
[2022-03-22 11:48:58,150] {manager.py:1065} INFO - Finding 'running' jobs without a recent heartbeat
[2022-03-22 11:48:58,150] {manager.py:1069} INFO - Failing jobs without heartbeat after 2022-03-22 11:43:58.150472+00:00
[2022-03-22 11:49:08,199] {manager.py:1065} INFO - Finding 'running' jobs without a recent heartbeat
[2022-03-22 11:49:08,199] {manager.py:1069} INFO - Failing jobs without heartbeat after 2022-03-22 11:44:08.199318+00:00
